Log file open, 01/17/22 20:28:57
LogWindows: Failed to load 'aqProf.dll' (GetLastError=126)
LogWindows: File 'aqProf.dll' does not exist
LogWindows: Failed to load 'VtuneApi.dll' (GetLastError=126)
LogWindows: File 'VtuneApi.dll' does not exist
LogWindows: Failed to load 'VtuneApi32e.dll' (GetLastError=126)
LogWindows: File 'VtuneApi32e.dll' does not exist
LogConsoleResponse: Display: Failed to find resolution value strings in scalability ini. Falling back to default.
LogConsoleResponse: Display: Failed to find resolution value strings in scalability ini. Falling back to default.
LogInit: Display: Running engine for game: TGJProject
LogPlatformFile: Not using cached read wrapper
LogTaskGraph: Started task graph with 5 named threads and 35 total threads with 3 sets of task threads.
LogStats: Stats thread started at 0.200201
LogICUInternationalization: ICU TimeZone Detection - Raw Offset: +1:00, Platform Override: ''
LogInit: Display: Loading text-based GConfig....
LogPluginManager: Mounting plugin MeshPainting
LogPluginManager: Mounting plugin SideFX_Labs
LogPluginManager: Mounting plugin XGEController
LogPluginManager: Mounting plugin Paper2D
LogPluginManager: Mounting plugin AISupport
LogPluginManager: Mounting plugin EnvironmentQueryEditor
LogPluginManager: Mounting plugin LightPropagationVolume
LogPluginManager: Mounting plugin OodleData
LogPluginManager: Mounting plugin OodleNetwork
LogPluginManager: Mounting plugin Niagara
LogPluginManager: Mounting plugin CryptoKeys
LogPluginManager: Mounting plugin AssetManagerEditor
LogPluginManager: Mounting plugin DataValidation
LogPluginManager: Mounting plugin CurveEditorTools
LogPluginManager: Mounting plugin GameplayTagsEditor
LogPluginManager: Mounting plugin FacialAnimation
LogPluginManager: Mounting plugin GeometryMode
LogPluginManager: Mounting plugin MacGraphicsSwitching
LogPluginManager: Mounting plugin MobileLauncherProfileWizard
LogPluginManager: Mounting plugin MaterialAnalyzer
LogPluginManager: Mounting plugin PluginBrowser
LogPluginManager: Mounting plugin SpeedTreeImporter
LogPluginManager: Mounting plugin AlembicImporter
LogPluginManager: Mounting plugin AutomationUtils
LogPluginManager: Mounting plugin BackChannel
LogPluginManager: Mounting plugin ChaosCloth
LogPluginManager: Mounting plugin ChaosClothEditor
LogPluginManager: Mounting plugin ChaosSolverPlugin
LogPluginManager: Mounting plugin ChaosEditor
LogPluginManager: Mounting plugin CharacterAI
LogPluginManager: Mounting plugin GeometryCache
LogPluginManager: Mounting plugin GeometryCollectionPlugin
LogPluginManager: Mounting plugin GeometryProcessing
LogPluginManager: Mounting plugin ChaosNiagara
LogPluginManager: Mounting plugin AndroidMedia
LogPluginManager: Mounting plugin AvfMedia
LogPluginManager: Mounting plugin MotoSynth
LogPluginManager: Mounting plugin OpenImageDenoise
LogPluginManager: Mounting plugin LuminPlatformFeatures
LogPluginManager: Mounting plugin ImgMedia
LogPluginManager: Mounting plugin MagicLeap
LogPluginManager: Mounting plugin MediaCompositing
LogPluginManager: Mounting plugin PlanarCut
LogPluginManager: Mounting plugin MediaPlayerEditor
LogPluginManager: Mounting plugin MagicLeapLightEstimation
LogPluginManager: Mounting plugin PlatformCrypto
LogPluginManager: Mounting plugin ProxyLODPlugin
LogPluginManager: Mounting plugin WebMMedia
LogPluginManager: Mounting plugin WmfMedia
LogPluginManager: Mounting plugin PythonScriptPlugin
LogPluginManager: Mounting plugin SkeletalReduction
LogPluginManager: Mounting plugin MagicLeapMedia
LogPluginManager: Mounting plugin DatasmithContent
LogPluginManager: Mounting plugin MagicLeapPassableWorld
LogPluginManager: Mounting plugin MLSDK
LogPluginManager: Mounting plugin VariantManagerContent
LogPluginManager: Mounting plugin ActorSequence
LogPluginManager: Mounting plugin LevelSequenceEditor
LogPluginManager: Mounting plugin MatineeToLevelSequence
LogPluginManager: Mounting plugin TemplateSequence
LogPluginManager: Mounting plugin TcpMessaging
LogPluginManager: Mounting plugin UdpMessaging
LogPluginManager: Mounting plugin OnlineSubsystem
LogPluginManager: Mounting plugin OnlineSubsystemNull
LogPluginManager: Mounting plugin OnlineSubsystemUtils
LogPluginManager: Mounting plugin LauncherChunkInstaller
LogPluginManager: Mounting plugin ActorLayerUtilities
LogPluginManager: Mounting plugin AndroidDeviceProfileSelector
LogPluginManager: Mounting plugin AndroidMoviePlayer
LogPluginManager: Mounting plugin AndroidPermission
LogPluginManager: Mounting plugin AppleImageUtils
LogPluginManager: Mounting plugin AppleMoviePlayer
LogPluginManager: Mounting plugin ArchVisCharacter
LogPluginManager: Mounting plugin AssetTags
LogPluginManager: Mounting plugin AudioCapture
LogPluginManager: Mounting plugin AudioSynesthesia
LogPluginManager: Mounting plugin CableComponent
LogPluginManager: Mounting plugin ChunkDownloader
LogPluginManager: Mounting plugin CustomMeshComponent
LogPluginManager: Mounting plugin EditableMesh
LogPluginManager: Mounting plugin ExampleDeviceProfileSelector
LogPluginManager: Mounting plugin GoogleCloudMessaging
LogPluginManager: Mounting plugin GooglePAD
LogPluginManager: Mounting plugin IOSDeviceProfileSelector
LogPluginManager: Mounting plugin LinuxDeviceProfileSelector
LogPluginManager: Mounting plugin LocationServicesBPLibrary
LogPluginManager: Mounting plugin MobilePatchingUtils
LogPluginManager: Mounting plugin PostSplashScreen
LogPluginManager: Mounting plugin PhysXVehicles
LogPluginManager: Mounting plugin PropertyAccessEditor
LogPluginManager: Mounting plugin ProceduralMeshComponent
LogPluginManager: Mounting plugin RuntimePhysXCooking
LogPluginManager: Mounting plugin SignificanceManager
LogPluginManager: Mounting plugin SoundFields
LogPluginManager: Mounting plugin ScreenshotTools
LogPluginManager: Mounting plugin Synthesis
LogPluginManager: Mounting plugin WindowsMoviePlayer
LogPluginManager: Mounting plugin WebMMoviePlayer
LogPluginManager: Mounting plugin AnimationSharing
LogPluginManager: Mounting plugin CLionSourceCodeAccess
LogPluginManager: Mounting plugin CodeLiteSourceCodeAccess
LogPluginManager: Mounting plugin GitSourceControl
LogPluginManager: Mounting plugin PerforceSourceControl
LogPluginManager: Mounting plugin NullSourceCodeAccess
LogPluginManager: Mounting plugin PixWinPlugin
LogPluginManager: Mounting plugin PlasticSourceControl
LogPluginManager: Mounting plugin PropertyAccessNode
LogPluginManager: Mounting plugin PluginUtils
LogPluginManager: Mounting plugin RiderSourceCodeAccess
LogPluginManager: Mounting plugin SubversionSourceControl
LogPluginManager: Mounting plugin TextureFormatOodle
LogPluginManager: Mounting plugin UObjectPlugin
LogPluginManager: Mounting plugin KDevelopSourceCodeAccess
LogPluginManager: Mounting plugin VisualStudioCodeSourceCodeAccess
LogPluginManager: Mounting plugin VisualStudioSourceCodeAccess
LogPluginManager: Mounting plugin XCodeSourceCodeAccess
LogPluginManager: Mounting plugin CameraShakePreviewer
LogPluginManager: Mounting plugin GameplayCameras
LogPluginManager: Mounting plugin ContentBrowserAssetDataSource
LogPluginManager: Mounting plugin ContentBrowserClassDataSource
LogPluginManager: Mounting plugin ContentBrowserFileDataSource
LogPluginManager: Mounting plugin OnlineSubsystemIOS
LogPluginManager: Mounting plugin OnlineSubsystemGooglePlay
LogInit: Using libcurl 7.55.1-DEV
LogInit:  - built for x86_64-pc-win32
LogInit:  - supports SSL with OpenSSL/1.1.1
LogInit:  - supports HTTP deflate (compression) using libz 1.2.8
LogInit:  - other features:
LogInit:      CURL_VERSION_SSL
LogInit:      CURL_VERSION_LIBZ
LogInit:      CURL_VERSION_IPV6
LogInit:      CURL_VERSION_ASYNCHDNS
LogInit:      CURL_VERSION_LARGEFILE
LogInit:      CURL_VERSION_IDN
LogInit:  CurlRequestOptions (configurable via config and command line):
LogInit:  - bVerifyPeer = true  - Libcurl will verify peer certificate
LogInit:  - bUseHttpProxy = false  - Libcurl will NOT use HTTP proxy
LogInit:  - bDontReuseConnections = false  - Libcurl will reuse connections
LogInit:  - MaxHostConnections = 16  - Libcurl will limit the number of connections to a host
LogInit:  - LocalHostAddr = Default
LogInit:  - BufferSize = 65536
LogOnline: OSS: Creating online subsystem instance for: NULL
LogInit: WinSock: version 1.1 (2.2), MaxSocks=32767, MaxUdp=65467
LogOnline: OSS: TryLoadSubsystemAndSetDefault: Loaded subsystem for module [NULL]
PixWinPlugin: PIX capture plugin failed to initialize! Check that the process is launched from PIX.
LogInit: Build: ++UE4+Release-4.27-CL-18319896
LogInit: Engine Version: 4.27.2-18319896+++UE4+Release-4.27
LogInit: Compatible Engine Version: 4.27.0-17155196+++UE4+Release-4.27
LogInit: Net CL: 17155196
LogInit: OS: Windows 10 (Release 2004) (), CPU: Intel(R) Core(TM) i7-10750H CPU @ 2.60GHz, GPU: Intel(R) UHD Graphics
LogInit: Compiled (64-bit): Nov 30 2021 07:12:08
LogInit: Compiled with Visual C++: 19.24.28315.00
LogInit: Build Configuration: Development
LogInit: Branch Name: ++UE4+Release-4.27
LogInit: Command Line:  /Game/Draft/Maps/Testing -game -PIEVIACONSOLE -Multiprocess GameUserSettingsINI=D:/GameJam/Repo/TGJProject/TGJProject/Saved/Config/Windows/PIEGameUserSettings0.ini -MultiprocessSaveConfig -forcepassthrough -messaging -SessionName="Play in Standalone Game" -featureleveles31 -faketouches -MultiprocessSaveConfig -windowed -WinX=320 -WinY=210 SAVEWINPOS=1 -ResX=1300 -ResY=800
LogInit: Base Directory: C:/Program Files/Epic Games/UE_4.27/Engine/Binaries/Win64/
LogInit: Allocator: TBB
LogInit: Installed Engine Build: 1
LogDevObjectVersion: Number of dev versions registered: 29
LogDevObjectVersion:   Dev-Blueprints (B0D832E4-1F89-4F0D-ACCF-7EB736FD4AA2): 10
LogDevObjectVersion:   Dev-Build (E1C64328-A22C-4D53-A36C-8E866417BD8C): 0
LogDevObjectVersion:   Dev-Core (375EC13C-06E4-48FB-B500-84F0262A717E): 4
LogDevObjectVersion:   Dev-Editor (E4B068ED-F494-42E9-A231-DA0B2E46BB41): 40
LogDevObjectVersion:   Dev-Framework (CFFC743F-43B0-4480-9391-14DF171D2073): 37
LogDevObjectVersion:   Dev-Mobile (B02B49B5-BB20-44E9-A304-32B752E40360): 3
LogDevObjectVersion:   Dev-Networking (A4E4105C-59A1-49B5-A7C5-40C4547EDFEE): 0
LogDevObjectVersion:   Dev-Online (39C831C9-5AE6-47DC-9A44-9C173E1C8E7C): 0
LogDevObjectVersion:   Dev-Physics (78F01B33-EBEA-4F98-B9B4-84EACCB95AA2): 14
LogDevObjectVersion:   Dev-Platform (6631380F-2D4D-43E0-8009-CF276956A95A): 0
LogDevObjectVersion:   Dev-Rendering (12F88B9F-8875-4AFC-A67C-D90C383ABD29): 45
LogDevObjectVersion:   Dev-Sequencer (7B5AE74C-D270-4C10-A958-57980B212A5A): 13
LogDevObjectVersion:   Dev-VR (D7296918-1DD6-4BDD-9DE2-64A83CC13884): 3
LogDevObjectVersion:   Dev-LoadTimes (C2A15278-BFE7-4AFE-6C17-90FF531DF755): 1
LogDevObjectVersion:   Private-Geometry (6EACA3D4-40EC-4CC1-B786-8BED09428FC5): 3
LogDevObjectVersion:   Dev-AnimPhys (29E575DD-E0A3-4627-9D10-D276232CDCEA): 17
LogDevObjectVersion:   Dev-Anim (AF43A65D-7FD3-4947-9873-3E8ED9C1BB05): 15
LogDevObjectVersion:   Dev-ReflectionCapture (6B266CEC-1EC7-4B8F-A30B-E4D90942FC07): 1
LogDevObjectVersion:   Dev-Automation (0DF73D61-A23F-47EA-B727-89E90C41499A): 1
LogDevObjectVersion:   FortniteMain (601D1886-AC64-4F84-AA16-D3DE0DEAC7D6): 47
LogDevObjectVersion:   FortniteRelease (E7086368-6B23-4C58-8439-1B7016265E91): 1
LogDevObjectVersion:   Dev-Enterprise (9DFFBCD6-494F-0158-E221-12823C92A888): 10
LogDevObjectVersion:   Dev-Niagara (F2AED0AC-9AFE-416F-8664-AA7FFA26D6FC): 1
LogDevObjectVersion:   Dev-Destruction (174F1F0B-B4C6-45A5-B13F-2EE8D0FB917D): 10
LogDevObjectVersion:   Dev-Physics-Ext (35F94A83-E258-406C-A318-09F59610247C): 41
LogDevObjectVersion:   Dev-PhysicsMaterial-Chaos (B68FC16E-8B1B-42E2-B453-215C058844FE): 1
LogDevObjectVersion:   Dev-CineCamera (B2E18506-4273-CFC2-A54E-F4BB758BBA07): 1
LogDevObjectVersion:   Dev-VirtualProduction (64F58936-FD1B-42BA-BA96-7289D5D0FA4E): 1
LogDevObjectVersion:   Dev-MediaFramework (6F0ED827-A609-4895-9C91-998D90180EA4): 2
LogInit: Presizing for max 25165824 objects, including 0 objects not considered by GC, pre-allocating 0 bytes for permanent pool.
LogConfig: Applying CVar settings from Section [/Script/Engine.StreamingSettings] File [D:/GameJam/Repo/TGJProject/TGJProject/Saved/Config/Windows/Engine.ini]
LogConfig: Setting CVar [[s.MinBulkDataSizeForAsyncLoading:131072]]
LogConfig: Setting CVar [[s.AsyncLoadingThreadEnabled:0]]
LogConfig: Setting CVar [[s.EventDrivenLoaderEnabled:1]]
LogConfig: Setting CVar [[s.WarnIfTimeLimitExceeded:0]]
LogConfig: Setting CVar [[s.TimeLimitExceededMultiplier:1.5]]
LogConfig: Setting CVar [[s.TimeLimitExceededMinTime:0.005]]
LogConfig: Setting CVar [[s.UseBackgroundLevelStreaming:1]]
LogConfig: Setting CVar [[s.PriorityAsyncLoadingExtraTime:15.0]]
LogConfig: Setting CVar [[s.LevelStreamingActorsUpdateTimeLimit:5.0]]
LogConfig: Setting CVar [[s.PriorityLevelStreamingActorsUpdateExtraTime:5.0]]
LogConfig: Setting CVar [[s.LevelStreamingComponentsRegistrationGranularity:10]]
LogConfig: Setting CVar [[s.UnregisterComponentsTimeLimit:1.0]]
LogConfig: Setting CVar [[s.LevelStreamingComponentsUnregistrationGranularity:5]]
LogConfig: Setting CVar [[s.FlushStreamingOnExit:1]]
LogInit: Object subsystem initialized
LogConfig: Setting CVar [[con.DebugEarlyDefault:1]]
LogConfig: Setting CVar [[r.setres:1280x720]]
[2022.01.17-19.28.57:450][  0]LogConfig: Setting CVar [[con.DebugEarlyDefault:1]]
[2022.01.17-19.28.57:450][  0]LogConfig: Setting CVar [[r.setres:1280x720]]
[2022.01.17-19.28.57:450][  0]LogConfig: Applying CVar settings from Section [/Script/Engine.RendererSettings] File [D:/GameJam/Repo/TGJProject/TGJProject/Saved/Config/Windows/Engine.ini]
[2022.01.17-19.28.57:450][  0]LogConfig: Setting CVar [[r.GPUCrashDebugging:0]]
[2022.01.17-19.28.57:450][  0]LogConfig: Applying CVar settings from Section [/Script/Engine.RendererOverrideSettings] File [D:/GameJam/Repo/TGJProject/TGJProject/Saved/Config/Windows/Engine.ini]
[2022.01.17-19.28.57:450][  0]LogConfig: Applying CVar settings from Section [/Script/Engine.StreamingSettings] File [D:/GameJam/Repo/TGJProject/TGJProject/Saved/Config/Windows/Engine.ini]
[2022.01.17-19.28.57:450][  0]LogConfig: Setting CVar [[s.MinBulkDataSizeForAsyncLoading:131072]]
[2022.01.17-19.28.57:450][  0]LogConfig: Setting CVar [[s.AsyncLoadingThreadEnabled:0]]
[2022.01.17-19.28.57:450][  0]LogConfig: Setting CVar [[s.EventDrivenLoaderEnabled:1]]
[2022.01.17-19.28.57:450][  0]LogConfig: Setting CVar [[s.WarnIfTimeLimitExceeded:0]]
[2022.01.17-19.28.57:450][  0]LogConfig: Setting CVar [[s.TimeLimitExceededMultiplier:1.5]]
[2022.01.17-19.28.57:450][  0]LogConfig: Setting CVar [[s.TimeLimitExceededMinTime:0.005]]
[2022.01.17-19.28.57:450][  0]LogConfig: Setting CVar [[s.UseBackgroundLevelStreaming:1]]
[2022.01.17-19.28.57:450][  0]LogConfig: Setting CVar [[s.PriorityAsyncLoadingExtraTime:15.0]]
[2022.01.17-19.28.57:450][  0]LogConfig: Setting CVar [[s.LevelStreamingActorsUpdateTimeLimit:5.0]]
[2022.01.17-19.28.57:450][  0]LogConfig: Setting CVar [[s.PriorityLevelStreamingActorsUpdateExtraTime:5.0]]
[2022.01.17-19.28.57:450][  0]LogConfig: Setting CVar [[s.LevelStreamingComponentsRegistrationGranularity:10]]
[2022.01.17-19.28.57:450][  0]LogConfig: Setting CVar [[s.UnregisterComponentsTimeLimit:1.0]]
[2022.01.17-19.28.57:450][  0]LogConfig: Setting CVar [[s.LevelStreamingComponentsUnregistrationGranularity:5]]
[2022.01.17-19.28.57:450][  0]LogConfig: Setting CVar [[s.FlushStreamingOnExit:1]]
[2022.01.17-19.28.57:450][  0]LogConfig: Applying CVar settings from Section [/Script/Engine.GarbageCollectionSettings] File [D:/GameJam/Repo/TGJProject/TGJProject/Saved/Config/Windows/Engine.ini]
[2022.01.17-19.28.57:450][  0]LogConfig: Setting CVar [[gc.MaxObjectsNotConsideredByGC:1]]
[2022.01.17-19.28.57:450][  0]LogConfig: Setting CVar [[gc.SizeOfPermanentObjectPool:0]]
[2022.01.17-19.28.57:450][  0]LogConfig: Setting CVar [[gc.FlushStreamingOnGC:0]]
[2022.01.17-19.28.57:450][  0]LogConfig: Setting CVar [[gc.NumRetriesBeforeForcingGC:10]]
[2022.01.17-19.28.57:450][  0]LogConfig: Setting CVar [[gc.AllowParallelGC:1]]
[2022.01.17-19.28.57:450][  0]LogConfig: Setting CVar [[gc.TimeBetweenPurgingPendingKillObjects:61.1]]
[2022.01.17-19.28.57:450][  0]LogConfig: Setting CVar [[gc.MaxObjectsInEditor:25165824]]
[2022.01.17-19.28.57:450][  0]LogConfig: Setting CVar [[gc.IncrementalBeginDestroyEnabled:1]]
[2022.01.17-19.28.57:450][  0]LogConfig: Setting CVar [[gc.CreateGCClusters:1]]
[2022.01.17-19.28.57:450][  0]LogConfig: Setting CVar [[gc.MinGCClusterSize:5]]
[2022.01.17-19.28.57:450][  0]LogConfig: Setting CVar [[gc.ActorClusteringEnabled:0]]
[2022.01.17-19.28.57:451][  0]LogConfig: Setting CVar [[gc.BlueprintClusteringEnabled:0]]
[2022.01.17-19.28.57:451][  0]LogConfig: Setting CVar [[gc.UseDisregardForGCOnDedicatedServers:0]]
[2022.01.17-19.28.57:451][  0]LogConfig: Setting CVar [[gc.MultithreadedDestructionEnabled:1]]
[2022.01.17-19.28.57:451][  0]LogConfig: Applying CVar settings from Section [/Script/Engine.NetworkSettings] File [D:/GameJam/Repo/TGJProject/TGJProject/Saved/Config/Windows/Engine.ini]
[2022.01.17-19.28.57:451][  0]LogConfig: Applying CVar settings from Section [/Script/UnrealEd.CookerSettings] File [D:/GameJam/Repo/TGJProject/TGJProject/Saved/Config/Windows/Engine.ini]
[2022.01.17-19.28.57:458][  0]LogConfig: Applying CVar settings from Section [ViewDistanceQuality@3] File [D:/GameJam/Repo/TGJProject/TGJProject/Saved/Config/Windows/Scalability.ini]
[2022.01.17-19.28.57:458][  0]LogConfig: Setting CVar [[r.SkeletalMeshLODBias:0]]
[2022.01.17-19.28.57:458][  0]LogConfig: Setting CVar [[r.ViewDistanceScale:1.0]]
[2022.01.17-19.28.57:458][  0]LogConfig: Applying CVar settings from Section [AntiAliasingQuality@3] File [D:/GameJam/Repo/TGJProject/TGJProject/Saved/Config/Windows/Scalability.ini]
[2022.01.17-19.28.57:458][  0]LogConfig: Setting CVar [[r.PostProcessAAQuality:4]]
[2022.01.17-19.28.57:458][  0]LogConfig: Applying CVar settings from Section [ShadowQuality@3] File [D:/GameJam/Repo/TGJProject/TGJProject/Saved/Config/Windows/Scalability.ini]
[2022.01.17-19.28.57:458][  0]LogConfig: Setting CVar [[r.LightFunctionQuality:1]]
[2022.01.17-19.28.57:458][  0]LogConfig: Setting CVar [[r.ShadowQuality:5]]
[2022.01.17-19.28.57:458][  0]LogConfig: Setting CVar [[r.Shadow.CSM.MaxCascades:10]]
[2022.01.17-19.28.57:458][  0]LogConfig: Setting CVar [[r.Shadow.MaxResolution:2048]]
[2022.01.17-19.28.57:458][  0]LogConfig: Setting CVar [[r.Shadow.MaxCSMResolution:2048]]
[2022.01.17-19.28.57:458][  0]LogConfig: Setting CVar [[r.Shadow.RadiusThreshold:0.01]]
[2022.01.17-19.28.57:458][  0]LogConfig: Setting CVar [[r.Shadow.DistanceScale:1.0]]
[2022.01.17-19.28.57:458][  0]LogConfig: Setting CVar [[r.Shadow.CSM.TransitionScale:1.0]]
[2022.01.17-19.28.57:458][  0]LogConfig: Setting CVar [[r.Shadow.PreShadowResolutionFactor:1.0]]
[2022.01.17-19.28.57:458][  0]LogConfig: Setting CVar [[r.DistanceFieldShadowing:1]]
[2022.01.17-19.28.57:458][  0]LogConfig: Setting CVar [[r.DistanceFieldAO:1]]
[2022.01.17-19.28.57:458][  0]LogConfig: Setting CVar [[r.AOQuality:2]]
[2022.01.17-19.28.57:458][  0]LogConfig: Setting CVar [[r.VolumetricFog:1]]
[2022.01.17-19.28.57:458][  0]LogConfig: Setting CVar [[r.VolumetricFog.GridPixelSize:8]]
[2022.01.17-19.28.57:458][  0]LogConfig: Setting CVar [[r.VolumetricFog.GridSizeZ:128]]
[2022.01.17-19.28.57:458][  0]LogConfig: Setting CVar [[r.VolumetricFog.HistoryMissSupersampleCount:4]]
[2022.01.17-19.28.57:458][  0]LogConfig: Setting CVar [[r.LightMaxDrawDistanceScale:1]]
[2022.01.17-19.28.57:458][  0]LogConfig: Setting CVar [[r.CapsuleShadows:1]]
[2022.01.17-19.28.57:458][  0]LogConfig: Applying CVar settings from Section [PostProcessQuality@3] File [D:/GameJam/Repo/TGJProject/TGJProject/Saved/Config/Windows/Scalability.ini]
[2022.01.17-19.28.57:458][  0]LogConfig: Setting CVar [[r.MotionBlurQuality:4]]
[2022.01.17-19.28.57:458][  0]LogConfig: Setting CVar [[r.AmbientOcclusionMipLevelFactor:0.4]]
[2022.01.17-19.28.57:458][  0]LogConfig: Setting CVar [[r.AmbientOcclusionMaxQuality:100]]
[2022.01.17-19.28.57:458][  0]LogConfig: Setting CVar [[r.AmbientOcclusionLevels:-1]]
[2022.01.17-19.28.57:458][  0]LogConfig: Setting CVar [[r.AmbientOcclusionRadiusScale:1.0]]
[2022.01.17-19.28.57:458][  0]LogConfig: Setting CVar [[r.DepthOfFieldQuality:2]]
[2022.01.17-19.28.57:458][  0]LogConfig: Setting CVar [[r.RenderTargetPoolMin:400]]
[2022.01.17-19.28.57:458][  0]LogConfig: Setting CVar [[r.LensFlareQuality:2]]
[2022.01.17-19.28.57:458][  0]LogConfig: Setting CVar [[r.SceneColorFringeQuality:1]]
[2022.01.17-19.28.57:458][  0]LogConfig: Setting CVar [[r.EyeAdaptationQuality:2]]
[2022.01.17-19.28.57:458][  0]LogConfig: Setting CVar [[r.BloomQuality:5]]
[2022.01.17-19.28.57:458][  0]LogConfig: Setting CVar [[r.FastBlurThreshold:100]]
[2022.01.17-19.28.57:458][  0]LogConfig: Setting CVar [[r.Upscale.Quality:3]]
[2022.01.17-19.28.57:458][  0]LogConfig: Setting CVar [[r.Tonemapper.GrainQuantization:1]]
[2022.01.17-19.28.57:458][  0]LogConfig: Setting CVar [[r.LightShaftQuality:1]]
[2022.01.17-19.28.57:458][  0]LogConfig: Setting CVar [[r.Filter.SizeScale:1]]
[2022.01.17-19.28.57:458][  0]LogConfig: Setting CVar [[r.Tonemapper.Quality:5]]
[2022.01.17-19.28.57:458][  0]LogConfig: Setting CVar [[r.DOF.Gather.AccumulatorQuality:1        ; higher gathering accumulator quality]]
[2022.01.17-19.28.57:458][  0]LogConfig: Setting CVar [[r.DOF.Gather.PostfilterMethod:1          ; Median3x3 postfilering method]]
[2022.01.17-19.28.57:458][  0]LogConfig: Setting CVar [[r.DOF.Gather.EnableBokehSettings:0       ; no bokeh simulation when gathering]]
[2022.01.17-19.28.57:458][  0]LogConfig: Setting CVar [[r.DOF.Gather.RingCount:4                 ; medium number of samples when gathering]]
[2022.01.17-19.28.57:458][  0]LogConfig: Setting CVar [[r.DOF.Scatter.ForegroundCompositing:1    ; additive foreground scattering]]
[2022.01.17-19.28.57:458][  0]LogConfig: Setting CVar [[r.DOF.Scatter.BackgroundCompositing:2    ; additive background scattering]]
[2022.01.17-19.28.57:458][  0]LogConfig: Setting CVar [[r.DOF.Scatter.EnableBokehSettings:1      ; bokeh simulation when scattering]]
[2022.01.17-19.28.57:458][  0]LogConfig: Setting CVar [[r.DOF.Scatter.MaxSpriteRatio:0.1         ; only a maximum of 10% of scattered bokeh]]
[2022.01.17-19.28.57:458][  0]LogConfig: Setting CVar [[r.DOF.Recombine.Quality:1                ; cheap slight out of focus]]
[2022.01.17-19.28.57:458][  0]LogConfig: Setting CVar [[r.DOF.Recombine.EnableBokehSettings:0    ; no bokeh simulation on slight out of focus]]
[2022.01.17-19.28.57:458][  0]LogConfig: Setting CVar [[r.DOF.TemporalAAQuality:1                ; more stable temporal accumulation]]
[2022.01.17-19.28.57:458][  0]LogConfig: Setting CVar [[r.DOF.Kernel.MaxForegroundRadius:0.025]]
[2022.01.17-19.28.57:458][  0]LogConfig: Setting CVar [[r.DOF.Kernel.MaxBackgroundRadius:0.025]]
[2022.01.17-19.28.57:458][  0]LogConfig: Applying CVar settings from Section [TextureQuality@3] File [D:/GameJam/Repo/TGJProject/TGJProject/Saved/Config/Windows/Scalability.ini]
[2022.01.17-19.28.57:458][  0]LogConfig: Setting CVar [[r.Streaming.MipBias:0]]
[2022.01.17-19.28.57:458][  0]LogConfig: Setting CVar [[r.Streaming.AmortizeCPUToGPUCopy:0]]
[2022.01.17-19.28.57:458][  0]LogConfig: Setting CVar [[r.Streaming.MaxNumTexturesToStreamPerFrame:0]]
[2022.01.17-19.28.57:458][  0]LogConfig: Setting CVar [[r.Streaming.Boost:1]]
[2022.01.17-19.28.57:458][  0]LogConfig: Setting CVar [[r.MaxAnisotropy:8]]
[2022.01.17-19.28.57:458][  0]LogConfig: Setting CVar [[r.VT.MaxAnisotropy:8]]
[2022.01.17-19.28.57:458][  0]LogConfig: Setting CVar [[r.Streaming.LimitPoolSizeToVRAM:0]]
[2022.01.17-19.28.57:458][  0]LogConfig: Setting CVar [[r.Streaming.PoolSize:1000]]
[2022.01.17-19.28.57:458][  0]LogConfig: Setting CVar [[r.Streaming.MaxEffectiveScreenSize:0]]
[2022.01.17-19.28.57:458][  0]LogConfig: Applying CVar settings from Section [EffectsQuality@3] File [D:/GameJam/Repo/TGJProject/TGJProject/Saved/Config/Windows/Scalability.ini]
[2022.01.17-19.28.57:458][  0]LogConfig: Setting CVar [[r.TranslucencyLightingVolumeDim:64]]
[2022.01.17-19.28.57:458][  0]LogConfig: Setting CVar [[r.RefractionQuality:2]]
[2022.01.17-19.28.57:458][  0]LogConfig: Setting CVar [[r.SSR.Quality:3]]
[2022.01.17-19.28.57:458][  0]LogConfig: Setting CVar [[r.SSR.HalfResSceneColor:0]]
[2022.01.17-19.28.57:458][  0]LogConfig: Setting CVar [[r.SceneColorFormat:4]]
[2022.01.17-19.28.57:458][  0]LogConfig: Setting CVar [[r.DetailMode:2]]
[2022.01.17-19.28.57:458][  0]LogConfig: Setting CVar [[r.TranslucencyVolumeBlur:1]]
[2022.01.17-19.28.57:458][  0]LogConfig: Setting CVar [[r.MaterialQualityLevel:1 ; High quality]]
[2022.01.17-19.28.57:458][  0]LogConfig: Setting CVar [[r.AnisotropicMaterials:1]]
[2022.01.17-19.28.57:458][  0]LogConfig: Setting CVar [[r.SSS.Scale:1]]
[2022.01.17-19.28.57:458][  0]LogConfig: Setting CVar [[r.SSS.SampleSet:2]]
[2022.01.17-19.28.57:458][  0]LogConfig: Setting CVar [[r.SSS.Quality:1]]
[2022.01.17-19.28.57:458][  0]LogConfig: Setting CVar [[r.SSS.HalfRes:0]]
[2022.01.17-19.28.57:458][  0]LogConfig: Setting CVar [[r.SSGI.Quality:3]]
[2022.01.17-19.28.57:458][  0]LogConfig: Setting CVar [[r.EmitterSpawnRateScale:1.0]]
[2022.01.17-19.28.57:458][  0]LogConfig: Setting CVar [[r.ParticleLightQuality:2]]
[2022.01.17-19.28.57:458][  0]LogConfig: Setting CVar [[r.SkyAtmosphere.AerialPerspectiveLUT.FastApplyOnOpaque:1 ; Always have FastSkyLUT 1 in this case to avoid wrong sky]]
[2022.01.17-19.28.57:459][  0]LogConfig: Setting CVar [[r.SkyAtmosphere.AerialPerspectiveLUT.SampleCountMaxPerSlice:4]]
[2022.01.17-19.28.57:459][  0]LogConfig: Setting CVar [[r.SkyAtmosphere.AerialPerspectiveLUT.DepthResolution:16.0]]
[2022.01.17-19.28.57:459][  0]LogConfig: Setting CVar [[r.SkyAtmosphere.FastSkyLUT:1]]
[2022.01.17-19.28.57:459][  0]LogConfig: Setting CVar [[r.SkyAtmosphere.FastSkyLUT.SampleCountMin:4.0]]
[2022.01.17-19.28.57:459][  0]LogConfig: Setting CVar [[r.SkyAtmosphere.FastSkyLUT.SampleCountMax:128.0]]
[2022.01.17-19.28.57:459][  0]LogConfig: Setting CVar [[r.SkyAtmosphere.SampleCountMin:4.0]]
[2022.01.17-19.28.57:459][  0]LogConfig: Setting CVar [[r.SkyAtmosphere.SampleCountMax:128.0]]
[2022.01.17-19.28.57:459][  0]LogConfig: Setting CVar [[r.SkyAtmosphere.TransmittanceLUT.UseSmallFormat:0]]
[2022.01.17-19.28.57:459][  0]LogConfig: Setting CVar [[r.SkyAtmosphere.TransmittanceLUT.SampleCount:10.0]]
[2022.01.17-19.28.57:459][  0]LogConfig: Setting CVar [[r.SkyAtmosphere.MultiScatteringLUT.SampleCount:15.0]]
[2022.01.17-19.28.57:459][  0]LogConfig: Setting CVar [[r.SkyLight.RealTimeReflectionCapture:1]]
[2022.01.17-19.28.57:459][  0]LogConfig: Applying CVar settings from Section [FoliageQuality@3] File [D:/GameJam/Repo/TGJProject/TGJProject/Saved/Config/Windows/Scalability.ini]
[2022.01.17-19.28.57:459][  0]LogConfig: Setting CVar [[foliage.DensityScale:1.0]]
[2022.01.17-19.28.57:459][  0]LogConfig: Setting CVar [[grass.DensityScale:1.0]]
[2022.01.17-19.28.57:459][  0]LogConfig: Applying CVar settings from Section [ShadingQuality@3] File [D:/GameJam/Repo/TGJProject/TGJProject/Saved/Config/Windows/Scalability.ini]
[2022.01.17-19.28.57:459][  0]LogConfig: Setting CVar [[r.HairStrands.SkyLighting.IntegrationType:2]]
[2022.01.17-19.28.57:459][  0]LogConfig: Setting CVar [[r.HairStrands.SkyAO.SampleCount:4]]
[2022.01.17-19.28.57:459][  0]LogConfig: Setting CVar [[r.HairStrands.Visibility.MSAA.SamplePerPixel:4]]
[2022.01.17-19.28.57:459][  0]LogInit: Selected Device Profile: [Windows]
[2022.01.17-19.28.57:459][  0]LogInit: Applying CVar settings loaded from the selected device profile: [Windows]
[2022.01.17-19.28.57:459][  0]LogHAL: Display: Platform has ~ 32 GB [34182582272 / 34359738368 / 32], which maps to Largest [LargestMinGB=32, LargerMinGB=12, DefaultMinGB=8, SmallerMinGB=6, SmallestMinGB=0)
[2022.01.17-19.28.57:459][  0]LogInit: Going up to parent DeviceProfile []
[2022.01.17-19.28.57:459][  0]LogConfig: Applying CVar settings from Section [ViewDistanceQuality@3] File [D:/GameJam/Repo/TGJProject/TGJProject/Saved/Config/Windows/Scalability.ini]
[2022.01.17-19.28.57:459][  0]LogConfig: Setting CVar [[r.SkeletalMeshLODBias:0]]
[2022.01.17-19.28.57:459][  0]LogConfig: Setting CVar [[r.ViewDistanceScale:1.0]]
[2022.01.17-19.28.57:459][  0]LogConfig: Applying CVar settings from Section [AntiAliasingQuality@3] File [D:/GameJam/Repo/TGJProject/TGJProject/Saved/Config/Windows/Scalability.ini]
[2022.01.17-19.28.57:459][  0]LogConfig: Setting CVar [[r.PostProcessAAQuality:4]]
[2022.01.17-19.28.57:459][  0]LogConfig: Applying CVar settings from Section [ShadowQuality@3] File [D:/GameJam/Repo/TGJProject/TGJProject/Saved/Config/Windows/Scalability.ini]
[2022.01.17-19.28.57:459][  0]LogConfig: Setting CVar [[r.LightFunctionQuality:1]]
[2022.01.17-19.28.57:459][  0]LogConfig: Setting CVar [[r.ShadowQuality:5]]
[2022.01.17-19.28.57:459][  0]LogConfig: Setting CVar [[r.Shadow.CSM.MaxCascades:10]]
[2022.01.17-19.28.57:459][  0]LogConfig: Setting CVar [[r.Shadow.MaxResolution:2048]]
[2022.01.17-19.28.57:459][  0]LogConfig: Setting CVar [[r.Shadow.MaxCSMResolution:2048]]
[2022.01.17-19.28.57:459][  0]LogConfig: Setting CVar [[r.Shadow.RadiusThreshold:0.01]]
[2022.01.17-19.28.57:459][  0]LogConfig: Setting CVar [[r.Shadow.DistanceScale:1.0]]
[2022.01.17-19.28.57:459][  0]LogConfig: Setting CVar [[r.Shadow.CSM.TransitionScale:1.0]]
[2022.01.17-19.28.57:459][  0]LogConfig: Setting CVar [[r.Shadow.PreShadowResolutionFactor:1.0]]
[2022.01.17-19.28.57:459][  0]LogConfig: Setting CVar [[r.DistanceFieldShadowing:1]]
[2022.01.17-19.28.57:459][  0]LogConfig: Setting CVar [[r.DistanceFieldAO:1]]
[2022.01.17-19.28.57:459][  0]LogConfig: Setting CVar [[r.AOQuality:2]]
[2022.01.17-19.28.57:459][  0]LogConfig: Setting CVar [[r.VolumetricFog:1]]
[2022.01.17-19.28.57:459][  0]LogConfig: Setting CVar [[r.VolumetricFog.GridPixelSize:8]]
[2022.01.17-19.28.57:459][  0]LogConfig: Setting CVar [[r.VolumetricFog.GridSizeZ:128]]
[2022.01.17-19.28.57:459][  0]LogConfig: Setting CVar [[r.VolumetricFog.HistoryMissSupersampleCount:4]]
[2022.01.17-19.28.57:459][  0]LogConfig: Setting CVar [[r.LightMaxDrawDistanceScale:1]]
[2022.01.17-19.28.57:459][  0]LogConfig: Setting CVar [[r.CapsuleShadows:1]]
[2022.01.17-19.28.57:459][  0]LogConfig: Applying CVar settings from Section [PostProcessQuality@3] File [D:/GameJam/Repo/TGJProject/TGJProject/Saved/Config/Windows/Scalability.ini]
[2022.01.17-19.28.57:459][  0]LogConfig: Setting CVar [[r.MotionBlurQuality:4]]
[2022.01.17-19.28.57:459][  0]LogConfig: Setting CVar [[r.AmbientOcclusionMipLevelFactor:0.4]]
[2022.01.17-19.28.57:459][  0]LogConfig: Setting CVar [[r.AmbientOcclusionMaxQuality:100]]
[2022.01.17-19.28.57:459][  0]LogConfig: Setting CVar [[r.AmbientOcclusionLevels:-1]]
[2022.01.17-19.28.57:459][  0]LogConfig: Setting CVar [[r.AmbientOcclusionRadiusScale:1.0]]
[2022.01.17-19.28.57:459][  0]LogConfig: Setting CVar [[r.DepthOfFieldQuality:2]]
[2022.01.17-19.28.57:459][  0]LogConfig: Setting CVar [[r.RenderTargetPoolMin:400]]
[2022.01.17-19.28.57:459][  0]LogConfig: Setting CVar [[r.LensFlareQuality:2]]
[2022.01.17-19.28.57:459][  0]LogConfig: Setting CVar [[r.SceneColorFringeQuality:1]]
[2022.01.17-19.28.57:459][  0]LogConfig: Setting CVar [[r.EyeAdaptationQuality:2]]
[2022.01.17-19.28.57:459][  0]LogConfig: Setting CVar [[r.BloomQuality:5]]
[2022.01.17-19.28.57:459][  0]LogConfig: Setting CVar [[r.FastBlurThreshold:100]]
[2022.01.17-19.28.57:459][  0]LogConfig: Setting CVar [[r.Upscale.Quality:3]]
[2022.01.17-19.28.57:459][  0]LogConfig: Setting CVar [[r.Tonemapper.GrainQuantization:1]]
[2022.01.17-19.28.57:459][  0]LogConfig: Setting CVar [[r.LightShaftQuality:1]]
[2022.01.17-19.28.57:459][  0]LogConfig: Setting CVar [[r.Filter.SizeScale:1]]
[2022.01.17-19.28.57:459][  0]LogConfig: Setting CVar [[r.Tonemapper.Quality:5]]
[2022.01.17-19.28.57:459][  0]LogConfig: Setting CVar [[r.DOF.Gather.AccumulatorQuality:1        ; higher gathering accumulator quality]]
[2022.01.17-19.28.57:459][  0]LogConfig: Setting CVar [[r.DOF.Gather.PostfilterMethod:1          ; Median3x3 postfilering method]]
[2022.01.17-19.28.57:459][  0]LogConfig: Setting CVar [[r.DOF.Gather.EnableBokehSettings:0       ; no bokeh simulation when gathering]]
[2022.01.17-19.28.57:459][  0]LogConfig: Setting CVar [[r.DOF.Gather.RingCount:4                 ; medium number of samples when gathering]]
[2022.01.17-19.28.57:459][  0]LogConfig: Setting CVar [[r.DOF.Scatter.ForegroundCompositing:1    ; additive foreground scattering]]
[2022.01.17-19.28.57:459][  0]LogConfig: Setting CVar [[r.DOF.Scatter.BackgroundCompositing:2    ; additive background scattering]]
[2022.01.17-19.28.57:459][  0]LogConfig: Setting CVar [[r.DOF.Scatter.EnableBokehSettings:1      ; bokeh simulation when scattering]]
[2022.01.17-19.28.57:459][  0]LogConfig: Setting CVar [[r.DOF.Scatter.MaxSpriteRatio:0.1         ; only a maximum of 10% of scattered bokeh]]
[2022.01.17-19.28.57:459][  0]LogConfig: Setting CVar [[r.DOF.Recombine.Quality:1                ; cheap slight out of focus]]
[2022.01.17-19.28.57:459][  0]LogConfig: Setting CVar [[r.DOF.Recombine.EnableBokehSettings:0    ; no bokeh simulation on slight out of focus]]
[2022.01.17-19.28.57:459][  0]LogConfig: Setting CVar [[r.DOF.TemporalAAQuality:1                ; more stable temporal accumulation]]
[2022.01.17-19.28.57:459][  0]LogConfig: Setting CVar [[r.DOF.Kernel.MaxForegroundRadius:0.025]]
[2022.01.17-19.28.57:459][  0]LogConfig: Setting CVar [[r.DOF.Kernel.MaxBackgroundRadius:0.025]]
[2022.01.17-19.28.57:459][  0]LogConfig: Applying CVar settings from Section [TextureQuality@3] File [D:/GameJam/Repo/TGJProject/TGJProject/Saved/Config/Windows/Scalability.ini]
[2022.01.17-19.28.57:459][  0]LogConfig: Setting CVar [[r.Streaming.MipBias:0]]
[2022.01.17-19.28.57:459][  0]LogConfig: Setting CVar [[r.Streaming.AmortizeCPUToGPUCopy:0]]
[2022.01.17-19.28.57:459][  0]LogConfig: Setting CVar [[r.Streaming.MaxNumTexturesToStreamPerFrame:0]]
[2022.01.17-19.28.57:459][  0]LogConfig: Setting CVar [[r.Streaming.Boost:1]]
[2022.01.17-19.28.57:459][  0]LogConfig: Setting CVar [[r.MaxAnisotropy:8]]
[2022.01.17-19.28.57:459][  0]LogConfig: Setting CVar [[r.VT.MaxAnisotropy:8]]
[2022.01.17-19.28.57:459][  0]LogConfig: Setting CVar [[r.Streaming.LimitPoolSizeToVRAM:0]]
[2022.01.17-19.28.57:459][  0]LogConfig: Setting CVar [[r.Streaming.PoolSize:1000]]
[2022.01.17-19.28.57:459][  0]LogConfig: Setting CVar [[r.Streaming.MaxEffectiveScreenSize:0]]
[2022.01.17-19.28.57:459][  0]LogConfig: Applying CVar settings from Section [EffectsQuality@3] File [D:/GameJam/Repo/TGJProject/TGJProject/Saved/Config/Windows/Scalability.ini]
[2022.01.17-19.28.57:459][  0]LogConfig: Setting CVar [[r.TranslucencyLightingVolumeDim:64]]
[2022.01.17-19.28.57:459][  0]LogConfig: Setting CVar [[r.RefractionQuality:2]]
[2022.01.17-19.28.57:459][  0]LogConfig: Setting CVar [[r.SSR.Quality:3]]
[2022.01.17-19.28.57:459][  0]LogConfig: Setting CVar [[r.SSR.HalfResSceneColor:0]]
[2022.01.17-19.28.57:459][  0]LogConfig: Setting CVar [[r.SceneColorFormat:4]]
[2022.01.17-19.28.57:459][  0]LogConfig: Setting CVar [[r.DetailMode:2]]
[2022.01.17-19.28.57:459][  0]LogConfig: Setting CVar [[r.TranslucencyVolumeBlur:1]]
[2022.01.17-19.28.57:459][  0]LogConfig: Setting CVar [[r.MaterialQualityLevel:1 ; High quality]]
[2022.01.17-19.28.57:459][  0]LogConfig: Setting CVar [[r.AnisotropicMaterials:1]]
[2022.01.17-19.28.57:459][  0]LogConfig: Setting CVar [[r.SSS.Scale:1]]
[2022.01.17-19.28.57:459][  0]LogConfig: Setting CVar [[r.SSS.SampleSet:2]]
[2022.01.17-19.28.57:459][  0]LogConfig: Setting CVar [[r.SSS.Quality:1]]
[2022.01.17-19.28.57:460][  0]LogConfig: Setting CVar [[r.SSS.HalfRes:0]]
[2022.01.17-19.28.57:460][  0]LogConfig: Setting CVar [[r.SSGI.Quality:3]]
[2022.01.17-19.28.57:460][  0]LogConfig: Setting CVar [[r.EmitterSpawnRateScale:1.0]]
[2022.01.17-19.28.57:460][  0]LogConfig: Setting CVar [[r.ParticleLightQuality:2]]
[2022.01.17-19.28.57:460][  0]LogConfig: Setting CVar [[r.SkyAtmosphere.AerialPerspectiveLUT.FastApplyOnOpaque:1 ; Always have FastSkyLUT 1 in this case to avoid wrong sky]]
[2022.01.17-19.28.57:460][  0]LogConfig: Setting CVar [[r.SkyAtmosphere.AerialPerspectiveLUT.SampleCountMaxPerSlice:4]]
[2022.01.17-19.28.57:460][  0]LogConfig: Setting CVar [[r.SkyAtmosphere.AerialPerspectiveLUT.DepthResolution:16.0]]
[2022.01.17-19.28.57:460][  0]LogConfig: Setting CVar [[r.SkyAtmosphere.FastSkyLUT:1]]
[2022.01.17-19.28.57:460][  0]LogConfig: Setting CVar [[r.SkyAtmosphere.FastSkyLUT.SampleCountMin:4.0]]
[2022.01.17-19.28.57:460][  0]LogConfig: Setting CVar [[r.SkyAtmosphere.FastSkyLUT.SampleCountMax:128.0]]
[2022.01.17-19.28.57:460][  0]LogConfig: Setting CVar [[r.SkyAtmosphere.SampleCountMin:4.0]]
[2022.01.17-19.28.57:460][  0]LogConfig: Setting CVar [[r.SkyAtmosphere.SampleCountMax:128.0]]
[2022.01.17-19.28.57:460][  0]LogConfig: Setting CVar [[r.SkyAtmosphere.TransmittanceLUT.UseSmallFormat:0]]
[2022.01.17-19.28.57:460][  0]LogConfig: Setting CVar [[r.SkyAtmosphere.TransmittanceLUT.SampleCount:10.0]]
[2022.01.17-19.28.57:460][  0]LogConfig: Setting CVar [[r.SkyAtmosphere.MultiScatteringLUT.SampleCount:15.0]]
[2022.01.17-19.28.57:460][  0]LogConfig: Setting CVar [[r.SkyLight.RealTimeReflectionCapture:1]]
[2022.01.17-19.28.57:460][  0]LogConfig: Applying CVar settings from Section [FoliageQuality@3] File [D:/GameJam/Repo/TGJProject/TGJProject/Saved/Config/Windows/Scalability.ini]
[2022.01.17-19.28.57:460][  0]LogConfig: Setting CVar [[foliage.DensityScale:1.0]]
[2022.01.17-19.28.57:460][  0]LogConfig: Setting CVar [[grass.DensityScale:1.0]]
[2022.01.17-19.28.57:460][  0]LogConfig: Applying CVar settings from Section [ShadingQuality@3] File [D:/GameJam/Repo/TGJProject/TGJProject/Saved/Config/Windows/Scalability.ini]
[2022.01.17-19.28.57:460][  0]LogConfig: Setting CVar [[r.HairStrands.SkyLighting.IntegrationType:2]]
[2022.01.17-19.28.57:460][  0]LogConfig: Setting CVar [[r.HairStrands.SkyAO.SampleCount:4]]
[2022.01.17-19.28.57:460][  0]LogConfig: Setting CVar [[r.HairStrands.Visibility.MSAA.SamplePerPixel:4]]
[2022.01.17-19.28.57:460][  0]LogConfig: Applying CVar settings from Section [Startup] File [../../../Engine/Config/ConsoleVariables.ini]
[2022.01.17-19.28.57:460][  0]LogConfig: Setting CVar [[net.UseAdaptiveNetUpdateFrequency:0]]
[2022.01.17-19.28.57:460][  0]LogConfig: Setting CVar [[p.chaos.AllowCreatePhysxBodies:1]]
[2022.01.17-19.28.57:460][  0]LogConfig: Setting CVar [[fx.SkipVectorVMBackendOptimizations:1]]
[2022.01.17-19.28.57:460][  0]LogConfig: Applying CVar settings from Section [ConsoleVariables] File [D:/GameJam/Repo/TGJProject/TGJProject/Saved/Config/Windows/Engine.ini]
[2022.01.17-19.28.57:460][  0]LogConfig: Applying CVar settings from Section [ConsoleVariables] File [D:/GameJam/Repo/TGJProject/TGJProject/Saved/Config/Windows/Editor.ini]
[2022.01.17-19.28.57:460][  0]LogInit: Computer: LAPTOP-AJAU5VDR
[2022.01.17-19.28.57:460][  0]LogInit: User: CailleauxMaxime
[2022.01.17-19.28.57:460][  0]LogInit: CPU Page size=4096, Cores=6
[2022.01.17-19.28.57:460][  0]LogInit: High frequency timer resolution =10.000000 MHz
[2022.01.17-19.28.57:460][  0]LogMemory: Memory total: Physical=31.8GB (32GB approx)
[2022.01.17-19.28.57:460][  0]LogMemory: Platform Memory Stats for Windows
[2022.01.17-19.28.57:460][  0]LogMemory: Process Physical Memory: 141.89 MB used, 141.89 MB peak
[2022.01.17-19.28.57:460][  0]LogMemory: Process Virtual Memory: 120.78 MB used, 120.78 MB peak
[2022.01.17-19.28.57:460][  0]LogMemory: Physical Memory: 12525.05 MB used,  20074.00 MB free, 32599.05 MB total
[2022.01.17-19.28.57:460][  0]LogMemory: Virtual Memory: 134196264.00 MB used,  21463.45 MB free, 134217728.00 MB total
[2022.01.17-19.28.57:464][  0]LogWindows: WindowsPlatformFeatures enabled
[2022.01.17-19.28.57:494][  0]LogInit: Physics initialised using underlying interface: PhysX
[2022.01.17-19.28.57:494][  0]LogInit: Using OS detected language (fr-FR).
[2022.01.17-19.28.57:494][  0]LogInit: Using OS detected locale (fr-BE).
[2022.01.17-19.28.57:497][  0]LogTextLocalizationManager: No specific localization for 'fr-FR' exists, so the 'fr' localization will be used.
[2022.01.17-19.28.57:499][  0]LogTextLocalizationResource: LocRes '../../../Engine/Content/Localization/Editor/fr/Editor.locres' could not be opened for reading!
[2022.01.17-19.28.57:499][  0]LogTextLocalizationResource: LocRes '../../../Engine/Content/Localization/EditorTutorials/fr/EditorTutorials.locres' could not be opened for reading!
[2022.01.17-19.28.57:499][  0]LogTextLocalizationResource: LocRes '../../../Engine/Content/Localization/Keywords/fr/Keywords.locres' could not be opened for reading!
[2022.01.17-19.28.57:499][  0]LogTextLocalizationResource: LocRes '../../../Engine/Content/Localization/Category/fr/Category.locres' could not be opened for reading!
[2022.01.17-19.28.57:499][  0]LogTextLocalizationResource: LocRes '../../../Engine/Content/Localization/ToolTips/fr/ToolTips.locres' could not be opened for reading!
[2022.01.17-19.28.57:500][  0]LogTextLocalizationResource: LocRes '../../../Engine/Content/Localization/PropertyNames/fr/PropertyNames.locres' could not be opened for reading!
[2022.01.17-19.28.57:500][  0]LogTextLocalizationResource: LocRes '../../../Engine/Content/Localization/Engine/fr/Engine.locres' could not be opened for reading!
[2022.01.17-19.28.57:507][  0]LogWindowsTextInputMethodSystem: Display: IME system deactivated.
[2022.01.17-19.28.57:524][  0]LogSlate: New Slate User Created.  User Index 0, Is Virtual User: 0
[2022.01.17-19.28.57:524][  0]LogSlate: Slate User Registered.  User Index 0, Is Virtual User: 0
[2022.01.17-19.28.57:538][  0]LogD3D11RHI: Loaded GFSDK_Aftermath_Lib.x64.dll
[2022.01.17-19.28.57:549][  0]LogD3D11RHI: D3D11 min allowed feature level: 11_0
[2022.01.17-19.28.57:549][  0]LogD3D11RHI: D3D11 max allowed feature level: 11_0
[2022.01.17-19.28.57:549][  0]LogD3D11RHI: D3D11 adapters:
[2022.01.17-19.28.57:636][  0]LogD3D11RHI:    0. 'NVIDIA GeForce RTX 2070 with Max-Q Design' (Feature Level 11_0)
[2022.01.17-19.28.57:636][  0]LogD3D11RHI:       8031/0/16299 MB DedicatedVideo/DedicatedSystem/SharedSystem, Outputs:1, VendorId:0x10de
[2022.01.17-19.28.57:653][  0]LogD3D11RHI:    1. 'Intel(R) UHD Graphics' (Feature Level 11_0)
[2022.01.17-19.28.57:653][  0]LogD3D11RHI:       128/0/16299 MB DedicatedVideo/DedicatedSystem/SharedSystem, Outputs:0, VendorId:0x8086
[2022.01.17-19.28.57:655][  0]LogD3D11RHI:    2. 'Microsoft Basic Render Driver' (Feature Level 11_0)
[2022.01.17-19.28.57:655][  0]LogD3D11RHI:       0/0/16299 MB DedicatedVideo/DedicatedSystem/SharedSystem, Outputs:0, VendorId:0x1414
[2022.01.17-19.28.57:655][  0]LogD3D11RHI: Chosen D3D11 Adapter:
[2022.01.17-19.28.57:655][  0]LogD3D11RHI:     Description : NVIDIA GeForce RTX 2070 with Max-Q Design
[2022.01.17-19.28.57:655][  0]LogD3D11RHI:     VendorId    : 10de
[2022.01.17-19.28.57:655][  0]LogD3D11RHI:     DeviceId    : 1f14
[2022.01.17-19.28.57:655][  0]LogD3D11RHI:     SubSysId    : 14461025
[2022.01.17-19.28.57:655][  0]LogD3D11RHI:     Revision    : 00a1
[2022.01.17-19.28.57:655][  0]LogD3D11RHI:     DedicatedVideoMemory : 8421113856 bytes
[2022.01.17-19.28.57:655][  0]LogD3D11RHI:     DedicatedSystemMemory : 0 bytes
[2022.01.17-19.28.57:655][  0]LogD3D11RHI:     SharedSystemMemory : 17091291136 bytes
[2022.01.17-19.28.57:655][  0]LogD3D11RHI:     AdapterLuid : 0 81066
[2022.01.17-19.28.57:661][  0]LogD3D11RHI: Creating new Direct3DDevice
[2022.01.17-19.28.57:661][  0]LogD3D11RHI:     GPU DeviceId: 0x1f14 (for the marketing name, search the web for "GPU Device Id")
[2022.01.17-19.28.57:661][  0]LogWindows: EnumDisplayDevices:
[2022.01.17-19.28.57:661][  0]LogWindows:    0. 'Intel(R) UHD Graphics' (P:1 D:1)
[2022.01.17-19.28.57:661][  0]LogWindows:    1. 'Intel(R) UHD Graphics' (P:0 D:0)
[2022.01.17-19.28.57:662][  0]LogWindows:    2. 'Intel(R) UHD Graphics' (P:0 D:0)
[2022.01.17-19.28.57:662][  0]LogWindows:    3. 'NVIDIA GeForce RTX 2070 with Max-Q Design' (P:0 D:0)
[2022.01.17-19.28.57:662][  0]LogWindows:    4. 'NVIDIA GeForce RTX 2070 with Max-Q Design' (P:0 D:0)
[2022.01.17-19.28.57:662][  0]LogWindows:    5. 'NVIDIA GeForce RTX 2070 with Max-Q Design' (P:0 D:0)
[2022.01.17-19.28.57:662][  0]LogWindows:    6. 'NVIDIA GeForce RTX 2070 with Max-Q Design' (P:0 D:0)
[2022.01.17-19.28.57:662][  0]LogWindows: DebugString: PrimaryIsNotTheChoosenAdapter PrimaryIsNotTheChoosenAdapter PrimaryIsNotTheChoosenAdapter FoundDriverCount:4 
[2022.01.17-19.28.57:662][  0]LogD3D11RHI:     Adapter Name: NVIDIA GeForce RTX 2070 with Max-Q Design
[2022.01.17-19.28.57:662][  0]LogD3D11RHI:   Driver Version: 471.68 (internal:30.0.14.7168, unified:471.68)
[2022.01.17-19.28.57:662][  0]LogD3D11RHI:      Driver Date: 8-5-2021
[2022.01.17-19.28.57:662][  0]LogRHI: Texture pool is 5621 MB (70% of 8031 MB)
[2022.01.17-19.28.57:662][  0]LogD3D11RHI: Creating D3DDevice using adapter:
[2022.01.17-19.28.57:662][  0]LogD3D11RHI:     Description : NVIDIA GeForce RTX 2070 with Max-Q Design
[2022.01.17-19.28.57:662][  0]LogD3D11RHI:     VendorId    : 10de
[2022.01.17-19.28.57:662][  0]LogD3D11RHI:     DeviceId    : 1f14
[2022.01.17-19.28.57:662][  0]LogD3D11RHI:     SubSysId    : 14461025
[2022.01.17-19.28.57:662][  0]LogD3D11RHI:     Revision    : 00a1
[2022.01.17-19.28.57:662][  0]LogD3D11RHI:     DedicatedVideoMemory : 8421113856 bytes
[2022.01.17-19.28.57:662][  0]LogD3D11RHI:     DedicatedSystemMemory : 0 bytes
[2022.01.17-19.28.57:662][  0]LogD3D11RHI:     SharedSystemMemory : 17091291136 bytes
[2022.01.17-19.28.57:662][  0]LogD3D11RHI:     AdapterLuid : 0 81066
[2022.01.17-19.28.57:734][  0]LogD3D11RHI: RHI has support for 64 bit atomics
[2022.01.17-19.28.57:734][  0]LogD3D11RHI: Async texture creation enabled
[2022.01.17-19.28.57:734][  0]LogD3D11RHI: Array index from any shader is supported
[2022.01.17-19.28.57:749][  0]LogD3D11RHI: GPU Timing Frequency: 1000.000000 (Debug: 2 1)
[2022.01.17-19.28.57:780][  0]LogRHI: GeForceNow SDK initialized: 1
[2022.01.17-19.28.58:009][  0]LogTargetPlatformManager: Display: Loaded TargetPlatform 'WindowsNoEditor'
[2022.01.17-19.28.58:012][  0]LogTargetPlatformManager: Display: Loaded TargetPlatform 'Windows'
[2022.01.17-19.28.58:015][  0]LogTargetPlatformManager: Display: Loaded TargetPlatform 'WindowsClient'
[2022.01.17-19.28.58:018][  0]LogTargetPlatformManager: Display: Loaded TargetPlatform 'WindowsServer'
[2022.01.17-19.28.58:018][  0]LogTargetPlatformManager: Display: Building Assets For Windows
[2022.01.17-19.28.58:023][  0]LogAudioDebug: Display: Lib vorbis DLL was dynamically loaded.
[2022.01.17-19.28.58:047][  0]LogTextureFormatOodle: Display: Oodle Texture 2.9.0 init RDO Off
[2022.01.17-19.28.58:072][  0]LogRendererCore: Ray tracing is disabled. Reason: r.RayTracing=0.
[2022.01.17-19.28.58:072][  0]LogShaderCompilers: Guid format shader working directory is 19 characters bigger than the processId version (D:/GameJam/Repo/TGJProject/TGJProject/Intermediate/Shaders/WorkingDirectory/17644/).
[2022.01.17-19.28.58:072][  0]LogShaderCompilers: Cleaned the shader compiler working directory 'C:/Users/Cailleaux Maxime/AppData/Local/Temp/UnrealShaderWorkingDir/9AA11C094214419119EEE7B02E5478D0/'.
[2022.01.17-19.28.58:072][  0]LogXGEController: Cannot use XGE Controller as Incredibuild is not installed on this machine.
[2022.01.17-19.28.58:072][  0]LogShaderCompilers: Cannot use XGE Shader Compiler as Incredibuild is not installed on this machine.
[2022.01.17-19.28.58:072][  0]LogShaderCompilers: Display: Using Local Shader Compiler.
[2022.01.17-19.28.58:622][  0]LogDerivedDataCache: Display: Max Cache Size: 512 MB
[2022.01.17-19.28.58:664][  0]LogDerivedDataCache: Loaded boot cache 0.04s 96MB C:/Users/Cailleaux Maxime/AppData/Local/UnrealEngine/4.27/DerivedDataCache/Boot.ddc.
[2022.01.17-19.28.58:664][  0]LogDerivedDataCache: Display: Loaded Boot cache: C:/Users/Cailleaux Maxime/AppData/Local/UnrealEngine/4.27/DerivedDataCache/Boot.ddc
[2022.01.17-19.28.58:664][  0]LogDerivedDataCache: FDerivedDataBackendGraph:  Pak pak cache file D:/GameJam/Repo/TGJProject/TGJProject/DerivedDataCache/DDC.ddp not found, will not use a pak cache.
[2022.01.17-19.28.58:664][  0]LogDerivedDataCache: Unable to find inner node Pak for hierarchical cache Hierarchy.
[2022.01.17-19.28.58:664][  0]LogDerivedDataCache: FDerivedDataBackendGraph:  CompressedPak pak cache file D:/GameJam/Repo/TGJProject/TGJProject/DerivedDataCache/Compressed.ddp not found, will not use a pak cache.
[2022.01.17-19.28.58:664][  0]LogDerivedDataCache: Unable to find inner node CompressedPak for hierarchical cache Hierarchy.
[2022.01.17-19.28.58:678][  0]LogDerivedDataCache: Display: Pak cache opened for reading ../../../Engine/DerivedDataCache/Compressed.ddp.
[2022.01.17-19.28.58:678][  0]LogDerivedDataCache: FDerivedDataBackendGraph:  EnterprisePak pak cache file ../../../Enterprise/DerivedDataCache/Compressed.ddp not found, will not use a pak cache.
[2022.01.17-19.28.58:678][  0]LogDerivedDataCache: Unable to find inner node EnterprisePak for hierarchical cache Hierarchy.
[2022.01.17-19.28.58:687][  0]LogDerivedDataCache: Speed tests for C:/Users/Cailleaux Maxime/AppData/Local/UnrealEngine/Common/DerivedDataCache took 0.01 seconds
[2022.01.17-19.28.58:687][  0]LogDerivedDataCache: Display: Performance to C:/Users/Cailleaux Maxime/AppData/Local/UnrealEngine/Common/DerivedDataCache: Latency=0.02ms. RandomReadSpeed=1833.70MBs, RandomWriteSpeed=113.31MBs. Assigned SpeedClass 'Local'
[2022.01.17-19.28.58:688][  0]LogDerivedDataCache: Using Local data cache path C:/Users/Cailleaux Maxime/AppData/Local/UnrealEngine/Common/DerivedDataCache: Writable
[2022.01.17-19.28.58:688][  0]LogDerivedDataCache: Shared data cache path not found in *engine.ini, will not use an Shared cache.
[2022.01.17-19.28.58:688][  0]LogDerivedDataCache: Unable to find inner node Shared for hierarchical cache Hierarchy.
[2022.01.17-19.28.58:702][  0]LogSlate: Using FreeType 2.10.0
[2022.01.17-19.28.58:702][  0]LogSlate: SlateFontServices - WITH_FREETYPE: 1, WITH_HARFBUZZ: 1
[2022.01.17-19.28.58:783][  0]LogInit: Using OS detected language (fr-FR).
[2022.01.17-19.28.58:783][  0]LogInit: Using OS detected locale (fr-BE).
[2022.01.17-19.28.58:783][  0]LogTextLocalizationManager: No localization for 'fr-FR' exists, so 'en' will be used for the language.
[2022.01.17-19.28.58:783][  0]LogTextLocalizationManager: No localization for 'fr-BE' exists, so 'en' will be used for the locale.
[2022.01.17-19.28.58:783][  0]LogSlate: FontCache flush requested. Reason: Culture for localization was changed
[2022.01.17-19.28.58:783][  0]LogSlate: FontCache flush requested. Reason: Culture for localization was changed
[2022.01.17-19.28.58:785][  0]LogAssetRegistry: FAssetRegistry took 0.0013 seconds to start up
[2022.01.17-19.28.58:915][  0]LogTextLocalizationManager: Compacting localization data took   0.00ms
[2022.01.17-19.28.58:915][  0]LogPackageLocalizationCache: Processed 22 localized package path(s) for 1 prioritized culture(s) in 0.000838 seconds
[2022.01.17-19.28.58:965][  0]LogInit: Selected Device Profile: [Windows]
[2022.01.17-19.28.58:965][  0]LogInit: Active device profile: [0000017294C9E800][000001728D24FA80 49] Windows
[2022.01.17-19.28.58:966][  0]LogInit: Profiles: [0000017294C9E800][000001728D24FA80 49] Windows, [0000017294C59A00][000001728D257C00 49] WindowsNoEditor, [0000017294C9DA00][000001728D25A200 49] WindowsServer, [0000017294C5A900][000001728D16A380 49] WindowsClient, [0000017294C9EC00][000001728D16E500 49] IOS, [0000017294C5BE00][000001728D172680 49] iPadAir, [0000017294C9E600][000001728D176800 49] iPadAir2, [0000017294C0AB00][000001728D17AA40 49] IPadPro, [0000017294C0AC00][000001728D252A80 49] iPadAir3, [0000017294C9DC00][000001728D17EBC0 49] iPadAir4, [0000017294C0B300][000001728D186D40 49] iPadMini2, [0000017294C9DD00][000001728D18AEC0 49] iPadMini3, [0000017294C0B600][000001728D18F040 49] iPadMini4, [0000017294C9DE00][000001728D1931C0 49] iPadMini5, [0000017294C22400][000001728D19B480 49] iPhone6, [0000017294C22500][000001728D1974C0 49] iPodTouch6, [0000017294C09400][000001728D1A3780 49] iPhone7, [0000017294C09300][000001728D19F7C0 49] iPodTouch7, [0000017294C22B00][000001728D1A7940 49] iPhone5S, [0000017294C08C00][000001728D1ABAC0 49] iPhone6Plus, [0000017294C21600][000001728D1AE0C0 49] iPhone6S, [0000017294C09A00][000001728CDD2240 49] iPhone6SPlus, [0000017294C21700][000001728CDD63C0 49] iPhone7Plus, [0000017294C0A300][000001728CDDA540 49] iPhoneSE, [0000017294C22100][000001728CDDE6C0 49] iPhone8, [0000017294C09700][000001728CDE2840 49] iPhone8Plus, [0000017294C21C00][000001728CDE69C0 49] iPhoneX, [0000017294C0A000][000001728D182B00 49] iPhoneXS, [0000017294C20400][000001728CDEAC40 49] iPhoneXSMax, [0000017294C09800][000001728CDEED80 49] iPhoneXR, [0000017294C23100][000001728CDF2EC0 49] iPhone11, [0000017294C08900][000001728CDFB040 49] iPhone11Pro, [0000017294C20F00][000001728CDFF1C0 49] iPhone11ProMax, [0000017294C0A900][000001728CE03340 49] iPhoneSE2, [0000017294C23700][000001728CE074C0 49] iPhone12Mini, [0000017294C08100][000001728CE0B640 49] iPhone12, [0000017294C20E00][000001728CE0F7C0 49] iPhone12Pro, [0000017294C0BF00][000001728CE13940 49] iPhone12ProMax, [0000017294C23D00][000001728CE17AC0 49] iPadPro105, [0000017294C0AE00][000001728CE1A0C0 49] iPadPro129, [0000017294C22300][000001728CE1E240 49] iPadPro97, [0000017294C0BC00][000001728CE223C0 49] iPadPro2_129, [0000017294C22A00][000001728CE26540 49] iPad5, [0000017294C08700][000001728CE2A6C0 49] iPad6, [0000017294C22E00][000001728CE2E840 49] iPad7, [0000017294C08400][000001728CE329C0 49] iPad8, [0000017294C20200][000001728CE36B40 49] iPadPro11, [0000017294C0B800][000001728CDF6C80 49] iPadPro2_11, [0000017294CDD400][000001728CE3ADC0 49] iPadPro3_129, [0000017294C5B200][000001728CE3EF00 49] iPadPro4_129, [0000017294CDD000][000001728CE43040 49] AppleTV, [0000017294C5BA00][000001728CE4B1C0 49] AppleTV4K, [0000017294CDD100][000001728C829340 49] TVOS, [0000017294C5AA00][000001728C82D4C0 49] Mac, [0000017294CDC500][000001728C831640 49] MacClient, [0000017294C59100][000001728C8357C0 49] MacNoEditor, [0000017294CDD200][000001728C839940 49] MacServer, [0000017294C58200][000001728C83DAC0 49] Linux, [0000017294CDC200][000001728C8400C0 49] LinuxAArch64, [0000017294C20300][000001728C844240 49] LinuxNoEditor, [0000017294C0A200][000001728C8483C0 49] LinuxAArch64NoEditor, [0000017294C23000][000001728C84C540 49] LinuxClient, [0000017294C09900][000001728C8506C0 49] LinuxAArch64Client, [0000017294C23A00][000001728C854840 49] LinuxServer, [0000017294C0A500][000001728C8589C0 49] LinuxAArch64Server, [0000017294C20100][000001728C85CB40 49] Android, [0000017294C08A00][000001728C4C0CC0 49] Android_Low, [0000017294C23500][000001728C4C4E40 49] Android_Mid, [0000017294C08600][000001728CE46F80 49] Android_High, [0000017294C23C00][000001728C4C90C0 49] Android_Default, [0000017294C0A600][000001728C4CD200 49] Android_Adreno4xx, [0000017294C22600][000001728C4D5380 49] Android_Adreno5xx_Low, [0000017294C08300][000001728C4D9500 49] Android_Adreno5xx, [0000017294C21500][000001728C4DD680 49] Android_Adreno6xx, [0000017294C0AF00][000001728C4E1800 49] Android_Adreno6xx_Vulkan, [0000017294C21E00][000001728C4E5980 49] Android_Mali_T6xx, [0000017294C0BA00][000001728C4E9B00 49] Android_Mali_T7xx, [0000017294C22000][000001728C4EC100 49] Android_Mali_T8xx, [0000017294C09500][000001728C4F0280 49] Android_Mali_G71, [0000017294C21B00][000001728C4F4400 49] Android_Mali_G72, [0000017294C0BB00][000001728C4F8580 49] Android_Mali_G72_Vulkan, [0000017294C20500][000001728C4FC700 49] Android_Mali_G76, [0000017294C09600][000001728C500880 49] Android_Mali_G76_Vulkan, [0000017294C22F00][000001728C504A00 49] Android_Mali_G77, [0000017294C09B00][000001728C508B80 49] Android_Mali_G77_Vulkan, [0000017294C23200][000001728C49AD00 49] Android_Mali_G78, [0000017294CDCC00][000001728C49EE80 49] Android_Mali_G78_Vulkan, [0000017294C23E00][000001728C4A3000 49] Android_Mali_G710, [0000017294C0B200][000001728C4D1140 49] Android_Mali_G710_Vulkan, [0000017294C21000][000001728C4A7280 49] Android_Vulkan_SM5, [0000017294C0B500][000001728C4AB3C0 49] Android_PowerVR_G6xxx, [0000017294C22900][000001728C4B3540 49] Android_PowerVR_GT7xxx, [0000017294C09000][000001728C4B76C0 49] Android_PowerVR_GE8xxx, [0000017294C22D00][000001728C4BB840 49] Android_PowerVR_GM9xxx, [0000017294C08200][0000017295A619C0 49] Android_PowerVR_GM9xxx_Vulkan, [0000017294C21100][0000017295A65B40 49] Android_TegraK1, [0000017294C0A800][0000017295A68140 49] Android_Unknown_Vulkan, [0000017294C20800][0000017295A6C2C0 49] Lumin, [0000017294C09F00][0000017295A70440 49] Lumin_Desktop, [0000017294C20A00][0000017295A745C0 49] HoloLens, 
[2022.01.17-19.28.58:995][  0]LogMeshReduction: Using QuadricMeshReduction for automatic static mesh reduction
[2022.01.17-19.28.58:995][  0]LogMeshReduction: Using SimplygonMeshReduction for automatic skeletal mesh reduction
[2022.01.17-19.28.58:995][  0]LogMeshReduction: Using ProxyLODMeshReduction for automatic mesh merging
[2022.01.17-19.28.58:995][  0]LogMeshReduction: No distributed automatic mesh merging module available
[2022.01.17-19.28.58:995][  0]LogMeshMerging: No distributed automatic mesh merging module available
[2022.01.17-19.28.59:058][  0]LogNetVersion: TGJProject 1.0.0, NetCL: 17155196, EngineNetVer: 17, GameNetVer: 0 (Checksum: 2474932010)
[2022.01.17-19.28.59:104][  0]LogTexture: Warning: VolumeTexture /Engine/EngineSky/VolumetricClouds/T_VolumeNoiseErosion32.T_VolumeNoiseErosion32 cannot be created, rhi does not support format DXT1.
[2022.01.17-19.28.59:104][  0]LogTexture: Warning: VolumeTexture /Engine/EngineSky/VolumetricClouds/T_VolumeNoiseShape64.T_VolumeNoiseShape64 cannot be created, rhi does not support format DXT1.
[2022.01.17-19.28.59:230][  0]LogTexture: Default maximum texture size for cubemaps generated from long-lat sources has been changed from 512 to unlimited. In order to preserve old behaiour for '/Engine/MapTemplates/Sky/DaylightAmbientCubemap.DaylightAmbientCubemap', its maximum texture size has been explicitly set to 512.
[2022.01.17-19.28.59:343][  0]LogMoviePlayer: Initializing movie player
[2022.01.17-19.28.59:410][  0]LogNiagaraDebuggerClient: Niagara Debugger Client Initialized | Session: 9AA508FE45BC107E13BE3D874309D3E4 | Instance: 2AE6F93244A6079C203BE1873DD9F552 (LAPTOP-AJAU5VDR-17644).
[2022.01.17-19.28.59:425][  0]LogCollectionManager: Loaded 0 collections in 0.001209 seconds
[2022.01.17-19.28.59:427][  0]LogFileCache: Scanning file cache for directory 'D:/GameJam/Repo/TGJProject/TGJProject/Saved/Collections/' took 0.00s
[2022.01.17-19.28.59:427][  0]LogFileCache: Scanning file cache for directory 'D:/GameJam/Repo/TGJProject/TGJProject/Content/Developers/CailleauxMaxime/Collections/' took 0.00s
[2022.01.17-19.28.59:427][  0]LogCollectionManager: Fixed up redirectors for 0 collections in 0.000002 seconds (updated 0 objects)
[2022.01.17-19.28.59:513][  0]LogFileCache: Scanning file cache for directory 'D:/GameJam/Repo/TGJProject/TGJProject/Content/Collections/' took 0.00s
[2022.01.17-19.28.59:513][  0]LogPython: Using Python 3.7.7
[2022.01.17-19.28.59:860][  0]LogTcpMessaging: Initializing TcpMessaging bridge
[2022.01.17-19.28.59:863][  0]LogUdpMessaging: Initializing bridge on interface 0.0.0.0:0 to multicast group 230.0.0.1:6666.
[2022.01.17-19.28.59:952][  0]LogOpenImageDenoise: OIDN starting up
[2022.01.17-19.28.59:974][  0]LogAndroidPermission: UAndroidPermissionCallbackProxy::GetInstance
[2022.01.17-19.28.59:988][  0]LogAudioCaptureCore: Display: No Audio Capture implementations found. Audio input will be silent.
[2022.01.17-19.28.59:989][  0]LogAudioCaptureCore: Display: No Audio Capture implementations found. Audio input will be silent.
[2022.01.17-19.29.00:040][  0]SourceControl: Source control is disabled
[2022.01.17-19.29.00:040][  0]SourceControl: Source control is disabled
[2022.01.17-19.29.00:042][  0]SourceControl: Source control is disabled
[2022.01.17-19.29.00:046][  0]LogUProjectInfo: Found projects:
[2022.01.17-19.29.00:059][  0]LogUObjectArray: 21417 objects as part of root set at end of initial load.
[2022.01.17-19.29.00:059][  0]LogUObjectAllocator: 5754288 out of 0 bytes used by permanent object pool.
[2022.01.17-19.29.00:059][  0]LogUObjectArray: CloseDisregardForGC: 0/0 objects in disregard for GC pool
[2022.01.17-19.29.00:096][  0]LogEngine: Initializing Engine...
[2022.01.17-19.29.00:096][  0]LogMagicLeap: Warning: VR disabled because ZI is not enabled.  To enable, in the editor, Edit -> Project Settings -> Plugins -> Magic Leap Plugin -> Enable Zero Iteration
[2022.01.17-19.29.00:097][  0]LogStats: UGameplayTagsManager::InitializeManager -  0.000 s
[2022.01.17-19.29.00:164][  0]LogInit: Initializing FReadOnlyCVARCache
[2022.01.17-19.29.00:164][  0]LogAudio: Display: Initializing Audio Device Manager...
[2022.01.17-19.29.00:166][  0]LogAudio: Display: Loading Default Audio Settings Objects...
[2022.01.17-19.29.00:167][  0]LogAudio: Display: No default SoundConcurrencyObject specified (or failed to load).
[2022.01.17-19.29.00:167][  0]LogAudio: Display: Audio Device Manager Initialized
[2022.01.17-19.29.00:167][  0]LogAudio: Display: Creating Audio Device:                 Id: 1, Scope: Shared, Realtime: True
[2022.01.17-19.29.00:167][  0]LogAudioMixer: Display: Audio Mixer Platform Settings:
[2022.01.17-19.29.00:167][  0]LogAudioMixer: Display: 	Sample Rate:						  48000
[2022.01.17-19.29.00:167][  0]LogAudioMixer: Display: 	Callback Buffer Frame Size Requested: 1024
[2022.01.17-19.29.00:167][  0]LogAudioMixer: Display: 	Callback Buffer Frame Size To Use:	  1024
[2022.01.17-19.29.00:167][  0]LogAudioMixer: Display: 	Number of buffers to queue:			  2
[2022.01.17-19.29.00:167][  0]LogAudioMixer: Display: 	Max Channels (voices):				  32
[2022.01.17-19.29.00:167][  0]LogAudioMixer: Display: 	Number of Async Source Workers:		  0
[2022.01.17-19.29.00:167][  0]LogAudio: Display: AudioDevice MaxSources: 32
[2022.01.17-19.29.00:167][  0]LogAudio: Display: Audio Spatialization Plugin: None (built-in).
[2022.01.17-19.29.00:167][  0]LogAudio: Display: Audio Reverb Plugin: None (built-in).
[2022.01.17-19.29.00:167][  0]LogAudio: Display: Audio Occlusion Plugin: None (built-in).
[2022.01.17-19.29.00:167][  0]LogAudioMixer: Display: Initializing audio mixer.
[2022.01.17-19.29.00:182][  0]LogAudioMixer: Display: 0: FrontLeft
[2022.01.17-19.29.00:182][  0]LogAudioMixer: Display: 1: FrontRight
[2022.01.17-19.29.00:255][  0]LogAudioMixer: Display: Using Audio Device Haut-parleurs (Realtek(R) Audio)
[2022.01.17-19.29.00:258][  0]LogAudioMixer: Display: Initializing Sound Submixes...
[2022.01.17-19.29.00:259][  0]LogAudioMixer: Display: Creating Master Submix 'MasterSubmixDefault'
[2022.01.17-19.29.00:259][  0]LogAudioMixer: Display: Creating Master Submix 'MasterReverbSubmixDefault'
[2022.01.17-19.29.00:260][  0]LogAudioMixer: Display: Creating Master Submix 'MasterEQSubmixDefault'
[2022.01.17-19.29.00:260][  0]LogAudioMixer: FMixerPlatformXAudio2::StartAudioStream() called
[2022.01.17-19.29.00:260][  0]LogAudioMixer: Display: Output buffers initialized: Frames=1024, Channels=2, Samples=2048
[2022.01.17-19.29.00:261][  0]LogAudioMixer: Display: Starting AudioMixerPlatformInterface::RunInternal()
[2022.01.17-19.29.00:261][  0]LogAudioMixer: Display: FMixerPlatformXAudio2::SubmitBuffer() called for the first time
[2022.01.17-19.29.00:261][  0]LogInit: FAudioDevice initialized.
[2022.01.17-19.29.00:261][  0]LogNetVersion: Set ProjectVersion to 1.0.0.0. Version Checksum will be recalculated on next use.
[2022.01.17-19.29.00:263][  0]LogInit: Texture streaming: Enabled
[2022.01.17-19.29.00:310][  0]LogAudio: Display: Audio Device (ID: 1) registered with world 'Untitled'.
[2022.01.17-19.29.00:310][  0]LogSlate: Updating window title bar state: overlay mode, drag disabled, window buttons hidden, title bar hidden
[2022.01.17-19.29.00:311][  0]LogInit: Display: Game Engine Initialized.
[2022.01.17-19.29.00:311][  0]LogNiagaraEditor: GEditor isn't valid! Particle reset commands will not work for Niagara components!
[2022.01.17-19.29.00:331][  0]LogInit: Display: Starting Game.
[2022.01.17-19.29.00:331][  0]LogNet: Browse: /Game/Draft/Maps/Testing?Name=Player
[2022.01.17-19.29.00:331][  0]LogLoad: LoadMap: /Game/Draft/Maps/Testing?Name=Player
[2022.01.17-19.29.00:331][  0]LogWorld: BeginTearingDown for /Temp/Untitled_0
[2022.01.17-19.29.00:332][  0]LogWorld: UWorld::CleanupWorld for Untitled, bSessionEnded=true, bCleanupResources=true
[2022.01.17-19.29.00:332][  0]LogSlate: InvalidateAllWidgets triggered.  All widgets were invalidated
[2022.01.17-19.29.00:339][  0]LogAudio: Display: Audio Device unregistered from world 'None'.
[2022.01.17-19.29.00:341][  0]LogUObjectHash: Compacting FUObjectHashTables data took   0.76ms
[2022.01.17-19.29.00:415][  0]LogAudio: Display: Audio Device (ID: 1) registered with world 'Testing'.
[2022.01.17-19.29.00:421][  0]LogAIModule: Creating AISystem for world Testing
[2022.01.17-19.29.00:421][  0]LogLoad: Game class is 'GM_BoatFishing_C'
[2022.01.17-19.29.00:424][  0]LogWorld: Bringing World /Game/Draft/Maps/Testing.Testing up for play (max tick rate 0) at 2022.01.17-20.29.00
[2022.01.17-19.29.00:424][  0]LogWorld: Bringing up level for play took: 0.002803
[2022.01.17-19.29.00:427][  0]LogPawn: Error: EnableInput can only be specified on a Pawn for its Controller
[2022.01.17-19.29.00:427][  0]LogViewport: Display: Player bShowMouseCursor Changed, False -> True
[2022.01.17-19.29.00:427][  0]LogLoad: Took 0.096463 seconds to LoadMap(/Game/Draft/Maps/Testing)
[2022.01.17-19.29.00:460][  0]LogSlate: Took 0.000121 seconds to synchronously load lazily loaded font '../../../Engine/Content/Slate/Fonts/Roboto-Regular.ttf' (155K)
[2022.01.17-19.29.00:479][  0]LogRenderer: Reallocating scene render targets to support 1300x800 Format 10 NumSamples 1 (Frame:1).
[2022.01.17-19.29.00:479][  0]LogInit: Display: Engine is initialized. Leaving FEngineLoop::Init()
[2022.01.17-19.29.00:480][  0]LogLoad: (Engine Initialization) Total time: 3.78 seconds
[2022.01.17-19.29.00:480][  0]LogLoad: (Engine Initialization) Total Blueprint compile time: 0.00 seconds
[2022.01.17-19.29.00:490][  0]LogContentStreaming: Texture pool size now 1000 MB
[2022.01.17-19.29.00:492][  0]LogSlate: InvalidateAllWidgets triggered.  All widgets were invalidated
[2022.01.17-19.29.00:498][  1]LogSlate: Took 0.000097 seconds to synchronously load lazily loaded font '../../../Engine/Content/Slate/Fonts/Roboto-Regular.ttf' (155K)
[2022.01.17-19.29.17:525][610]LogSlate: Window 'TGJProject (64-bit Development PCD3D_ES31) ' being destroyed
[2022.01.17-19.29.17:526][610]LogWindowsTextInputMethodSystem: Display: IME system deactivated.
[2022.01.17-19.29.17:529][610]LogSlate: Updating window title bar state: overlay mode, drag disabled, window buttons hidden, title bar hidden
[2022.01.17-19.29.17:529][610]LogEngine: All Windows Closed
[2022.01.17-19.29.17:529][610]LogWindows: FPlatformMisc::RequestExit(0)
[2022.01.17-19.29.17:529][610]LogWindows: FPlatformMisc::RequestExitWithStatus(0, 0)
[2022.01.17-19.29.17:529][610]LogCore: Engine exit requested (reason: Win RequestExit)
[2022.01.17-19.29.17:529][611]LogCore: Engine exit requested (reason: EngineExit() was called; note: exit was already requested)
[2022.01.17-19.29.17:529][611]LogInit: Display: PreExit Game.
[2022.01.17-19.29.17:530][611]LogWorld: BeginTearingDown for /Game/Draft/Maps/Testing
[2022.01.17-19.29.17:530][611]LogWorld: UWorld::CleanupWorld for Testing, bSessionEnded=true, bCleanupResources=true
[2022.01.17-19.29.17:530][611]LogSlate: InvalidateAllWidgets triggered.  All widgets were invalidated
[2022.01.17-19.29.18:110][611]LogAudio: Display: Beginning Audio Device Manager Shutdown (Module: AudioMixerXAudio2)...
[2022.01.17-19.29.18:110][611]LogAudio: Display: Destroying 1 Remaining Audio Device(s)...
[2022.01.17-19.29.18:110][611]LogAudio: Display: Audio Device unregistered from world 'Testing'.
[2022.01.17-19.29.18:111][611]LogAudioMixer: FMixerPlatformXAudio2::StopAudioStream() called
[2022.01.17-19.29.18:111][611]LogAudioMixer: FMixerPlatformXAudio2::StopAudioStream() called
[2022.01.17-19.29.18:116][611]LogAudio: Display: Audio Device Manager Shutdown
[2022.01.17-19.29.18:117][611]LogExit: Preparing to exit.
[2022.01.17-19.29.18:882][611]LogSlate: Updating window title bar state: overlay mode, drag disabled, window buttons hidden, title bar hidden
[2022.01.17-19.29.18:883][611]LogUObjectHash: Compacting FUObjectHashTables data took   0.69ms
[2022.01.17-19.29.18:908][611]LogMoviePlayer: Shutting down movie player
[2022.01.17-19.29.18:995][611]LogDemo: Cleaned up 0 splitscreen connections with owner deletion
[2022.01.17-19.29.18:999][611]LogExit: Game engine shut down
[2022.01.17-19.29.19:039][611]LogExit: Object subsystem successfully closed.
[2022.01.17-19.29.19:050][611]LogShaderCompilers: Display: === FShaderJobCache stats ===
[2022.01.17-19.29.19:050][611]LogShaderCompilers: Display: Total job queries 0, among them cache hits 0 (0.00%)
[2022.01.17-19.29.19:050][611]LogShaderCompilers: Display: Tracking 0 distinct input hashes that result in 0 distinct outputs (0.00%)
[2022.01.17-19.29.19:050][611]LogShaderCompilers: Display: RAM used: 0.00 MB (0.00 GB) of 1638.40 MB (1.60 GB) budget. Usage: 0.00%
[2022.01.17-19.29.19:050][611]LogShaderCompilers: Display: ================================================
[2022.01.17-19.29.19:060][611]LogShaderCompilers: Display: Shaders left to compile 0
[2022.01.17-19.29.19:075][611]LogModuleManager: Shutting down and abandoning module SequenceRecorderSections (512)
[2022.01.17-19.29.19:076][611]LogModuleManager: Shutting down and abandoning module SequenceRecorder (510)
[2022.01.17-19.29.19:076][611]LogModuleManager: Shutting down and abandoning module AutomationController (508)
[2022.01.17-19.29.19:076][611]LogModuleManager: Shutting down and abandoning module AutomationWorker (506)
[2022.01.17-19.29.19:076][611]LogModuleManager: Shutting down and abandoning module Voice (504)
[2022.01.17-19.29.19:076][611]LogModuleManager: Shutting down and abandoning module AIModule (502)
[2022.01.17-19.29.19:076][611]LogModuleManager: Shutting down and abandoning module GameplayDebugger (501)
[2022.01.17-19.29.19:076][611]LogModuleManager: Shutting down and abandoning module AITestSuite (499)
[2022.01.17-19.29.19:076][611]LogModuleManager: Shutting down and abandoning module NavigationSystem (497)
[2022.01.17-19.29.19:076][611]LogModuleManager: Shutting down and abandoning module MagicLeapMediaCodecFactory (494)
[2022.01.17-19.29.19:076][611]LogModuleManager: Shutting down and abandoning module MagicLeapMediaFactory (492)
[2022.01.17-19.29.19:076][611]LogModuleManager: Shutting down and abandoning module WmfMediaFactory (490)
[2022.01.17-19.29.19:076][611]LogModuleManager: Shutting down and abandoning module WebMMediaFactory (488)
[2022.01.17-19.29.19:076][611]LogModuleManager: Shutting down and abandoning module WebMMedia (486)
[2022.01.17-19.29.19:076][611]LogModuleManager: Shutting down and abandoning module PlanarCut (484)
[2022.01.17-19.29.19:076][611]LogModuleManager: Shutting down and abandoning module OpenExrWrapper (482)
[2022.01.17-19.29.19:076][611]LogModuleManager: Shutting down and abandoning module ImgMediaFactory (480)
[2022.01.17-19.29.19:076][611]LogModuleManager: Shutting down and abandoning module AvfMediaFactory (478)
[2022.01.17-19.29.19:076][611]LogModuleManager: Shutting down and abandoning module CharacterAI (476)
[2022.01.17-19.29.19:076][611]LogModuleManager: Shutting down and abandoning module SessionServices (474)
[2022.01.17-19.29.19:076][611]LogModuleManager: Shutting down and abandoning module MovieSceneCapture (472)
[2022.01.17-19.29.19:076][611]LogModuleManager: Shutting down and abandoning module LiveCoding (470)
[2022.01.17-19.29.19:076][611]LogModuleManager: Shutting down and abandoning module LevelSequence (468)
[2022.01.17-19.29.19:076][611]LogModuleManager: Shutting down and abandoning module MovieSceneTracks (466)
[2022.01.17-19.29.19:076][611]LogModuleManager: Shutting down and abandoning module MovieScene (464)
[2022.01.17-19.29.19:076][611]LogModuleManager: Shutting down and abandoning module StreamingPauseRendering (462)
[2022.01.17-19.29.19:076][611]LogModuleManager: Shutting down and abandoning module PortalServices (460)
[2022.01.17-19.29.19:076][611]LogModuleManager: Shutting down and abandoning module PortalRpc (458)
[2022.01.17-19.29.19:076][611]LogModuleManager: Shutting down and abandoning module MessagingRpc (456)
[2022.01.17-19.29.19:076][611]LogModuleManager: Shutting down and abandoning module AudioMixerXAudio2 (454)
[2022.01.17-19.29.19:076][611]LogModuleManager: Shutting down and abandoning module AudioMixerCore (453)
[2022.01.17-19.29.19:076][611]LogModuleManager: Shutting down and abandoning module ImageWriteQueue (450)
[2022.01.17-19.29.19:079][611]LogModuleManager: Shutting down and abandoning module ProfilerService (448)
[2022.01.17-19.29.19:100][611]LogModuleManager: Shutting down and abandoning module TaskGraph (446)
[2022.01.17-19.29.19:100][611]LogModuleManager: Shutting down and abandoning module VisualStudioSourceCodeAccess (444)
[2022.01.17-19.29.19:100][611]LogModuleManager: Shutting down and abandoning module HotReload (443)
[2022.01.17-19.29.19:100][611]LogModuleManager: Shutting down and abandoning module VisualStudioCodeSourceCodeAccess (440)
[2022.01.17-19.29.19:100][611]LogModuleManager: Shutting down and abandoning module UObjectPlugin (438)
[2022.01.17-19.29.19:100][611]LogModuleManager: Shutting down and abandoning module SubversionSourceControl (436)
[2022.01.17-19.29.19:100][611]LogModuleManager: Shutting down and abandoning module PerforceSourceControl (434)
[2022.01.17-19.29.19:101][611]LogModuleManager: Shutting down and abandoning module SourceControl (433)
[2022.01.17-19.29.19:101][611]LogModuleManager: Shutting down and abandoning module CLionSourceCodeAccess (430)
[2022.01.17-19.29.19:101][611]LogModuleManager: Shutting down and abandoning module Synthesis (428)
[2022.01.17-19.29.19:101][611]LogModuleManager: Shutting down and abandoning module ProceduralMeshComponent (426)
[2022.01.17-19.29.19:101][611]LogModuleManager: Shutting down and abandoning module MobilePatchingUtils (424)
[2022.01.17-19.29.19:101][611]LogModuleManager: Shutting down and abandoning module GooglePAD (422)
[2022.01.17-19.29.19:101][611]LogModuleManager: Shutting down and abandoning module EditableMesh (420)
[2022.01.17-19.29.19:101][611]LogModuleManager: Shutting down and abandoning module CustomMeshComponent (418)
[2022.01.17-19.29.19:101][611]LogModuleManager: Shutting down and abandoning module CableComponent (416)
[2022.01.17-19.29.19:101][611]LogModuleManager: Shutting down and abandoning module AudioCapture (414)
[2022.01.17-19.29.19:101][611]LogModuleManager: Shutting down and abandoning module AudioCaptureRtAudio (413)
[2022.01.17-19.29.19:101][611]LogModuleManager: Shutting down and abandoning module AssetTags (410)
[2022.01.17-19.29.19:101][611]LogModuleManager: Shutting down and abandoning module ArchVisCharacter (408)
[2022.01.17-19.29.19:101][611]LogModuleManager: Shutting down and abandoning module AppleImageUtilsBlueprintSupport (406)
[2022.01.17-19.29.19:101][611]LogModuleManager: Shutting down and abandoning module AppleImageUtils (404)
[2022.01.17-19.29.19:101][611]LogModuleManager: Shutting down and abandoning module AndroidPermission (402)
[2022.01.17-19.29.19:101][611]LogModuleManager: Shutting down and abandoning module ActorLayerUtilities (400)
[2022.01.17-19.29.19:101][611]LogModuleManager: Shutting down and abandoning module TemplateSequence (398)
[2022.01.17-19.29.19:101][611]LogModuleManager: Shutting down and abandoning module MagicLeapSharedWorld (396)
[2022.01.17-19.29.19:101][611]LogModuleManager: Shutting down and abandoning module MagicLeapLightEstimation (394)
[2022.01.17-19.29.19:101][611]LogModuleManager: Shutting down and abandoning module MediaCompositing (392)
[2022.01.17-19.29.19:101][611]LogModuleManager: Shutting down and abandoning module MagicLeapHelperVulkan (390)
[2022.01.17-19.29.19:101][611]LogModuleManager: Shutting down and abandoning module MagicLeapHelperOpenGL (388)
[2022.01.17-19.29.19:101][611]LogModuleManager: Shutting down and abandoning module MagicLeapAudio (386)
[2022.01.17-19.29.19:101][611]LogModuleManager: Shutting down and abandoning module ImgMedia (384)
[2022.01.17-19.29.19:101][611]LogModuleManager: Shutting down and abandoning module OpenImageDenoise (382)
[2022.01.17-19.29.19:101][611]LogOpenImageDenoise: OIDN shutting down
[2022.01.17-19.29.19:101][611]LogModuleManager: Shutting down and abandoning module MotoSynth (380)
[2022.01.17-19.29.19:101][611]LogModuleManager: Shutting down and abandoning module ChaosNiagara (378)
[2022.01.17-19.29.19:101][611]LogModuleManager: Shutting down and abandoning module MeshConversion (376)
[2022.01.17-19.29.19:101][611]LogModuleManager: Shutting down and abandoning module DynamicMesh (374)
[2022.01.17-19.29.19:101][611]LogModuleManager: Shutting down and abandoning module GeometryAlgorithms (372)
[2022.01.17-19.29.19:101][611]LogModuleManager: Shutting down and abandoning module GeometricObjects (370)
[2022.01.17-19.29.19:101][611]LogModuleManager: Shutting down and abandoning module GeometryCollectionTracks (368)
[2022.01.17-19.29.19:101][611]LogModuleManager: Shutting down and abandoning module GeometryCollectionSequencer (367)
[2022.01.17-19.29.19:101][611]LogModuleManager: Shutting down and abandoning module FieldSystemEngine (365)
[2022.01.17-19.29.19:101][611]LogModuleManager: Shutting down and abandoning module GeometryCacheTracks (362)
[2022.01.17-19.29.19:101][611]LogModuleManager: Shutting down and abandoning module GeometryCacheSequencer (361)
[2022.01.17-19.29.19:101][611]LogModuleManager: Shutting down and abandoning module GeometryCache (358)
[2022.01.17-19.29.19:101][611]LogModuleManager: Shutting down and abandoning module GeometryCacheEd (357)
[2022.01.17-19.29.19:101][611]LogModuleManager: Shutting down and abandoning module BackChannel (354)
[2022.01.17-19.29.19:101][611]LogModuleManager: Shutting down and abandoning module AutomationUtils (352)
[2022.01.17-19.29.19:101][611]LogModuleManager: Shutting down and abandoning module OodleNetworkHandlerComponent (350)
[2022.01.17-19.29.19:101][611]LogModuleManager: Shutting down and abandoning module GameplayCameras (348)
[2022.01.17-19.29.19:101][611]LogModuleManager: Shutting down and abandoning module PropertyAccessNode (346)
[2022.01.17-19.29.19:101][611]LogModuleManager: Shutting down and abandoning module AnimationSharing (344)
[2022.01.17-19.29.19:101][611]LogModuleManager: Shutting down and abandoning module SoundFields (342)
[2022.01.17-19.29.19:101][611]LogModuleManager: Shutting down and abandoning module SignificanceManager (340)
[2022.01.17-19.29.19:101][611]LogModuleManager: Shutting down and abandoning module RuntimePhysXCooking (338)
[2022.01.17-19.29.19:101][611]LogModuleManager: Shutting down and abandoning module PropertyAccessEditor (336)
[2022.01.17-19.29.19:101][611]LogModuleManager: Shutting down and abandoning module PhysXVehiclesEditor (334)
[2022.01.17-19.29.19:101][611]LogModuleManager: Shutting down and abandoning module LocationServicesBPLibrary (330)
[2022.01.17-19.29.19:101][611]LogModuleManager: Shutting down and abandoning module AudioSynesthesia (328)
[2022.01.17-19.29.19:101][611]LogModuleManager: Shutting down and abandoning module AudioSynesthesiaCore (326)
[2022.01.17-19.29.19:101][611]LogModuleManager: Shutting down and abandoning module UdpMessaging (324)
[2022.01.17-19.29.19:202][611]LogModuleManager: Shutting down and abandoning module TcpMessaging (322)
[2022.01.17-19.29.19:873][611]LogModuleManager: Shutting down and abandoning module ActorSequence (320)
[2022.01.17-19.29.19:873][611]LogModuleManager: Shutting down and abandoning module MagicLeapARPin (318)
[2022.01.17-19.29.19:873][611]LogModuleManager: Shutting down and abandoning module PythonScriptPlugin (316)
[2022.01.17-19.29.19:873][611]LogModuleManager: Shutting down and abandoning module MagicLeapHandMeshing (314)
[2022.01.17-19.29.19:873][611]LogModuleManager: Shutting down and abandoning module MagicLeapSecureStorage (312)
[2022.01.17-19.29.19:873][611]LogModuleManager: Shutting down and abandoning module MagicLeapPrivileges (310)
[2022.01.17-19.29.19:873][611]LogModuleManager: Shutting down and abandoning module MagicLeapPlanes (308)
[2022.01.17-19.29.19:873][611]LogMagicLeapPlanes: Planes tracker already destroyed.
[2022.01.17-19.29.19:873][611]LogModuleManager: Shutting down and abandoning module MagicLeapImageTracker (306)
[2022.01.17-19.29.19:873][611]LogModuleManager: Shutting down and abandoning module MagicLeapIdentity (304)
[2022.01.17-19.29.19:873][611]LogModuleManager: Shutting down and abandoning module MagicLeapHandTracking (302)
[2022.01.17-19.29.19:873][611]LogModuleManager: Shutting down and abandoning module MagicLeapEyeTracker (300)
[2022.01.17-19.29.19:873][611]LogModuleManager: Shutting down and abandoning module MagicLeapController (298)
[2022.01.17-19.29.19:874][611]LogSlate: Slate User Destroyed.  User Index 0, Is Virtual User: 0
[2022.01.17-19.29.19:874][611]LogModuleManager: Shutting down and abandoning module MagicLeapARPinImpl (296)
[2022.01.17-19.29.19:874][611]LogModuleManager: Shutting down and abandoning module MagicLeapAR (294)
[2022.01.17-19.29.19:874][611]LogModuleManager: Shutting down and abandoning module AugmentedReality (293)
[2022.01.17-19.29.19:874][611]LogModuleManager: Shutting down and abandoning module ImgMediaEngine (290)
[2022.01.17-19.29.19:874][611]LogModuleManager: Shutting down and abandoning module FacialAnimation (288)
[2022.01.17-19.29.19:874][611]LogModuleManager: Shutting down and abandoning module GameplayTagsEditor (286)
[2022.01.17-19.29.19:874][611]LogModuleManager: Shutting down and abandoning module AssetManagerEditor (284)
[2022.01.17-19.29.19:874][611]LogModuleManager: Shutting down and abandoning module TreeMap (283)
[2022.01.17-19.29.19:874][611]LogModuleManager: Shutting down and abandoning module NiagaraAnimNotifies (280)
[2022.01.17-19.29.19:874][611]LogModuleManager: Shutting down and abandoning module Niagara (278)
[2022.01.17-19.29.19:874][611]LogModuleManager: Shutting down and abandoning module SignalProcessing (277)
[2022.01.17-19.29.19:874][611]LogModuleManager: Shutting down and abandoning module NiagaraEditor (275)
[2022.01.17-19.29.19:874][611]LogModuleManager: Shutting down and abandoning module ContentBrowser (274)
[2022.01.17-19.29.19:874][611]LogModuleManager: Shutting down and abandoning module CollectionManager (273)
[2022.01.17-19.29.19:874][611]LogModuleManager: Shutting down and abandoning module DirectoryWatcher (272)
[2022.01.17-19.29.19:874][611]LogModuleManager: Shutting down and abandoning module ContentBrowserData (269)
[2022.01.17-19.29.19:874][611]LogModuleManager: Shutting down and abandoning module NiagaraCore (264)
[2022.01.17-19.29.19:874][611]LogModuleManager: Shutting down and abandoning module LightPropagationVolumeRuntime (262)
[2022.01.17-19.29.19:874][611]LogModuleManager: Shutting down and abandoning module EnvironmentQueryEditor (260)
[2022.01.17-19.29.19:874][611]LogModuleManager: Shutting down and abandoning module Paper2D (258)
[2022.01.17-19.29.19:874][611]LogModuleManager: Shutting down and abandoning module WebMMoviePlayer (256)
[2022.01.17-19.29.19:874][611]LogModuleManager: Shutting down and abandoning module WindowsMoviePlayer (254)
[2022.01.17-19.29.19:874][611]LogModuleManager: Shutting down and abandoning module NetworkReplayStreaming (252)
[2022.01.17-19.29.19:874][611]LogModuleManager: Shutting down and abandoning module PacketHandler (250)
[2022.01.17-19.29.19:874][611]LogModuleManager: Shutting down and abandoning module ClothingSystemEditor (248)
[2022.01.17-19.29.19:874][611]LogModuleManager: Shutting down and abandoning module ClothingSystemRuntimeNv (246)
[2022.01.17-19.29.19:874][611]LogModuleManager: Shutting down and abandoning module MediaAssets (244)
[2022.01.17-19.29.19:874][611]LogModuleManager: Shutting down and abandoning module Overlay (242)
[2022.01.17-19.29.19:874][611]LogModuleManager: Shutting down and abandoning module OverlayEditor (241)
[2022.01.17-19.29.19:874][611]LogModuleManager: Shutting down and abandoning module VREditor (238)
[2022.01.17-19.29.19:874][611]LogModuleManager: Shutting down and abandoning module StringTableEditor (236)
[2022.01.17-19.29.19:874][611]LogModuleManager: Shutting down and abandoning module GameplayTasksEditor (234)
[2022.01.17-19.29.19:874][611]LogModuleManager: Shutting down and abandoning module BehaviorTreeEditor (232)
[2022.01.17-19.29.19:875][611]LogModuleManager: Shutting down and abandoning module FunctionalTesting (230)
[2022.01.17-19.29.19:875][611]LogModuleManager: Shutting down and abandoning module CollisionAnalyzer (228)
[2022.01.17-19.29.19:875][611]LogModuleManager: Shutting down and abandoning module WorkspaceMenuStructure (227)
[2022.01.17-19.29.19:875][611]LogModuleManager: Shutting down and abandoning module UMG (224)
[2022.01.17-19.29.19:875][611]LogModuleManager: Shutting down and abandoning module UMGEditor (223)
[2022.01.17-19.29.19:875][611]LogModuleManager: Shutting down and abandoning module Sequencer (222)
[2022.01.17-19.29.19:875][611]LogModuleManager: Shutting down and abandoning module MessageLog (219)
[2022.01.17-19.29.19:875][611]LogModuleManager: Shutting down and abandoning module SlateReflector (214)
[2022.01.17-19.29.19:875][611]LogModuleManager: Shutting down and abandoning module Slate (212)
[2022.01.17-19.29.19:875][611]LogModuleManager: Shutting down and abandoning module SlateCore (210)
[2022.01.17-19.29.19:875][611]LogModuleManager: Shutting down and abandoning module LandscapeEditorUtilities (208)
[2022.01.17-19.29.19:875][611]LogModuleManager: Shutting down and abandoning module UnrealEd (206)
[2022.01.17-19.29.19:875][611]LogModuleManager: Shutting down and abandoning module MRMesh (204)
[2022.01.17-19.29.19:875][611]LogModuleManager: Shutting down and abandoning module Messaging (202)
[2022.01.17-19.29.19:875][611]LogModuleManager: Shutting down and abandoning module SourceCodeAccess (200)
[2022.01.17-19.29.19:875][611]LogModuleManager: Shutting down and abandoning module HeadMountedDisplay (198)
[2022.01.17-19.29.19:875][611]LogModuleManager: Shutting down and abandoning module XAudio2 (196)
[2022.01.17-19.29.19:875][611]LogModuleManager: Shutting down and abandoning module Networking (194)
[2022.01.17-19.29.19:875][611]LogModuleManager: Shutting down and abandoning module Core (192)
[2022.01.17-19.29.19:876][611]LogModuleManager: Shutting down and abandoning module MaterialEditor (190)
[2022.01.17-19.29.19:876][611]LogModuleManager: Shutting down and abandoning module MovieSceneTools (188)
[2022.01.17-19.29.19:876][611]LogModuleManager: Shutting down and abandoning module EditorStyle (187)
[2022.01.17-19.29.19:876][611]LogModuleManager: Shutting down and abandoning module KismetCompiler (184)
[2022.01.17-19.29.19:876][611]LogModuleManager: Shutting down and abandoning module MeshBuilder (182)
[2022.01.17-19.29.19:876][611]LogModuleManager: Shutting down and abandoning module MeshUtilities (180)
[2022.01.17-19.29.19:876][611]LogModuleManager: Shutting down and abandoning module MeshMergeUtilities (179)
[2022.01.17-19.29.19:876][611]LogModuleManager: Shutting down and abandoning module MeshReductionInterface (178)
[2022.01.17-19.29.19:876][611]LogModuleManager: Shutting down and abandoning module MeshBoneReduction (177)
[2022.01.17-19.29.19:876][611]LogModuleManager: Shutting down and abandoning module SkeletalMeshReduction (175)
[2022.01.17-19.29.19:876][611]LogModuleManager: Shutting down and abandoning module ProxyLODMeshReduction (173)
[2022.01.17-19.29.19:876][611]LogModuleManager: Shutting down and abandoning module QuadricMeshReduction (171)
[2022.01.17-19.29.19:876][611]LogModuleManager: Shutting down and abandoning module MaterialBaking (167)
[2022.01.17-19.29.19:876][611]LogModuleManager: Shutting down and abandoning module NullInstallBundleManager (162)
[2022.01.17-19.29.19:876][611]LogModuleManager: Shutting down and abandoning module PIEPreviewDeviceProfileSelector (160)
[2022.01.17-19.29.19:876][611]LogModuleManager: Shutting down and abandoning module DerivedDataCache (158)
[2022.01.17-19.29.19:876][611]LogModuleManager: Shutting down and abandoning module TargetPlatform (156)
[2022.01.17-19.29.19:876][611]LogModuleManager: Shutting down and abandoning module VulkanShaderFormat (155)
[2022.01.17-19.29.19:877][611]LogModuleManager: Shutting down and abandoning module ShaderFormatVectorVM (153)
[2022.01.17-19.29.19:877][611]LogModuleManager: Shutting down and abandoning module ShaderFormatOpenGL (151)
[2022.01.17-19.29.19:877][611]LogModuleManager: Shutting down and abandoning module ShaderFormatD3D (149)
[2022.01.17-19.29.19:877][611]LogModuleManager: Shutting down and abandoning module MetalShaderFormat (147)
[2022.01.17-19.29.19:877][611]LogModuleManager: Shutting down and abandoning module TextureFormatOodle (145)
[2022.01.17-19.29.19:877][611]LogModuleManager: Shutting down and abandoning module TextureFormatUncompressed (143)
[2022.01.17-19.29.19:877][611]LogModuleManager: Shutting down and abandoning module TextureFormatPVR (141)
[2022.01.17-19.29.19:877][611]LogModuleManager: Shutting down and abandoning module TextureFormatETC2 (139)
[2022.01.17-19.29.19:877][611]LogModuleManager: Shutting down and abandoning module TextureFormatDXT (137)
[2022.01.17-19.29.19:877][611]LogModuleManager: Shutting down and abandoning module TextureFormatIntelISPCTexComp (135)
[2022.01.17-19.29.19:877][611]LogModuleManager: Shutting down and abandoning module TextureFormatASTC (133)
[2022.01.17-19.29.19:877][611]LogModuleManager: Shutting down and abandoning module ImageWrapper (132)
[2022.01.17-19.29.19:877][611]LogModuleManager: Shutting down and abandoning module AudioFormatOpus (129)
[2022.01.17-19.29.19:877][611]LogModuleManager: Shutting down and abandoning module AudioFormatOgg (127)
[2022.01.17-19.29.19:877][611]LogModuleManager: Shutting down and abandoning module AudioFormatADPCM (125)
[2022.01.17-19.29.19:877][611]LogModuleManager: Shutting down and abandoning module WindowsServerTargetPlatform (123)
[2022.01.17-19.29.19:877][611]LogModuleManager: Shutting down and abandoning module WindowsClientTargetPlatform (121)
[2022.01.17-19.29.19:877][611]LogModuleManager: Shutting down and abandoning module WindowsTargetPlatform (119)
[2022.01.17-19.29.19:877][611]LogModuleManager: Shutting down and abandoning module WindowsNoEditorTargetPlatform (117)
[2022.01.17-19.29.19:877][611]LogModuleManager: Shutting down and abandoning module D3D11RHI (114)
[2022.01.17-19.29.19:877][611]LogModuleManager: Shutting down and abandoning module InputCore (112)
[2022.01.17-19.29.19:877][611]LogModuleManager: Shutting down and abandoning module Settings (110)
[2022.01.17-19.29.19:877][611]LogModuleManager: Shutting down and abandoning module PhysXCooking (108)
[2022.01.17-19.29.19:877][611]LogModuleManager: Shutting down and abandoning module Chaos (106)
[2022.01.17-19.29.19:877][611]LogModuleManager: Shutting down and abandoning module WindowsPlatformFeatures (104)
[2022.01.17-19.29.19:877][611]LogModuleManager: Shutting down and abandoning module GameplayMediaEncoder (103)
[2022.01.17-19.29.19:877][611]LogModuleManager: Shutting down and abandoning module AVEncoder (102)
[2022.01.17-19.29.19:877][611]LogModuleManager: Shutting down and abandoning module PixWinPlugin (98)
[2022.01.17-19.29.19:877][611]LogModuleManager: Shutting down and abandoning module ExampleDeviceProfileSelector (96)
[2022.01.17-19.29.19:877][611]LogModuleManager: Shutting down and abandoning module ChunkDownloader (94)
[2022.01.17-19.29.19:877][611]LogModuleManager: Shutting down and abandoning module LauncherChunkInstaller (92)
[2022.01.17-19.29.19:877][611]LogModuleManager: Shutting down and abandoning module OnlineBlueprintSupport (90)
[2022.01.17-19.29.19:877][611]LogModuleManager: Shutting down and abandoning module OnlineSubsystem (86)
[2022.01.17-19.29.19:877][611]LogModuleManager: Shutting down and abandoning module XMPP (81)
[2022.01.17-19.29.19:877][611]LogModuleManager: Shutting down and abandoning module WebSockets (80)
[2022.01.17-19.29.19:892][611]LogModuleManager: Shutting down and abandoning module HTTP (77)
[2022.01.17-19.29.19:892][611]LogHttp: Display: cleaning up 0 outstanding Http requests.
[2022.01.17-19.29.19:925][611]LogModuleManager: Shutting down and abandoning module SSL (76)
[2022.01.17-19.29.19:926][611]LogModuleManager: Shutting down and abandoning module VariantManagerContent (72)
[2022.01.17-19.29.19:926][611]LogModuleManager: Shutting down and abandoning module MLSDK (70)
[2022.01.17-19.29.19:926][611]LogModuleManager: Shutting down and abandoning module DatasmithContent (68)
[2022.01.17-19.29.19:926][611]LogModuleManager: Shutting down and abandoning module WmfMedia (66)
[2022.01.17-19.29.19:927][611]LogModuleManager: Shutting down and abandoning module Media (65)
[2022.01.17-19.29.19:928][611]LogModuleManager: Shutting down and abandoning module MediaInfo (64)
[2022.01.17-19.29.19:928][611]LogModuleManager: Shutting down and abandoning module MagicLeap (60)
[2022.01.17-19.29.19:928][611]LogModuleManager: Shutting down and abandoning module ExrReaderGpu (58)
[2022.01.17-19.29.19:928][611]LogModuleManager: Shutting down and abandoning module ChaosCloth (56)
[2022.01.17-19.29.19:928][611]LogModuleManager: Shutting down and abandoning module NiagaraVertexFactories (54)
[2022.01.17-19.29.19:928][611]LogModuleManager: Shutting down and abandoning module NiagaraShader (52)
[2022.01.17-19.29.19:928][611]LogModuleManager: Shutting down and abandoning module AISupportModule (50)
[2022.01.17-19.29.19:928][611]LogModuleManager: Shutting down and abandoning module DesktopPlatform (48)
[2022.01.17-19.29.19:928][611]LogModuleManager: Shutting down and abandoning module PythonScriptPluginPreload (46)
[2022.01.17-19.29.19:928][611]LogModuleManager: Shutting down and abandoning module PlatformCryptoOpenSSL (44)
[2022.01.17-19.29.19:928][611]LogModuleManager: Shutting down and abandoning module PlatformCryptoTypes (42)
[2022.01.17-19.29.19:928][611]LogModuleManager: Shutting down and abandoning module PlatformCrypto (40)
[2022.01.17-19.29.19:928][611]LogModuleManager: Shutting down and abandoning module OodleDataCompressionFormat (38)
[2022.01.17-19.29.19:928][611]LogModuleManager: Shutting down and abandoning module XGEController (36)
[2022.01.17-19.29.19:928][611]LogModuleManager: Shutting down and abandoning module AnimationModifiers (34)
[2022.01.17-19.29.19:928][611]LogModuleManager: Shutting down and abandoning module AudioEditor (32)
[2022.01.17-19.29.19:928][611]LogModuleManager: Shutting down and abandoning module PropertyEditor (31)
[2022.01.17-19.29.19:928][611]LogModuleManager: Shutting down and abandoning module TextureCompressor (28)
[2022.01.17-19.29.19:928][611]LogModuleManager: Shutting down and abandoning module RenderCore (26)
[2022.01.17-19.29.19:928][611]LogModuleManager: Shutting down and abandoning module Landscape (24)
[2022.01.17-19.29.19:928][611]LogModuleManager: Shutting down and abandoning module SlateRHIRenderer (22)
[2022.01.17-19.29.19:928][611]LogModuleManager: Shutting down and abandoning module AnimGraphRuntime (20)
[2022.01.17-19.29.19:928][611]LogModuleManager: Shutting down and abandoning module Renderer (18)
[2022.01.17-19.29.19:928][611]LogModuleManager: Shutting down and abandoning module Engine (16)
[2022.01.17-19.29.19:928][611]LogModuleManager: Shutting down and abandoning module CoreUObject (14)
[2022.01.17-19.29.19:928][611]LogModuleManager: Shutting down and abandoning module NetworkFile (12)
[2022.01.17-19.29.19:928][611]LogModuleManager: Shutting down and abandoning module CookedIterativeFile (10)
[2022.01.17-19.29.19:928][611]LogModuleManager: Shutting down and abandoning module StreamingFile (8)
[2022.01.17-19.29.19:928][611]LogModuleManager: Shutting down and abandoning module SandboxFile (6)
[2022.01.17-19.29.19:928][611]LogModuleManager: Shutting down and abandoning module PakFile (4)
[2022.01.17-19.29.19:928][611]LogModuleManager: Shutting down and abandoning module RSA (3)
[2022.01.17-19.29.19:994][611]LogContentStreaming: Display: There are 1 unreleased StreamingManagers
[2022.01.17-19.29.20:002][611]LogD3D11RHI: Shutdown
[2022.01.17-19.29.20:002][611]LogD3D11RHI: CleanupD3DDevice
[2022.01.17-19.29.20:003][611]LogExit: Exiting.
[2022.01.17-19.29.20:015][611]Log file closed, 01/17/22 20:29:20
