Log file open, 01/17/22 20:28:24
LogWindows: Failed to load 'aqProf.dll' (GetLastError=126)
LogWindows: File 'aqProf.dll' does not exist
LogWindows: Failed to load 'VtuneApi.dll' (GetLastError=126)
LogWindows: File 'VtuneApi.dll' does not exist
LogWindows: Failed to load 'VtuneApi32e.dll' (GetLastError=126)
LogWindows: File 'VtuneApi32e.dll' does not exist
LogConsoleResponse: Display: Failed to find resolution value strings in scalability ini. Falling back to default.
LogConsoleResponse: Display: Failed to find resolution value strings in scalability ini. Falling back to default.
LogInit: Display: Running engine for game: TGJProject
LogPlatformFile: Not using cached read wrapper
LogTaskGraph: Started task graph with 5 named threads and 35 total threads with 3 sets of task threads.
LogStats: Stats thread started at 0.203761
LogICUInternationalization: ICU TimeZone Detection - Raw Offset: +1:00, Platform Override: ''
LogInit: Display: Loading text-based GConfig....
LogPluginManager: Mounting plugin MeshPainting
LogPluginManager: Mounting plugin SideFX_Labs
LogPluginManager: Mounting plugin XGEController
LogPluginManager: Mounting plugin Paper2D
LogPluginManager: Mounting plugin AISupport
LogPluginManager: Mounting plugin EnvironmentQueryEditor
LogPluginManager: Mounting plugin LightPropagationVolume
LogPluginManager: Mounting plugin CameraShakePreviewer
LogPluginManager: Mounting plugin GameplayCameras
LogPluginManager: Mounting plugin OodleData
LogPluginManager: Mounting plugin OodleNetwork
LogPluginManager: Mounting plugin CryptoKeys
LogPluginManager: Mounting plugin CurveEditorTools
LogPluginManager: Mounting plugin AssetManagerEditor
LogPluginManager: Mounting plugin DataValidation
LogPluginManager: Mounting plugin GameplayTagsEditor
LogPluginManager: Mounting plugin FacialAnimation
LogPluginManager: Mounting plugin MobileLauncherProfileWizard
LogPluginManager: Mounting plugin GeometryMode
LogPluginManager: Mounting plugin MacGraphicsSwitching
LogPluginManager: Mounting plugin SpeedTreeImporter
LogPluginManager: Mounting plugin Niagara
LogPluginManager: Mounting plugin AnimationSharing
LogPluginManager: Mounting plugin CodeLiteSourceCodeAccess
LogPluginManager: Mounting plugin CLionSourceCodeAccess
LogPluginManager: Mounting plugin MaterialAnalyzer
LogPluginManager: Mounting plugin PluginBrowser
LogPluginManager: Mounting plugin GitSourceControl
LogPluginManager: Mounting plugin KDevelopSourceCodeAccess
LogPluginManager: Mounting plugin NullSourceCodeAccess
LogPluginManager: Mounting plugin PerforceSourceControl
LogPluginManager: Mounting plugin PixWinPlugin
LogPluginManager: Mounting plugin PlasticSourceControl
LogPluginManager: Mounting plugin PluginUtils
LogPluginManager: Mounting plugin PropertyAccessNode
LogPluginManager: Mounting plugin RiderSourceCodeAccess
LogPluginManager: Mounting plugin SubversionSourceControl
LogPluginManager: Mounting plugin UObjectPlugin
LogPluginManager: Mounting plugin TextureFormatOodle
LogPluginManager: Mounting plugin AutomationUtils
LogPluginManager: Mounting plugin BackChannel
LogPluginManager: Mounting plugin ChaosCloth
LogPluginManager: Mounting plugin ChaosClothEditor
LogPluginManager: Mounting plugin ChaosNiagara
LogPluginManager: Mounting plugin ChaosEditor
LogPluginManager: Mounting plugin CharacterAI
LogPluginManager: Mounting plugin ChaosSolverPlugin
LogPluginManager: Mounting plugin VisualStudioCodeSourceCodeAccess
LogPluginManager: Mounting plugin VisualStudioSourceCodeAccess
LogPluginManager: Mounting plugin XCodeSourceCodeAccess
LogPluginManager: Mounting plugin GeometryCache
LogPluginManager: Mounting plugin GeometryCollectionPlugin
LogPluginManager: Mounting plugin GeometryProcessing
LogPluginManager: Mounting plugin MotoSynth
LogPluginManager: Mounting plugin OpenImageDenoise
LogPluginManager: Mounting plugin PlatformCrypto
LogPluginManager: Mounting plugin AlembicImporter
LogPluginManager: Mounting plugin ProxyLODPlugin
LogPluginManager: Mounting plugin PythonScriptPlugin
LogPluginManager: Mounting plugin PlanarCut
LogPluginManager: Mounting plugin LuminPlatformFeatures
LogPluginManager: Mounting plugin MagicLeap
LogPluginManager: Mounting plugin AndroidMedia
LogPluginManager: Mounting plugin AvfMedia
LogPluginManager: Mounting plugin MagicLeapLightEstimation
LogPluginManager: Mounting plugin MagicLeapMedia
LogPluginManager: Mounting plugin ImgMedia
LogPluginManager: Mounting plugin SkeletalReduction
LogPluginManager: Mounting plugin MagicLeapPassableWorld
LogPluginManager: Mounting plugin MLSDK
LogPluginManager: Mounting plugin MediaCompositing
LogPluginManager: Mounting plugin MediaPlayerEditor
LogPluginManager: Mounting plugin WebMMedia
LogPluginManager: Mounting plugin WmfMedia
LogPluginManager: Mounting plugin TcpMessaging
LogPluginManager: Mounting plugin UdpMessaging
LogPluginManager: Mounting plugin LevelSequenceEditor
LogPluginManager: Mounting plugin MatineeToLevelSequence
LogPluginManager: Mounting plugin TemplateSequence
LogPluginManager: Mounting plugin OnlineSubsystem
LogPluginManager: Mounting plugin ActorSequence
LogPluginManager: Mounting plugin OnlineSubsystemNull
LogPluginManager: Mounting plugin OnlineSubsystemUtils
LogPluginManager: Mounting plugin LauncherChunkInstaller
LogPluginManager: Mounting plugin ActorLayerUtilities
LogPluginManager: Mounting plugin AndroidDeviceProfileSelector
LogPluginManager: Mounting plugin AndroidMoviePlayer
LogPluginManager: Mounting plugin AndroidPermission
LogPluginManager: Mounting plugin AppleImageUtils
LogPluginManager: Mounting plugin AppleMoviePlayer
LogPluginManager: Mounting plugin AssetTags
LogPluginManager: Mounting plugin ArchVisCharacter
LogPluginManager: Mounting plugin AudioCapture
LogPluginManager: Mounting plugin AudioSynesthesia
LogPluginManager: Mounting plugin CableComponent
LogPluginManager: Mounting plugin ChunkDownloader
LogPluginManager: Mounting plugin CustomMeshComponent
LogPluginManager: Mounting plugin EditableMesh
LogPluginManager: Mounting plugin ExampleDeviceProfileSelector
LogPluginManager: Mounting plugin GooglePAD
LogPluginManager: Mounting plugin GoogleCloudMessaging
LogPluginManager: Mounting plugin ScreenshotTools
LogPluginManager: Mounting plugin IOSDeviceProfileSelector
LogPluginManager: Mounting plugin LinuxDeviceProfileSelector
LogPluginManager: Mounting plugin LocationServicesBPLibrary
LogPluginManager: Mounting plugin MobilePatchingUtils
LogPluginManager: Mounting plugin PostSplashScreen
LogPluginManager: Mounting plugin PhysXVehicles
LogPluginManager: Mounting plugin ProceduralMeshComponent
LogPluginManager: Mounting plugin PropertyAccessEditor
LogPluginManager: Mounting plugin SignificanceManager
LogPluginManager: Mounting plugin SoundFields
LogPluginManager: Mounting plugin RuntimePhysXCooking
LogPluginManager: Mounting plugin Synthesis
LogPluginManager: Mounting plugin WebMMoviePlayer
LogPluginManager: Mounting plugin WindowsMoviePlayer
LogPluginManager: Mounting plugin DatasmithContent
LogPluginManager: Mounting plugin VariantManagerContent
LogPluginManager: Mounting plugin ContentBrowserAssetDataSource
LogPluginManager: Mounting plugin ContentBrowserFileDataSource
LogPluginManager: Mounting plugin ContentBrowserClassDataSource
LogPluginManager: Mounting plugin OnlineSubsystemGooglePlay
LogPluginManager: Mounting plugin OnlineSubsystemIOS
PixWinPlugin: PIX capture plugin failed to initialize! Check that the process is launched from PIX.
LogInit: Using libcurl 7.55.1-DEV
LogInit:  - built for x86_64-pc-win32
LogInit:  - supports SSL with OpenSSL/1.1.1
LogInit:  - supports HTTP deflate (compression) using libz 1.2.8
LogInit:  - other features:
LogInit:      CURL_VERSION_SSL
LogInit:      CURL_VERSION_LIBZ
LogInit:      CURL_VERSION_IPV6
LogInit:      CURL_VERSION_ASYNCHDNS
LogInit:      CURL_VERSION_LARGEFILE
LogInit:      CURL_VERSION_IDN
LogInit:  CurlRequestOptions (configurable via config and command line):
LogInit:  - bVerifyPeer = true  - Libcurl will verify peer certificate
LogInit:  - bUseHttpProxy = false  - Libcurl will NOT use HTTP proxy
LogInit:  - bDontReuseConnections = false  - Libcurl will reuse connections
LogInit:  - MaxHostConnections = 16  - Libcurl will limit the number of connections to a host
LogInit:  - LocalHostAddr = Default
LogInit:  - BufferSize = 65536
LogOnline: OSS: Creating online subsystem instance for: NULL
LogInit: WinSock: version 1.1 (2.2), MaxSocks=32767, MaxUdp=65467
LogOnline: OSS: TryLoadSubsystemAndSetDefault: Loaded subsystem for module [NULL]
LogInit: Build: ++UE4+Release-4.27-CL-18319896
LogInit: Engine Version: 4.27.2-18319896+++UE4+Release-4.27
LogInit: Compatible Engine Version: 4.27.0-17155196+++UE4+Release-4.27
LogInit: Net CL: 17155196
LogInit: OS: Windows 10 (Release 2004) (), CPU: Intel(R) Core(TM) i7-10750H CPU @ 2.60GHz, GPU: Intel(R) UHD Graphics
LogInit: Compiled (64-bit): Nov 30 2021 07:12:08
LogInit: Compiled with Visual C++: 19.24.28315.00
LogInit: Build Configuration: Development
LogInit: Branch Name: ++UE4+Release-4.27
LogInit: Command Line:  /Game/Draft/Maps/Testing -game -PIEVIACONSOLE -Multiprocess GameUserSettingsINI=D:/GameJam/Repo/TGJProject/TGJProject/Saved/Config/Windows/PIEGameUserSettings0.ini -MultiprocessSaveConfig -forcepassthrough -messaging -SessionName="Play in Standalone Game" -featureleveles31 -faketouches -MultiprocessSaveConfig -windowed -WinX=320 -WinY=210 SAVEWINPOS=1 -ResX=1300 -ResY=800
LogInit: Base Directory: C:/Program Files/Epic Games/UE_4.27/Engine/Binaries/Win64/
LogInit: Allocator: TBB
LogInit: Installed Engine Build: 1
LogDevObjectVersion: Number of dev versions registered: 29
LogDevObjectVersion:   Dev-Blueprints (B0D832E4-1F89-4F0D-ACCF-7EB736FD4AA2): 10
LogDevObjectVersion:   Dev-Build (E1C64328-A22C-4D53-A36C-8E866417BD8C): 0
LogDevObjectVersion:   Dev-Core (375EC13C-06E4-48FB-B500-84F0262A717E): 4
LogDevObjectVersion:   Dev-Editor (E4B068ED-F494-42E9-A231-DA0B2E46BB41): 40
LogDevObjectVersion:   Dev-Framework (CFFC743F-43B0-4480-9391-14DF171D2073): 37
LogDevObjectVersion:   Dev-Mobile (B02B49B5-BB20-44E9-A304-32B752E40360): 3
LogDevObjectVersion:   Dev-Networking (A4E4105C-59A1-49B5-A7C5-40C4547EDFEE): 0
LogDevObjectVersion:   Dev-Online (39C831C9-5AE6-47DC-9A44-9C173E1C8E7C): 0
LogDevObjectVersion:   Dev-Physics (78F01B33-EBEA-4F98-B9B4-84EACCB95AA2): 14
LogDevObjectVersion:   Dev-Platform (6631380F-2D4D-43E0-8009-CF276956A95A): 0
LogDevObjectVersion:   Dev-Rendering (12F88B9F-8875-4AFC-A67C-D90C383ABD29): 45
LogDevObjectVersion:   Dev-Sequencer (7B5AE74C-D270-4C10-A958-57980B212A5A): 13
LogDevObjectVersion:   Dev-VR (D7296918-1DD6-4BDD-9DE2-64A83CC13884): 3
LogDevObjectVersion:   Dev-LoadTimes (C2A15278-BFE7-4AFE-6C17-90FF531DF755): 1
LogDevObjectVersion:   Private-Geometry (6EACA3D4-40EC-4CC1-B786-8BED09428FC5): 3
LogDevObjectVersion:   Dev-AnimPhys (29E575DD-E0A3-4627-9D10-D276232CDCEA): 17
LogDevObjectVersion:   Dev-Anim (AF43A65D-7FD3-4947-9873-3E8ED9C1BB05): 15
LogDevObjectVersion:   Dev-ReflectionCapture (6B266CEC-1EC7-4B8F-A30B-E4D90942FC07): 1
LogDevObjectVersion:   Dev-Automation (0DF73D61-A23F-47EA-B727-89E90C41499A): 1
LogDevObjectVersion:   FortniteMain (601D1886-AC64-4F84-AA16-D3DE0DEAC7D6): 47
LogDevObjectVersion:   FortniteRelease (E7086368-6B23-4C58-8439-1B7016265E91): 1
LogDevObjectVersion:   Dev-Enterprise (9DFFBCD6-494F-0158-E221-12823C92A888): 10
LogDevObjectVersion:   Dev-Niagara (F2AED0AC-9AFE-416F-8664-AA7FFA26D6FC): 1
LogDevObjectVersion:   Dev-Destruction (174F1F0B-B4C6-45A5-B13F-2EE8D0FB917D): 10
LogDevObjectVersion:   Dev-Physics-Ext (35F94A83-E258-406C-A318-09F59610247C): 41
LogDevObjectVersion:   Dev-PhysicsMaterial-Chaos (B68FC16E-8B1B-42E2-B453-215C058844FE): 1
LogDevObjectVersion:   Dev-CineCamera (B2E18506-4273-CFC2-A54E-F4BB758BBA07): 1
LogDevObjectVersion:   Dev-VirtualProduction (64F58936-FD1B-42BA-BA96-7289D5D0FA4E): 1
LogDevObjectVersion:   Dev-MediaFramework (6F0ED827-A609-4895-9C91-998D90180EA4): 2
LogInit: Presizing for max 25165824 objects, including 0 objects not considered by GC, pre-allocating 0 bytes for permanent pool.
LogConfig: Applying CVar settings from Section [/Script/Engine.StreamingSettings] File [D:/GameJam/Repo/TGJProject/TGJProject/Saved/Config/Windows/Engine.ini]
LogConfig: Setting CVar [[s.MinBulkDataSizeForAsyncLoading:131072]]
LogConfig: Setting CVar [[s.AsyncLoadingThreadEnabled:0]]
LogConfig: Setting CVar [[s.EventDrivenLoaderEnabled:1]]
LogConfig: Setting CVar [[s.WarnIfTimeLimitExceeded:0]]
LogConfig: Setting CVar [[s.TimeLimitExceededMultiplier:1.5]]
LogConfig: Setting CVar [[s.TimeLimitExceededMinTime:0.005]]
LogConfig: Setting CVar [[s.UseBackgroundLevelStreaming:1]]
LogConfig: Setting CVar [[s.PriorityAsyncLoadingExtraTime:15.0]]
LogConfig: Setting CVar [[s.LevelStreamingActorsUpdateTimeLimit:5.0]]
LogConfig: Setting CVar [[s.PriorityLevelStreamingActorsUpdateExtraTime:5.0]]
LogConfig: Setting CVar [[s.LevelStreamingComponentsRegistrationGranularity:10]]
LogConfig: Setting CVar [[s.UnregisterComponentsTimeLimit:1.0]]
LogConfig: Setting CVar [[s.LevelStreamingComponentsUnregistrationGranularity:5]]
LogConfig: Setting CVar [[s.FlushStreamingOnExit:1]]
LogInit: Object subsystem initialized
LogConfig: Setting CVar [[con.DebugEarlyDefault:1]]
LogConfig: Setting CVar [[r.setres:1280x720]]
[2022.01.17-19.28.24:708][  0]LogConfig: Setting CVar [[con.DebugEarlyDefault:1]]
[2022.01.17-19.28.24:708][  0]LogConfig: Setting CVar [[r.setres:1280x720]]
[2022.01.17-19.28.24:708][  0]LogConfig: Applying CVar settings from Section [/Script/Engine.RendererSettings] File [D:/GameJam/Repo/TGJProject/TGJProject/Saved/Config/Windows/Engine.ini]
[2022.01.17-19.28.24:708][  0]LogConfig: Setting CVar [[r.GPUCrashDebugging:0]]
[2022.01.17-19.28.24:708][  0]LogConfig: Applying CVar settings from Section [/Script/Engine.RendererOverrideSettings] File [D:/GameJam/Repo/TGJProject/TGJProject/Saved/Config/Windows/Engine.ini]
[2022.01.17-19.28.24:708][  0]LogConfig: Applying CVar settings from Section [/Script/Engine.StreamingSettings] File [D:/GameJam/Repo/TGJProject/TGJProject/Saved/Config/Windows/Engine.ini]
[2022.01.17-19.28.24:708][  0]LogConfig: Setting CVar [[s.MinBulkDataSizeForAsyncLoading:131072]]
[2022.01.17-19.28.24:708][  0]LogConfig: Setting CVar [[s.AsyncLoadingThreadEnabled:0]]
[2022.01.17-19.28.24:708][  0]LogConfig: Setting CVar [[s.EventDrivenLoaderEnabled:1]]
[2022.01.17-19.28.24:708][  0]LogConfig: Setting CVar [[s.WarnIfTimeLimitExceeded:0]]
[2022.01.17-19.28.24:708][  0]LogConfig: Setting CVar [[s.TimeLimitExceededMultiplier:1.5]]
[2022.01.17-19.28.24:708][  0]LogConfig: Setting CVar [[s.TimeLimitExceededMinTime:0.005]]
[2022.01.17-19.28.24:708][  0]LogConfig: Setting CVar [[s.UseBackgroundLevelStreaming:1]]
[2022.01.17-19.28.24:708][  0]LogConfig: Setting CVar [[s.PriorityAsyncLoadingExtraTime:15.0]]
[2022.01.17-19.28.24:708][  0]LogConfig: Setting CVar [[s.LevelStreamingActorsUpdateTimeLimit:5.0]]
[2022.01.17-19.28.24:708][  0]LogConfig: Setting CVar [[s.PriorityLevelStreamingActorsUpdateExtraTime:5.0]]
[2022.01.17-19.28.24:708][  0]LogConfig: Setting CVar [[s.LevelStreamingComponentsRegistrationGranularity:10]]
[2022.01.17-19.28.24:708][  0]LogConfig: Setting CVar [[s.UnregisterComponentsTimeLimit:1.0]]
[2022.01.17-19.28.24:708][  0]LogConfig: Setting CVar [[s.LevelStreamingComponentsUnregistrationGranularity:5]]
[2022.01.17-19.28.24:708][  0]LogConfig: Setting CVar [[s.FlushStreamingOnExit:1]]
[2022.01.17-19.28.24:708][  0]LogConfig: Applying CVar settings from Section [/Script/Engine.GarbageCollectionSettings] File [D:/GameJam/Repo/TGJProject/TGJProject/Saved/Config/Windows/Engine.ini]
[2022.01.17-19.28.24:708][  0]LogConfig: Setting CVar [[gc.MaxObjectsNotConsideredByGC:1]]
[2022.01.17-19.28.24:708][  0]LogConfig: Setting CVar [[gc.SizeOfPermanentObjectPool:0]]
[2022.01.17-19.28.24:708][  0]LogConfig: Setting CVar [[gc.FlushStreamingOnGC:0]]
[2022.01.17-19.28.24:708][  0]LogConfig: Setting CVar [[gc.NumRetriesBeforeForcingGC:10]]
[2022.01.17-19.28.24:708][  0]LogConfig: Setting CVar [[gc.AllowParallelGC:1]]
[2022.01.17-19.28.24:708][  0]LogConfig: Setting CVar [[gc.TimeBetweenPurgingPendingKillObjects:61.1]]
[2022.01.17-19.28.24:708][  0]LogConfig: Setting CVar [[gc.MaxObjectsInEditor:25165824]]
[2022.01.17-19.28.24:708][  0]LogConfig: Setting CVar [[gc.IncrementalBeginDestroyEnabled:1]]
[2022.01.17-19.28.24:708][  0]LogConfig: Setting CVar [[gc.CreateGCClusters:1]]
[2022.01.17-19.28.24:708][  0]LogConfig: Setting CVar [[gc.MinGCClusterSize:5]]
[2022.01.17-19.28.24:708][  0]LogConfig: Setting CVar [[gc.ActorClusteringEnabled:0]]
[2022.01.17-19.28.24:708][  0]LogConfig: Setting CVar [[gc.BlueprintClusteringEnabled:0]]
[2022.01.17-19.28.24:708][  0]LogConfig: Setting CVar [[gc.UseDisregardForGCOnDedicatedServers:0]]
[2022.01.17-19.28.24:708][  0]LogConfig: Setting CVar [[gc.MultithreadedDestructionEnabled:1]]
[2022.01.17-19.28.24:708][  0]LogConfig: Applying CVar settings from Section [/Script/Engine.NetworkSettings] File [D:/GameJam/Repo/TGJProject/TGJProject/Saved/Config/Windows/Engine.ini]
[2022.01.17-19.28.24:708][  0]LogConfig: Applying CVar settings from Section [/Script/UnrealEd.CookerSettings] File [D:/GameJam/Repo/TGJProject/TGJProject/Saved/Config/Windows/Engine.ini]
[2022.01.17-19.28.24:715][  0]LogConfig: Applying CVar settings from Section [ViewDistanceQuality@3] File [D:/GameJam/Repo/TGJProject/TGJProject/Saved/Config/Windows/Scalability.ini]
[2022.01.17-19.28.24:715][  0]LogConfig: Setting CVar [[r.SkeletalMeshLODBias:0]]
[2022.01.17-19.28.24:715][  0]LogConfig: Setting CVar [[r.ViewDistanceScale:1.0]]
[2022.01.17-19.28.24:715][  0]LogConfig: Applying CVar settings from Section [AntiAliasingQuality@3] File [D:/GameJam/Repo/TGJProject/TGJProject/Saved/Config/Windows/Scalability.ini]
[2022.01.17-19.28.24:715][  0]LogConfig: Setting CVar [[r.PostProcessAAQuality:4]]
[2022.01.17-19.28.24:715][  0]LogConfig: Applying CVar settings from Section [ShadowQuality@3] File [D:/GameJam/Repo/TGJProject/TGJProject/Saved/Config/Windows/Scalability.ini]
[2022.01.17-19.28.24:715][  0]LogConfig: Setting CVar [[r.LightFunctionQuality:1]]
[2022.01.17-19.28.24:715][  0]LogConfig: Setting CVar [[r.ShadowQuality:5]]
[2022.01.17-19.28.24:715][  0]LogConfig: Setting CVar [[r.Shadow.CSM.MaxCascades:10]]
[2022.01.17-19.28.24:715][  0]LogConfig: Setting CVar [[r.Shadow.MaxResolution:2048]]
[2022.01.17-19.28.24:715][  0]LogConfig: Setting CVar [[r.Shadow.MaxCSMResolution:2048]]
[2022.01.17-19.28.24:715][  0]LogConfig: Setting CVar [[r.Shadow.RadiusThreshold:0.01]]
[2022.01.17-19.28.24:715][  0]LogConfig: Setting CVar [[r.Shadow.DistanceScale:1.0]]
[2022.01.17-19.28.24:715][  0]LogConfig: Setting CVar [[r.Shadow.CSM.TransitionScale:1.0]]
[2022.01.17-19.28.24:715][  0]LogConfig: Setting CVar [[r.Shadow.PreShadowResolutionFactor:1.0]]
[2022.01.17-19.28.24:715][  0]LogConfig: Setting CVar [[r.DistanceFieldShadowing:1]]
[2022.01.17-19.28.24:715][  0]LogConfig: Setting CVar [[r.DistanceFieldAO:1]]
[2022.01.17-19.28.24:715][  0]LogConfig: Setting CVar [[r.AOQuality:2]]
[2022.01.17-19.28.24:715][  0]LogConfig: Setting CVar [[r.VolumetricFog:1]]
[2022.01.17-19.28.24:715][  0]LogConfig: Setting CVar [[r.VolumetricFog.GridPixelSize:8]]
[2022.01.17-19.28.24:715][  0]LogConfig: Setting CVar [[r.VolumetricFog.GridSizeZ:128]]
[2022.01.17-19.28.24:715][  0]LogConfig: Setting CVar [[r.VolumetricFog.HistoryMissSupersampleCount:4]]
[2022.01.17-19.28.24:715][  0]LogConfig: Setting CVar [[r.LightMaxDrawDistanceScale:1]]
[2022.01.17-19.28.24:715][  0]LogConfig: Setting CVar [[r.CapsuleShadows:1]]
[2022.01.17-19.28.24:715][  0]LogConfig: Applying CVar settings from Section [PostProcessQuality@3] File [D:/GameJam/Repo/TGJProject/TGJProject/Saved/Config/Windows/Scalability.ini]
[2022.01.17-19.28.24:715][  0]LogConfig: Setting CVar [[r.MotionBlurQuality:4]]
[2022.01.17-19.28.24:715][  0]LogConfig: Setting CVar [[r.AmbientOcclusionMipLevelFactor:0.4]]
[2022.01.17-19.28.24:715][  0]LogConfig: Setting CVar [[r.AmbientOcclusionMaxQuality:100]]
[2022.01.17-19.28.24:715][  0]LogConfig: Setting CVar [[r.AmbientOcclusionLevels:-1]]
[2022.01.17-19.28.24:715][  0]LogConfig: Setting CVar [[r.AmbientOcclusionRadiusScale:1.0]]
[2022.01.17-19.28.24:715][  0]LogConfig: Setting CVar [[r.DepthOfFieldQuality:2]]
[2022.01.17-19.28.24:715][  0]LogConfig: Setting CVar [[r.RenderTargetPoolMin:400]]
[2022.01.17-19.28.24:715][  0]LogConfig: Setting CVar [[r.LensFlareQuality:2]]
[2022.01.17-19.28.24:715][  0]LogConfig: Setting CVar [[r.SceneColorFringeQuality:1]]
[2022.01.17-19.28.24:715][  0]LogConfig: Setting CVar [[r.EyeAdaptationQuality:2]]
[2022.01.17-19.28.24:715][  0]LogConfig: Setting CVar [[r.BloomQuality:5]]
[2022.01.17-19.28.24:715][  0]LogConfig: Setting CVar [[r.FastBlurThreshold:100]]
[2022.01.17-19.28.24:715][  0]LogConfig: Setting CVar [[r.Upscale.Quality:3]]
[2022.01.17-19.28.24:715][  0]LogConfig: Setting CVar [[r.Tonemapper.GrainQuantization:1]]
[2022.01.17-19.28.24:715][  0]LogConfig: Setting CVar [[r.LightShaftQuality:1]]
[2022.01.17-19.28.24:715][  0]LogConfig: Setting CVar [[r.Filter.SizeScale:1]]
[2022.01.17-19.28.24:715][  0]LogConfig: Setting CVar [[r.Tonemapper.Quality:5]]
[2022.01.17-19.28.24:715][  0]LogConfig: Setting CVar [[r.DOF.Gather.AccumulatorQuality:1        ; higher gathering accumulator quality]]
[2022.01.17-19.28.24:715][  0]LogConfig: Setting CVar [[r.DOF.Gather.PostfilterMethod:1          ; Median3x3 postfilering method]]
[2022.01.17-19.28.24:715][  0]LogConfig: Setting CVar [[r.DOF.Gather.EnableBokehSettings:0       ; no bokeh simulation when gathering]]
[2022.01.17-19.28.24:715][  0]LogConfig: Setting CVar [[r.DOF.Gather.RingCount:4                 ; medium number of samples when gathering]]
[2022.01.17-19.28.24:715][  0]LogConfig: Setting CVar [[r.DOF.Scatter.ForegroundCompositing:1    ; additive foreground scattering]]
[2022.01.17-19.28.24:715][  0]LogConfig: Setting CVar [[r.DOF.Scatter.BackgroundCompositing:2    ; additive background scattering]]
[2022.01.17-19.28.24:715][  0]LogConfig: Setting CVar [[r.DOF.Scatter.EnableBokehSettings:1      ; bokeh simulation when scattering]]
[2022.01.17-19.28.24:715][  0]LogConfig: Setting CVar [[r.DOF.Scatter.MaxSpriteRatio:0.1         ; only a maximum of 10% of scattered bokeh]]
[2022.01.17-19.28.24:715][  0]LogConfig: Setting CVar [[r.DOF.Recombine.Quality:1                ; cheap slight out of focus]]
[2022.01.17-19.28.24:715][  0]LogConfig: Setting CVar [[r.DOF.Recombine.EnableBokehSettings:0    ; no bokeh simulation on slight out of focus]]
[2022.01.17-19.28.24:715][  0]LogConfig: Setting CVar [[r.DOF.TemporalAAQuality:1                ; more stable temporal accumulation]]
[2022.01.17-19.28.24:715][  0]LogConfig: Setting CVar [[r.DOF.Kernel.MaxForegroundRadius:0.025]]
[2022.01.17-19.28.24:715][  0]LogConfig: Setting CVar [[r.DOF.Kernel.MaxBackgroundRadius:0.025]]
[2022.01.17-19.28.24:715][  0]LogConfig: Applying CVar settings from Section [TextureQuality@3] File [D:/GameJam/Repo/TGJProject/TGJProject/Saved/Config/Windows/Scalability.ini]
[2022.01.17-19.28.24:715][  0]LogConfig: Setting CVar [[r.Streaming.MipBias:0]]
[2022.01.17-19.28.24:715][  0]LogConfig: Setting CVar [[r.Streaming.AmortizeCPUToGPUCopy:0]]
[2022.01.17-19.28.24:715][  0]LogConfig: Setting CVar [[r.Streaming.MaxNumTexturesToStreamPerFrame:0]]
[2022.01.17-19.28.24:715][  0]LogConfig: Setting CVar [[r.Streaming.Boost:1]]
[2022.01.17-19.28.24:715][  0]LogConfig: Setting CVar [[r.MaxAnisotropy:8]]
[2022.01.17-19.28.24:715][  0]LogConfig: Setting CVar [[r.VT.MaxAnisotropy:8]]
[2022.01.17-19.28.24:715][  0]LogConfig: Setting CVar [[r.Streaming.LimitPoolSizeToVRAM:0]]
[2022.01.17-19.28.24:715][  0]LogConfig: Setting CVar [[r.Streaming.PoolSize:1000]]
[2022.01.17-19.28.24:715][  0]LogConfig: Setting CVar [[r.Streaming.MaxEffectiveScreenSize:0]]
[2022.01.17-19.28.24:715][  0]LogConfig: Applying CVar settings from Section [EffectsQuality@3] File [D:/GameJam/Repo/TGJProject/TGJProject/Saved/Config/Windows/Scalability.ini]
[2022.01.17-19.28.24:715][  0]LogConfig: Setting CVar [[r.TranslucencyLightingVolumeDim:64]]
[2022.01.17-19.28.24:715][  0]LogConfig: Setting CVar [[r.RefractionQuality:2]]
[2022.01.17-19.28.24:715][  0]LogConfig: Setting CVar [[r.SSR.Quality:3]]
[2022.01.17-19.28.24:715][  0]LogConfig: Setting CVar [[r.SSR.HalfResSceneColor:0]]
[2022.01.17-19.28.24:715][  0]LogConfig: Setting CVar [[r.SceneColorFormat:4]]
[2022.01.17-19.28.24:715][  0]LogConfig: Setting CVar [[r.DetailMode:2]]
[2022.01.17-19.28.24:715][  0]LogConfig: Setting CVar [[r.TranslucencyVolumeBlur:1]]
[2022.01.17-19.28.24:715][  0]LogConfig: Setting CVar [[r.MaterialQualityLevel:1 ; High quality]]
[2022.01.17-19.28.24:715][  0]LogConfig: Setting CVar [[r.AnisotropicMaterials:1]]
[2022.01.17-19.28.24:715][  0]LogConfig: Setting CVar [[r.SSS.Scale:1]]
[2022.01.17-19.28.24:715][  0]LogConfig: Setting CVar [[r.SSS.SampleSet:2]]
[2022.01.17-19.28.24:715][  0]LogConfig: Setting CVar [[r.SSS.Quality:1]]
[2022.01.17-19.28.24:715][  0]LogConfig: Setting CVar [[r.SSS.HalfRes:0]]
[2022.01.17-19.28.24:715][  0]LogConfig: Setting CVar [[r.SSGI.Quality:3]]
[2022.01.17-19.28.24:715][  0]LogConfig: Setting CVar [[r.EmitterSpawnRateScale:1.0]]
[2022.01.17-19.28.24:715][  0]LogConfig: Setting CVar [[r.ParticleLightQuality:2]]
[2022.01.17-19.28.24:715][  0]LogConfig: Setting CVar [[r.SkyAtmosphere.AerialPerspectiveLUT.FastApplyOnOpaque:1 ; Always have FastSkyLUT 1 in this case to avoid wrong sky]]
[2022.01.17-19.28.24:715][  0]LogConfig: Setting CVar [[r.SkyAtmosphere.AerialPerspectiveLUT.SampleCountMaxPerSlice:4]]
[2022.01.17-19.28.24:715][  0]LogConfig: Setting CVar [[r.SkyAtmosphere.AerialPerspectiveLUT.DepthResolution:16.0]]
[2022.01.17-19.28.24:715][  0]LogConfig: Setting CVar [[r.SkyAtmosphere.FastSkyLUT:1]]
[2022.01.17-19.28.24:715][  0]LogConfig: Setting CVar [[r.SkyAtmosphere.FastSkyLUT.SampleCountMin:4.0]]
[2022.01.17-19.28.24:715][  0]LogConfig: Setting CVar [[r.SkyAtmosphere.FastSkyLUT.SampleCountMax:128.0]]
[2022.01.17-19.28.24:715][  0]LogConfig: Setting CVar [[r.SkyAtmosphere.SampleCountMin:4.0]]
[2022.01.17-19.28.24:715][  0]LogConfig: Setting CVar [[r.SkyAtmosphere.SampleCountMax:128.0]]
[2022.01.17-19.28.24:715][  0]LogConfig: Setting CVar [[r.SkyAtmosphere.TransmittanceLUT.UseSmallFormat:0]]
[2022.01.17-19.28.24:715][  0]LogConfig: Setting CVar [[r.SkyAtmosphere.TransmittanceLUT.SampleCount:10.0]]
[2022.01.17-19.28.24:715][  0]LogConfig: Setting CVar [[r.SkyAtmosphere.MultiScatteringLUT.SampleCount:15.0]]
[2022.01.17-19.28.24:715][  0]LogConfig: Setting CVar [[r.SkyLight.RealTimeReflectionCapture:1]]
[2022.01.17-19.28.24:715][  0]LogConfig: Applying CVar settings from Section [FoliageQuality@3] File [D:/GameJam/Repo/TGJProject/TGJProject/Saved/Config/Windows/Scalability.ini]
[2022.01.17-19.28.24:715][  0]LogConfig: Setting CVar [[foliage.DensityScale:1.0]]
[2022.01.17-19.28.24:715][  0]LogConfig: Setting CVar [[grass.DensityScale:1.0]]
[2022.01.17-19.28.24:715][  0]LogConfig: Applying CVar settings from Section [ShadingQuality@3] File [D:/GameJam/Repo/TGJProject/TGJProject/Saved/Config/Windows/Scalability.ini]
[2022.01.17-19.28.24:715][  0]LogConfig: Setting CVar [[r.HairStrands.SkyLighting.IntegrationType:2]]
[2022.01.17-19.28.24:715][  0]LogConfig: Setting CVar [[r.HairStrands.SkyAO.SampleCount:4]]
[2022.01.17-19.28.24:715][  0]LogConfig: Setting CVar [[r.HairStrands.Visibility.MSAA.SamplePerPixel:4]]
[2022.01.17-19.28.24:715][  0]LogInit: Selected Device Profile: [Windows]
[2022.01.17-19.28.24:716][  0]LogInit: Applying CVar settings loaded from the selected device profile: [Windows]
[2022.01.17-19.28.24:716][  0]LogHAL: Display: Platform has ~ 32 GB [34182582272 / 34359738368 / 32], which maps to Largest [LargestMinGB=32, LargerMinGB=12, DefaultMinGB=8, SmallerMinGB=6, SmallestMinGB=0)
[2022.01.17-19.28.24:716][  0]LogInit: Going up to parent DeviceProfile []
[2022.01.17-19.28.24:716][  0]LogConfig: Applying CVar settings from Section [ViewDistanceQuality@3] File [D:/GameJam/Repo/TGJProject/TGJProject/Saved/Config/Windows/Scalability.ini]
[2022.01.17-19.28.24:716][  0]LogConfig: Setting CVar [[r.SkeletalMeshLODBias:0]]
[2022.01.17-19.28.24:716][  0]LogConfig: Setting CVar [[r.ViewDistanceScale:1.0]]
[2022.01.17-19.28.24:716][  0]LogConfig: Applying CVar settings from Section [AntiAliasingQuality@3] File [D:/GameJam/Repo/TGJProject/TGJProject/Saved/Config/Windows/Scalability.ini]
[2022.01.17-19.28.24:716][  0]LogConfig: Setting CVar [[r.PostProcessAAQuality:4]]
[2022.01.17-19.28.24:716][  0]LogConfig: Applying CVar settings from Section [ShadowQuality@3] File [D:/GameJam/Repo/TGJProject/TGJProject/Saved/Config/Windows/Scalability.ini]
[2022.01.17-19.28.24:716][  0]LogConfig: Setting CVar [[r.LightFunctionQuality:1]]
[2022.01.17-19.28.24:716][  0]LogConfig: Setting CVar [[r.ShadowQuality:5]]
[2022.01.17-19.28.24:716][  0]LogConfig: Setting CVar [[r.Shadow.CSM.MaxCascades:10]]
[2022.01.17-19.28.24:716][  0]LogConfig: Setting CVar [[r.Shadow.MaxResolution:2048]]
[2022.01.17-19.28.24:716][  0]LogConfig: Setting CVar [[r.Shadow.MaxCSMResolution:2048]]
[2022.01.17-19.28.24:716][  0]LogConfig: Setting CVar [[r.Shadow.RadiusThreshold:0.01]]
[2022.01.17-19.28.24:716][  0]LogConfig: Setting CVar [[r.Shadow.DistanceScale:1.0]]
[2022.01.17-19.28.24:716][  0]LogConfig: Setting CVar [[r.Shadow.CSM.TransitionScale:1.0]]
[2022.01.17-19.28.24:716][  0]LogConfig: Setting CVar [[r.Shadow.PreShadowResolutionFactor:1.0]]
[2022.01.17-19.28.24:716][  0]LogConfig: Setting CVar [[r.DistanceFieldShadowing:1]]
[2022.01.17-19.28.24:716][  0]LogConfig: Setting CVar [[r.DistanceFieldAO:1]]
[2022.01.17-19.28.24:716][  0]LogConfig: Setting CVar [[r.AOQuality:2]]
[2022.01.17-19.28.24:716][  0]LogConfig: Setting CVar [[r.VolumetricFog:1]]
[2022.01.17-19.28.24:716][  0]LogConfig: Setting CVar [[r.VolumetricFog.GridPixelSize:8]]
[2022.01.17-19.28.24:716][  0]LogConfig: Setting CVar [[r.VolumetricFog.GridSizeZ:128]]
[2022.01.17-19.28.24:716][  0]LogConfig: Setting CVar [[r.VolumetricFog.HistoryMissSupersampleCount:4]]
[2022.01.17-19.28.24:716][  0]LogConfig: Setting CVar [[r.LightMaxDrawDistanceScale:1]]
[2022.01.17-19.28.24:716][  0]LogConfig: Setting CVar [[r.CapsuleShadows:1]]
[2022.01.17-19.28.24:716][  0]LogConfig: Applying CVar settings from Section [PostProcessQuality@3] File [D:/GameJam/Repo/TGJProject/TGJProject/Saved/Config/Windows/Scalability.ini]
[2022.01.17-19.28.24:716][  0]LogConfig: Setting CVar [[r.MotionBlurQuality:4]]
[2022.01.17-19.28.24:716][  0]LogConfig: Setting CVar [[r.AmbientOcclusionMipLevelFactor:0.4]]
[2022.01.17-19.28.24:716][  0]LogConfig: Setting CVar [[r.AmbientOcclusionMaxQuality:100]]
[2022.01.17-19.28.24:716][  0]LogConfig: Setting CVar [[r.AmbientOcclusionLevels:-1]]
[2022.01.17-19.28.24:716][  0]LogConfig: Setting CVar [[r.AmbientOcclusionRadiusScale:1.0]]
[2022.01.17-19.28.24:716][  0]LogConfig: Setting CVar [[r.DepthOfFieldQuality:2]]
[2022.01.17-19.28.24:716][  0]LogConfig: Setting CVar [[r.RenderTargetPoolMin:400]]
[2022.01.17-19.28.24:716][  0]LogConfig: Setting CVar [[r.LensFlareQuality:2]]
[2022.01.17-19.28.24:716][  0]LogConfig: Setting CVar [[r.SceneColorFringeQuality:1]]
[2022.01.17-19.28.24:716][  0]LogConfig: Setting CVar [[r.EyeAdaptationQuality:2]]
[2022.01.17-19.28.24:716][  0]LogConfig: Setting CVar [[r.BloomQuality:5]]
[2022.01.17-19.28.24:716][  0]LogConfig: Setting CVar [[r.FastBlurThreshold:100]]
[2022.01.17-19.28.24:716][  0]LogConfig: Setting CVar [[r.Upscale.Quality:3]]
[2022.01.17-19.28.24:716][  0]LogConfig: Setting CVar [[r.Tonemapper.GrainQuantization:1]]
[2022.01.17-19.28.24:716][  0]LogConfig: Setting CVar [[r.LightShaftQuality:1]]
[2022.01.17-19.28.24:716][  0]LogConfig: Setting CVar [[r.Filter.SizeScale:1]]
[2022.01.17-19.28.24:716][  0]LogConfig: Setting CVar [[r.Tonemapper.Quality:5]]
[2022.01.17-19.28.24:716][  0]LogConfig: Setting CVar [[r.DOF.Gather.AccumulatorQuality:1        ; higher gathering accumulator quality]]
[2022.01.17-19.28.24:716][  0]LogConfig: Setting CVar [[r.DOF.Gather.PostfilterMethod:1          ; Median3x3 postfilering method]]
[2022.01.17-19.28.24:716][  0]LogConfig: Setting CVar [[r.DOF.Gather.EnableBokehSettings:0       ; no bokeh simulation when gathering]]
[2022.01.17-19.28.24:716][  0]LogConfig: Setting CVar [[r.DOF.Gather.RingCount:4                 ; medium number of samples when gathering]]
[2022.01.17-19.28.24:716][  0]LogConfig: Setting CVar [[r.DOF.Scatter.ForegroundCompositing:1    ; additive foreground scattering]]
[2022.01.17-19.28.24:716][  0]LogConfig: Setting CVar [[r.DOF.Scatter.BackgroundCompositing:2    ; additive background scattering]]
[2022.01.17-19.28.24:716][  0]LogConfig: Setting CVar [[r.DOF.Scatter.EnableBokehSettings:1      ; bokeh simulation when scattering]]
[2022.01.17-19.28.24:716][  0]LogConfig: Setting CVar [[r.DOF.Scatter.MaxSpriteRatio:0.1         ; only a maximum of 10% of scattered bokeh]]
[2022.01.17-19.28.24:716][  0]LogConfig: Setting CVar [[r.DOF.Recombine.Quality:1                ; cheap slight out of focus]]
[2022.01.17-19.28.24:716][  0]LogConfig: Setting CVar [[r.DOF.Recombine.EnableBokehSettings:0    ; no bokeh simulation on slight out of focus]]
[2022.01.17-19.28.24:716][  0]LogConfig: Setting CVar [[r.DOF.TemporalAAQuality:1                ; more stable temporal accumulation]]
[2022.01.17-19.28.24:716][  0]LogConfig: Setting CVar [[r.DOF.Kernel.MaxForegroundRadius:0.025]]
[2022.01.17-19.28.24:716][  0]LogConfig: Setting CVar [[r.DOF.Kernel.MaxBackgroundRadius:0.025]]
[2022.01.17-19.28.24:716][  0]LogConfig: Applying CVar settings from Section [TextureQuality@3] File [D:/GameJam/Repo/TGJProject/TGJProject/Saved/Config/Windows/Scalability.ini]
[2022.01.17-19.28.24:716][  0]LogConfig: Setting CVar [[r.Streaming.MipBias:0]]
[2022.01.17-19.28.24:716][  0]LogConfig: Setting CVar [[r.Streaming.AmortizeCPUToGPUCopy:0]]
[2022.01.17-19.28.24:716][  0]LogConfig: Setting CVar [[r.Streaming.MaxNumTexturesToStreamPerFrame:0]]
[2022.01.17-19.28.24:716][  0]LogConfig: Setting CVar [[r.Streaming.Boost:1]]
[2022.01.17-19.28.24:716][  0]LogConfig: Setting CVar [[r.MaxAnisotropy:8]]
[2022.01.17-19.28.24:716][  0]LogConfig: Setting CVar [[r.VT.MaxAnisotropy:8]]
[2022.01.17-19.28.24:716][  0]LogConfig: Setting CVar [[r.Streaming.LimitPoolSizeToVRAM:0]]
[2022.01.17-19.28.24:716][  0]LogConfig: Setting CVar [[r.Streaming.PoolSize:1000]]
[2022.01.17-19.28.24:716][  0]LogConfig: Setting CVar [[r.Streaming.MaxEffectiveScreenSize:0]]
[2022.01.17-19.28.24:716][  0]LogConfig: Applying CVar settings from Section [EffectsQuality@3] File [D:/GameJam/Repo/TGJProject/TGJProject/Saved/Config/Windows/Scalability.ini]
[2022.01.17-19.28.24:716][  0]LogConfig: Setting CVar [[r.TranslucencyLightingVolumeDim:64]]
[2022.01.17-19.28.24:716][  0]LogConfig: Setting CVar [[r.RefractionQuality:2]]
[2022.01.17-19.28.24:716][  0]LogConfig: Setting CVar [[r.SSR.Quality:3]]
[2022.01.17-19.28.24:716][  0]LogConfig: Setting CVar [[r.SSR.HalfResSceneColor:0]]
[2022.01.17-19.28.24:716][  0]LogConfig: Setting CVar [[r.SceneColorFormat:4]]
[2022.01.17-19.28.24:716][  0]LogConfig: Setting CVar [[r.DetailMode:2]]
[2022.01.17-19.28.24:716][  0]LogConfig: Setting CVar [[r.TranslucencyVolumeBlur:1]]
[2022.01.17-19.28.24:716][  0]LogConfig: Setting CVar [[r.MaterialQualityLevel:1 ; High quality]]
[2022.01.17-19.28.24:716][  0]LogConfig: Setting CVar [[r.AnisotropicMaterials:1]]
[2022.01.17-19.28.24:716][  0]LogConfig: Setting CVar [[r.SSS.Scale:1]]
[2022.01.17-19.28.24:716][  0]LogConfig: Setting CVar [[r.SSS.SampleSet:2]]
[2022.01.17-19.28.24:716][  0]LogConfig: Setting CVar [[r.SSS.Quality:1]]
[2022.01.17-19.28.24:716][  0]LogConfig: Setting CVar [[r.SSS.HalfRes:0]]
[2022.01.17-19.28.24:716][  0]LogConfig: Setting CVar [[r.SSGI.Quality:3]]
[2022.01.17-19.28.24:716][  0]LogConfig: Setting CVar [[r.EmitterSpawnRateScale:1.0]]
[2022.01.17-19.28.24:716][  0]LogConfig: Setting CVar [[r.ParticleLightQuality:2]]
[2022.01.17-19.28.24:716][  0]LogConfig: Setting CVar [[r.SkyAtmosphere.AerialPerspectiveLUT.FastApplyOnOpaque:1 ; Always have FastSkyLUT 1 in this case to avoid wrong sky]]
[2022.01.17-19.28.24:716][  0]LogConfig: Setting CVar [[r.SkyAtmosphere.AerialPerspectiveLUT.SampleCountMaxPerSlice:4]]
[2022.01.17-19.28.24:716][  0]LogConfig: Setting CVar [[r.SkyAtmosphere.AerialPerspectiveLUT.DepthResolution:16.0]]
[2022.01.17-19.28.24:716][  0]LogConfig: Setting CVar [[r.SkyAtmosphere.FastSkyLUT:1]]
[2022.01.17-19.28.24:716][  0]LogConfig: Setting CVar [[r.SkyAtmosphere.FastSkyLUT.SampleCountMin:4.0]]
[2022.01.17-19.28.24:716][  0]LogConfig: Setting CVar [[r.SkyAtmosphere.FastSkyLUT.SampleCountMax:128.0]]
[2022.01.17-19.28.24:716][  0]LogConfig: Setting CVar [[r.SkyAtmosphere.SampleCountMin:4.0]]
[2022.01.17-19.28.24:716][  0]LogConfig: Setting CVar [[r.SkyAtmosphere.SampleCountMax:128.0]]
[2022.01.17-19.28.24:716][  0]LogConfig: Setting CVar [[r.SkyAtmosphere.TransmittanceLUT.UseSmallFormat:0]]
[2022.01.17-19.28.24:716][  0]LogConfig: Setting CVar [[r.SkyAtmosphere.TransmittanceLUT.SampleCount:10.0]]
[2022.01.17-19.28.24:716][  0]LogConfig: Setting CVar [[r.SkyAtmosphere.MultiScatteringLUT.SampleCount:15.0]]
[2022.01.17-19.28.24:716][  0]LogConfig: Setting CVar [[r.SkyLight.RealTimeReflectionCapture:1]]
[2022.01.17-19.28.24:716][  0]LogConfig: Applying CVar settings from Section [FoliageQuality@3] File [D:/GameJam/Repo/TGJProject/TGJProject/Saved/Config/Windows/Scalability.ini]
[2022.01.17-19.28.24:716][  0]LogConfig: Setting CVar [[foliage.DensityScale:1.0]]
[2022.01.17-19.28.24:716][  0]LogConfig: Setting CVar [[grass.DensityScale:1.0]]
[2022.01.17-19.28.24:716][  0]LogConfig: Applying CVar settings from Section [ShadingQuality@3] File [D:/GameJam/Repo/TGJProject/TGJProject/Saved/Config/Windows/Scalability.ini]
[2022.01.17-19.28.24:716][  0]LogConfig: Setting CVar [[r.HairStrands.SkyLighting.IntegrationType:2]]
[2022.01.17-19.28.24:716][  0]LogConfig: Setting CVar [[r.HairStrands.SkyAO.SampleCount:4]]
[2022.01.17-19.28.24:716][  0]LogConfig: Setting CVar [[r.HairStrands.Visibility.MSAA.SamplePerPixel:4]]
[2022.01.17-19.28.24:716][  0]LogConfig: Applying CVar settings from Section [Startup] File [../../../Engine/Config/ConsoleVariables.ini]
[2022.01.17-19.28.24:717][  0]LogConfig: Setting CVar [[net.UseAdaptiveNetUpdateFrequency:0]]
[2022.01.17-19.28.24:717][  0]LogConfig: Setting CVar [[p.chaos.AllowCreatePhysxBodies:1]]
[2022.01.17-19.28.24:717][  0]LogConfig: Setting CVar [[fx.SkipVectorVMBackendOptimizations:1]]
[2022.01.17-19.28.24:717][  0]LogConfig: Applying CVar settings from Section [ConsoleVariables] File [D:/GameJam/Repo/TGJProject/TGJProject/Saved/Config/Windows/Engine.ini]
[2022.01.17-19.28.24:717][  0]LogConfig: Applying CVar settings from Section [ConsoleVariables] File [D:/GameJam/Repo/TGJProject/TGJProject/Saved/Config/Windows/Editor.ini]
[2022.01.17-19.28.24:717][  0]LogInit: Computer: LAPTOP-AJAU5VDR
[2022.01.17-19.28.24:717][  0]LogInit: User: CailleauxMaxime
[2022.01.17-19.28.24:717][  0]LogInit: CPU Page size=4096, Cores=6
[2022.01.17-19.28.24:717][  0]LogInit: High frequency timer resolution =10.000000 MHz
[2022.01.17-19.28.24:717][  0]LogMemory: Memory total: Physical=31.8GB (32GB approx)
[2022.01.17-19.28.24:717][  0]LogMemory: Platform Memory Stats for Windows
[2022.01.17-19.28.24:717][  0]LogMemory: Process Physical Memory: 138.45 MB used, 138.45 MB peak
[2022.01.17-19.28.24:717][  0]LogMemory: Process Virtual Memory: 124.68 MB used, 124.68 MB peak
[2022.01.17-19.28.24:717][  0]LogMemory: Physical Memory: 12794.70 MB used,  19804.35 MB free, 32599.05 MB total
[2022.01.17-19.28.24:717][  0]LogMemory: Virtual Memory: 134196968.00 MB used,  20762.98 MB free, 134217728.00 MB total
[2022.01.17-19.28.24:721][  0]LogWindows: WindowsPlatformFeatures enabled
[2022.01.17-19.28.24:751][  0]LogInit: Physics initialised using underlying interface: PhysX
[2022.01.17-19.28.24:751][  0]LogInit: Using OS detected language (fr-FR).
[2022.01.17-19.28.24:751][  0]LogInit: Using OS detected locale (fr-BE).
[2022.01.17-19.28.24:753][  0]LogTextLocalizationManager: No specific localization for 'fr-FR' exists, so the 'fr' localization will be used.
[2022.01.17-19.28.24:756][  0]LogTextLocalizationResource: LocRes '../../../Engine/Content/Localization/Editor/fr/Editor.locres' could not be opened for reading!
[2022.01.17-19.28.24:756][  0]LogTextLocalizationResource: LocRes '../../../Engine/Content/Localization/EditorTutorials/fr/EditorTutorials.locres' could not be opened for reading!
[2022.01.17-19.28.24:756][  0]LogTextLocalizationResource: LocRes '../../../Engine/Content/Localization/Keywords/fr/Keywords.locres' could not be opened for reading!
[2022.01.17-19.28.24:756][  0]LogTextLocalizationResource: LocRes '../../../Engine/Content/Localization/Category/fr/Category.locres' could not be opened for reading!
[2022.01.17-19.28.24:756][  0]LogTextLocalizationResource: LocRes '../../../Engine/Content/Localization/ToolTips/fr/ToolTips.locres' could not be opened for reading!
[2022.01.17-19.28.24:756][  0]LogTextLocalizationResource: LocRes '../../../Engine/Content/Localization/PropertyNames/fr/PropertyNames.locres' could not be opened for reading!
[2022.01.17-19.28.24:756][  0]LogTextLocalizationResource: LocRes '../../../Engine/Content/Localization/Engine/fr/Engine.locres' could not be opened for reading!
[2022.01.17-19.28.24:764][  0]LogWindowsTextInputMethodSystem: Display: IME system deactivated.
[2022.01.17-19.28.24:779][  0]LogSlate: New Slate User Created.  User Index 0, Is Virtual User: 0
[2022.01.17-19.28.24:779][  0]LogSlate: Slate User Registered.  User Index 0, Is Virtual User: 0
[2022.01.17-19.28.24:794][  0]LogD3D11RHI: Loaded GFSDK_Aftermath_Lib.x64.dll
[2022.01.17-19.28.24:805][  0]LogD3D11RHI: D3D11 min allowed feature level: 11_0
[2022.01.17-19.28.24:805][  0]LogD3D11RHI: D3D11 max allowed feature level: 11_0
[2022.01.17-19.28.24:805][  0]LogD3D11RHI: D3D11 adapters:
[2022.01.17-19.28.24:904][  0]LogD3D11RHI:    0. 'NVIDIA GeForce RTX 2070 with Max-Q Design' (Feature Level 11_0)
[2022.01.17-19.28.24:904][  0]LogD3D11RHI:       8031/0/16299 MB DedicatedVideo/DedicatedSystem/SharedSystem, Outputs:1, VendorId:0x10de
[2022.01.17-19.28.24:922][  0]LogD3D11RHI:    1. 'Intel(R) UHD Graphics' (Feature Level 11_0)
[2022.01.17-19.28.24:922][  0]LogD3D11RHI:       128/0/16299 MB DedicatedVideo/DedicatedSystem/SharedSystem, Outputs:0, VendorId:0x8086
[2022.01.17-19.28.24:924][  0]LogD3D11RHI:    2. 'Microsoft Basic Render Driver' (Feature Level 11_0)
[2022.01.17-19.28.24:924][  0]LogD3D11RHI:       0/0/16299 MB DedicatedVideo/DedicatedSystem/SharedSystem, Outputs:0, VendorId:0x1414
[2022.01.17-19.28.24:924][  0]LogD3D11RHI: Chosen D3D11 Adapter:
[2022.01.17-19.28.24:924][  0]LogD3D11RHI:     Description : NVIDIA GeForce RTX 2070 with Max-Q Design
[2022.01.17-19.28.24:924][  0]LogD3D11RHI:     VendorId    : 10de
[2022.01.17-19.28.24:924][  0]LogD3D11RHI:     DeviceId    : 1f14
[2022.01.17-19.28.24:924][  0]LogD3D11RHI:     SubSysId    : 14461025
[2022.01.17-19.28.24:924][  0]LogD3D11RHI:     Revision    : 00a1
[2022.01.17-19.28.24:924][  0]LogD3D11RHI:     DedicatedVideoMemory : 8421113856 bytes
[2022.01.17-19.28.24:924][  0]LogD3D11RHI:     DedicatedSystemMemory : 0 bytes
[2022.01.17-19.28.24:924][  0]LogD3D11RHI:     SharedSystemMemory : 17091291136 bytes
[2022.01.17-19.28.24:924][  0]LogD3D11RHI:     AdapterLuid : 0 81066
[2022.01.17-19.28.24:930][  0]LogD3D11RHI: Creating new Direct3DDevice
[2022.01.17-19.28.24:930][  0]LogD3D11RHI:     GPU DeviceId: 0x1f14 (for the marketing name, search the web for "GPU Device Id")
[2022.01.17-19.28.24:930][  0]LogWindows: EnumDisplayDevices:
[2022.01.17-19.28.24:930][  0]LogWindows:    0. 'Intel(R) UHD Graphics' (P:1 D:1)
[2022.01.17-19.28.24:930][  0]LogWindows:    1. 'Intel(R) UHD Graphics' (P:0 D:0)
[2022.01.17-19.28.24:930][  0]LogWindows:    2. 'Intel(R) UHD Graphics' (P:0 D:0)
[2022.01.17-19.28.24:930][  0]LogWindows:    3. 'NVIDIA GeForce RTX 2070 with Max-Q Design' (P:0 D:0)
[2022.01.17-19.28.24:930][  0]LogWindows:    4. 'NVIDIA GeForce RTX 2070 with Max-Q Design' (P:0 D:0)
[2022.01.17-19.28.24:930][  0]LogWindows:    5. 'NVIDIA GeForce RTX 2070 with Max-Q Design' (P:0 D:0)
[2022.01.17-19.28.24:931][  0]LogWindows:    6. 'NVIDIA GeForce RTX 2070 with Max-Q Design' (P:0 D:0)
[2022.01.17-19.28.24:931][  0]LogWindows: DebugString: PrimaryIsNotTheChoosenAdapter PrimaryIsNotTheChoosenAdapter PrimaryIsNotTheChoosenAdapter FoundDriverCount:4 
[2022.01.17-19.28.24:931][  0]LogD3D11RHI:     Adapter Name: NVIDIA GeForce RTX 2070 with Max-Q Design
[2022.01.17-19.28.24:931][  0]LogD3D11RHI:   Driver Version: 471.68 (internal:30.0.14.7168, unified:471.68)
[2022.01.17-19.28.24:931][  0]LogD3D11RHI:      Driver Date: 8-5-2021
[2022.01.17-19.28.24:931][  0]LogRHI: Texture pool is 5621 MB (70% of 8031 MB)
[2022.01.17-19.28.24:931][  0]LogD3D11RHI: Creating D3DDevice using adapter:
[2022.01.17-19.28.24:931][  0]LogD3D11RHI:     Description : NVIDIA GeForce RTX 2070 with Max-Q Design
[2022.01.17-19.28.24:931][  0]LogD3D11RHI:     VendorId    : 10de
[2022.01.17-19.28.24:931][  0]LogD3D11RHI:     DeviceId    : 1f14
[2022.01.17-19.28.24:931][  0]LogD3D11RHI:     SubSysId    : 14461025
[2022.01.17-19.28.24:931][  0]LogD3D11RHI:     Revision    : 00a1
[2022.01.17-19.28.24:931][  0]LogD3D11RHI:     DedicatedVideoMemory : 8421113856 bytes
[2022.01.17-19.28.24:931][  0]LogD3D11RHI:     DedicatedSystemMemory : 0 bytes
[2022.01.17-19.28.24:931][  0]LogD3D11RHI:     SharedSystemMemory : 17091291136 bytes
[2022.01.17-19.28.24:931][  0]LogD3D11RHI:     AdapterLuid : 0 81066
[2022.01.17-19.28.24:996][  0]LogD3D11RHI: RHI has support for 64 bit atomics
[2022.01.17-19.28.24:996][  0]LogD3D11RHI: Async texture creation enabled
[2022.01.17-19.28.24:996][  0]LogD3D11RHI: Array index from any shader is supported
[2022.01.17-19.28.25:014][  0]LogD3D11RHI: GPU Timing Frequency: 1000.000000 (Debug: 2 1)
[2022.01.17-19.28.25:043][  0]LogRHI: GeForceNow SDK initialized: 1
[2022.01.17-19.28.25:259][  0]LogTargetPlatformManager: Display: Loaded TargetPlatform 'WindowsNoEditor'
[2022.01.17-19.28.25:261][  0]LogTargetPlatformManager: Display: Loaded TargetPlatform 'Windows'
[2022.01.17-19.28.25:264][  0]LogTargetPlatformManager: Display: Loaded TargetPlatform 'WindowsClient'
[2022.01.17-19.28.25:267][  0]LogTargetPlatformManager: Display: Loaded TargetPlatform 'WindowsServer'
[2022.01.17-19.28.25:267][  0]LogTargetPlatformManager: Display: Building Assets For Windows
[2022.01.17-19.28.25:272][  0]LogAudioDebug: Display: Lib vorbis DLL was dynamically loaded.
[2022.01.17-19.28.25:295][  0]LogTextureFormatOodle: Display: Oodle Texture 2.9.0 init RDO Off
[2022.01.17-19.28.25:318][  0]LogRendererCore: Ray tracing is disabled. Reason: r.RayTracing=0.
[2022.01.17-19.28.25:319][  0]LogShaderCompilers: Guid format shader working directory is 19 characters bigger than the processId version (D:/GameJam/Repo/TGJProject/TGJProject/Intermediate/Shaders/WorkingDirectory/11556/).
[2022.01.17-19.28.25:319][  0]LogShaderCompilers: Cleaned the shader compiler working directory 'C:/Users/Cailleaux Maxime/AppData/Local/Temp/UnrealShaderWorkingDir/A5C7DA3F4BE8C717E75EC3BC42D072FA/'.
[2022.01.17-19.28.25:319][  0]LogXGEController: Cannot use XGE Controller as Incredibuild is not installed on this machine.
[2022.01.17-19.28.25:319][  0]LogShaderCompilers: Cannot use XGE Shader Compiler as Incredibuild is not installed on this machine.
[2022.01.17-19.28.25:319][  0]LogShaderCompilers: Display: Using Local Shader Compiler.
[2022.01.17-19.28.25:860][  0]LogDerivedDataCache: Display: Max Cache Size: 512 MB
[2022.01.17-19.28.25:904][  0]LogDerivedDataCache: Loaded boot cache 0.04s 96MB C:/Users/Cailleaux Maxime/AppData/Local/UnrealEngine/4.27/DerivedDataCache/Boot.ddc.
[2022.01.17-19.28.25:904][  0]LogDerivedDataCache: Display: Loaded Boot cache: C:/Users/Cailleaux Maxime/AppData/Local/UnrealEngine/4.27/DerivedDataCache/Boot.ddc
[2022.01.17-19.28.25:904][  0]LogDerivedDataCache: FDerivedDataBackendGraph:  Pak pak cache file D:/GameJam/Repo/TGJProject/TGJProject/DerivedDataCache/DDC.ddp not found, will not use a pak cache.
[2022.01.17-19.28.25:904][  0]LogDerivedDataCache: Unable to find inner node Pak for hierarchical cache Hierarchy.
[2022.01.17-19.28.25:904][  0]LogDerivedDataCache: FDerivedDataBackendGraph:  CompressedPak pak cache file D:/GameJam/Repo/TGJProject/TGJProject/DerivedDataCache/Compressed.ddp not found, will not use a pak cache.
[2022.01.17-19.28.25:904][  0]LogDerivedDataCache: Unable to find inner node CompressedPak for hierarchical cache Hierarchy.
[2022.01.17-19.28.25:918][  0]LogDerivedDataCache: Display: Pak cache opened for reading ../../../Engine/DerivedDataCache/Compressed.ddp.
[2022.01.17-19.28.25:918][  0]LogDerivedDataCache: FDerivedDataBackendGraph:  EnterprisePak pak cache file ../../../Enterprise/DerivedDataCache/Compressed.ddp not found, will not use a pak cache.
[2022.01.17-19.28.25:918][  0]LogDerivedDataCache: Unable to find inner node EnterprisePak for hierarchical cache Hierarchy.
[2022.01.17-19.28.25:925][  0]LogDerivedDataCache: Speed tests for C:/Users/Cailleaux Maxime/AppData/Local/UnrealEngine/Common/DerivedDataCache took 0.01 seconds
[2022.01.17-19.28.25:925][  0]LogDerivedDataCache: Display: Performance to C:/Users/Cailleaux Maxime/AppData/Local/UnrealEngine/Common/DerivedDataCache: Latency=0.02ms. RandomReadSpeed=1755.78MBs, RandomWriteSpeed=155.64MBs. Assigned SpeedClass 'Local'
[2022.01.17-19.28.25:925][  0]LogDerivedDataCache: Using Local data cache path C:/Users/Cailleaux Maxime/AppData/Local/UnrealEngine/Common/DerivedDataCache: Writable
[2022.01.17-19.28.25:925][  0]LogDerivedDataCache: Shared data cache path not found in *engine.ini, will not use an Shared cache.
[2022.01.17-19.28.25:925][  0]LogDerivedDataCache: Unable to find inner node Shared for hierarchical cache Hierarchy.
[2022.01.17-19.28.25:943][  0]LogSlate: Using FreeType 2.10.0
[2022.01.17-19.28.25:943][  0]LogSlate: SlateFontServices - WITH_FREETYPE: 1, WITH_HARFBUZZ: 1
[2022.01.17-19.28.26:025][  0]LogInit: Using OS detected language (fr-FR).
[2022.01.17-19.28.26:025][  0]LogInit: Using OS detected locale (fr-BE).
[2022.01.17-19.28.26:025][  0]LogTextLocalizationManager: No localization for 'fr-FR' exists, so 'en' will be used for the language.
[2022.01.17-19.28.26:025][  0]LogTextLocalizationManager: No localization for 'fr-BE' exists, so 'en' will be used for the locale.
[2022.01.17-19.28.26:025][  0]LogSlate: FontCache flush requested. Reason: Culture for localization was changed
[2022.01.17-19.28.26:025][  0]LogSlate: FontCache flush requested. Reason: Culture for localization was changed
[2022.01.17-19.28.26:027][  0]LogAssetRegistry: FAssetRegistry took 0.0013 seconds to start up
[2022.01.17-19.28.26:156][  0]LogTextLocalizationManager: Compacting localization data took   0.00ms
[2022.01.17-19.28.26:156][  0]LogPackageLocalizationCache: Processed 22 localized package path(s) for 1 prioritized culture(s) in 0.000776 seconds
[2022.01.17-19.28.26:208][  0]LogInit: Selected Device Profile: [Windows]
[2022.01.17-19.28.26:208][  0]LogInit: Active device profile: [000001B3BE318F00][000001B3B90F7A80 49] Windows
[2022.01.17-19.28.26:208][  0]LogInit: Profiles: [000001B3BE318F00][000001B3B90F7A80 49] Windows, [000001B3BE2CE400][000001B3B90FFC00 49] WindowsNoEditor, [000001B3BE319F00][000001B3B9102200 49] WindowsServer, [000001B3BE2CD500][000001B3B9106380 49] WindowsClient, [000001B3BE319200][000001B3B910A500 49] IOS, [000001B3BE2CFA00][000001B3B910E680 49] iPadAir, [000001B3BE31B300][000001B3B9112800 49] iPadAir2, [000001B3BE27D300][000001B3B9116A40 49] IPadPro, [000001B3BE27D400][000001B3B90FAA80 49] iPadAir3, [000001B3BE2CCB00][000001B3B911ABC0 49] iPadAir4, [000001B3BE27E100][000001B3B9122D40 49] iPadMini2, [000001B3BE2CF400][000001B3B9126EC0 49] iPadMini3, [000001B3BE27EC00][000001B3B912B040 49] iPadMini4, [000001B3BE2CE600][000001B3BC7E71C0 49] iPadMini5, [000001B3BE2C0E00][000001B3BC7EF480 49] iPhone6, [000001B3BE2C0F00][000001B3BC7EB4C0 49] iPodTouch6, [000001B3BE31B700][000001B3BC7F7780 49] iPhone7, [000001B3BE31A800][000001B3BC7F37C0 49] iPodTouch7, [000001B3BE27D100][000001B3BC7FB940 49] iPhone5S, [000001B3BE319100][000001B3BC7FFAC0 49] iPhone6Plus, [000001B3BE27EA00][000001B3BC8020C0 49] iPhone6S, [000001B3BE319A00][000001B3BC806240 49] iPhone6SPlus, [000001B3BE2C0100][000001B3BC80A3C0 49] iPhone7Plus, [000001B3BE27DD00][000001B3BC80E540 49] iPhoneSE, [000001B3BE2C0C00][000001B3BC8126C0 49] iPhone8, [000001B3BE27C400][000001B3BC816840 49] iPhone8Plus, [000001B3BE2C2A00][000001B3BC81A9C0 49] iPhoneX, [000001B3BE27FC00][000001B3B911EB00 49] iPhoneXS, [000001B3BE2C2900][000001B3BC81EC40 49] iPhoneXSMax, [000001B3BE27CB00][000001B3BC822D80 49] iPhoneXR, [000001B3BE31B800][000001B3BC826EC0 49] iPhone11, [000001B3BE27FD00][000001B3BCAA7040 49] iPhone11Pro, [000001B3BE319B00][000001B3BCAAB1C0 49] iPhone11ProMax, [000001B3BE27D500][000001B3BCAAF340 49] iPhoneSE2, [000001B3BE319E00][000001B3BCAB34C0 49] iPhone12Mini, [000001B3BE27F100][000001B3BCAB7640 49] iPhone12, [000001B3BE31B400][000001B3BCABB7C0 49] iPhone12Pro, [000001B3BE27CD00][000001B3BCABF940 49] iPhone12ProMax, [000001B3BE31BC00][000001B3BCAC3AC0 49] iPadPro105, [000001B3BE27F700][000001B3BCAC60C0 49] iPadPro129, [000001B3BE31AA00][000001B3BCACA240 49] iPadPro97, [000001B3BE27C900][000001B3BCACE3C0 49] iPadPro2_129, [000001B3BE318800][000001B3BCAD2540 49] iPad5, [000001B3BE27D000][000001B3BCAD66C0 49] iPad6, [000001B3BE318400][000001B3BCADA840 49] iPad7, [000001B3BE27EB00][000001B3BCADE9C0 49] iPad8, [000001B3BE319400][000001B3BCAE2B40 49] iPadPro11, [000001B3BE27D800][000001B3BC82AC80 49] iPadPro2_11, [000001B3BE318900][000001B3BCAE6DC0 49] iPadPro3_129, [000001B3BE27E800][000001B3BCAEAF00 49] iPadPro4_129, [000001B3BE31AE00][000001B3BCAEF040 49] AppleTV, [000001B3BE27D900][000001B3BCAF71C0 49] AppleTV4K, [000001B3BE318500][000001B3BCAFB340 49] TVOS, [000001B3BE27F000][000001B3BC7234C0 49] Mac, [000001B3BE31A300][000001B3BC727640 49] MacClient, [000001B3BE27FE00][000001B3BC72B7C0 49] MacNoEditor, [000001B3BE319000][000001B3BC72F940 49] MacServer, [000001B3BE27C500][000001B3BC733AC0 49] Linux, [000001B3BE31AB00][000001B3BC7360C0 49] LinuxAArch64, [000001B3BE27ED00][000001B3BC73A240 49] LinuxNoEditor, [000001B3BE31A100][000001B3BC73E3C0 49] LinuxAArch64NoEditor, [000001B3BE27EF00][000001B3BC742540 49] LinuxClient, [000001B3BE31A600][000001B3BC7466C0 49] LinuxAArch64Client, [000001B3BE27E200][000001B3BC74A840 49] LinuxServer, [000001B3BE318700][000001B3BC74E9C0 49] LinuxAArch64Server, [000001B3BE27E600][000001B3BC752B40 49] Android, [000001B3BE31A200][000001B3BC756CC0 49] Android_Low, [000001B3BE27F200][000001B3BC75AE40 49] Android_Mid, [000001B3BE318600][000001B3BCAF2F80 49] Android_High, [000001B3BE27CE00][000001B3BC75F0C0 49] Android_Default, [000001B3BE319300][000001B3BC763200 49] Android_Adreno4xx, [000001B3BE27D600][000001B3BC76B380 49] Android_Adreno5xx_Low, [000001B3BE31BB00][000001B3BEB11500 49] Android_Adreno5xx, [000001B3BE27FA00][000001B3BEB15680 49] Android_Adreno6xx, [000001B3BE318B00][000001B3BEB19800 49] Android_Adreno6xx_Vulkan, [000001B3BE27C300][000001B3BEB1D980 49] Android_Mali_T6xx, [000001B3BE31B900][000001B3BEB21B00 49] Android_Mali_T7xx, [000001B3BE2CD400][000001B3BEB24100 49] Android_Mali_T8xx, [000001B3BE2C0500][000001B3BEB28280 49] Android_Mali_G71, [000001B3BE2CC600][000001B3BEB2C400 49] Android_Mali_G72, [000001B3BE2C0300][000001B3BEB30580 49] Android_Mali_G72_Vulkan, [000001B3BE2CF300][000001B3BEB34700 49] Android_Mali_G76, [000001B3BE2C1000][000001B3BEB38880 49] Android_Mali_G76_Vulkan, [000001B3BE2CE000][000001B3BEB3CA00 49] Android_Mali_G77, [000001B3BE2C2F00][000001B3BEB40B80 49] Android_Mali_G77_Vulkan, [000001B3BE2CCE00][000001B3BEB44D00 49] Android_Mali_G78, [000001B3BE2C3100][000001B3BEB48E80 49] Android_Mali_G78_Vulkan, [000001B3BE2CC800][000001B3BEB4D000 49] Android_Mali_G710, [000001B3BE2C1B00][000001B3BC767140 49] Android_Mali_G710_Vulkan, [000001B3BE2CF600][000001B3BEB51280 49] Android_Vulkan_SM5, [000001B3BE2C3500][000001B3BEB553C0 49] Android_PowerVR_G6xxx, [000001B3BE2CD900][000001B3BEB5D540 49] Android_PowerVR_GT7xxx, [000001B3BE2C1D00][000001B3BEB616C0 49] Android_PowerVR_GE8xxx, [000001B3BE2CED00][000001B3BEB65840 49] Android_PowerVR_GM9xxx, [000001B3BE2C0800][000001B3BEB699C0 49] Android_PowerVR_GM9xxx_Vulkan, [000001B3BE2CF100][000001B3BEB6DB40 49] Android_TegraK1, [000001B3BE2C1200][000001B3BEB70140 49] Android_Unknown_Vulkan, [000001B3BE2CE300][000001B3BEB742C0 49] Lumin, [000001B3BE2C3700][000001B3BEB78440 49] Lumin_Desktop, [000001B3BE2CE800][000001B3BEB7C5C0 49] HoloLens, 
[2022.01.17-19.28.26:237][  0]LogMeshReduction: Using QuadricMeshReduction for automatic static mesh reduction
[2022.01.17-19.28.26:237][  0]LogMeshReduction: Using SimplygonMeshReduction for automatic skeletal mesh reduction
[2022.01.17-19.28.26:237][  0]LogMeshReduction: Using ProxyLODMeshReduction for automatic mesh merging
[2022.01.17-19.28.26:237][  0]LogMeshReduction: No distributed automatic mesh merging module available
[2022.01.17-19.28.26:237][  0]LogMeshMerging: No distributed automatic mesh merging module available
[2022.01.17-19.28.26:299][  0]LogNetVersion: TGJProject 1.0.0, NetCL: 17155196, EngineNetVer: 17, GameNetVer: 0 (Checksum: 2474932010)
[2022.01.17-19.28.26:344][  0]LogTexture: Warning: VolumeTexture /Engine/EngineSky/VolumetricClouds/T_VolumeNoiseErosion32.T_VolumeNoiseErosion32 cannot be created, rhi does not support format DXT1.
[2022.01.17-19.28.26:344][  0]LogTexture: Warning: VolumeTexture /Engine/EngineSky/VolumetricClouds/T_VolumeNoiseShape64.T_VolumeNoiseShape64 cannot be created, rhi does not support format DXT1.
[2022.01.17-19.28.26:470][  0]LogTexture: Default maximum texture size for cubemaps generated from long-lat sources has been changed from 512 to unlimited. In order to preserve old behaiour for '/Engine/MapTemplates/Sky/DaylightAmbientCubemap.DaylightAmbientCubemap', its maximum texture size has been explicitly set to 512.
[2022.01.17-19.28.26:580][  0]LogMoviePlayer: Initializing movie player
[2022.01.17-19.28.26:656][  0]LogNiagaraDebuggerClient: Niagara Debugger Client Initialized | Session: 69812D0C4C4E8FFC9E16D1AACF3FF341 | Instance: 54BE37414A77494DB4856595E77CFEA3 (LAPTOP-AJAU5VDR-11556).
[2022.01.17-19.28.26:670][  0]LogCollectionManager: Loaded 0 collections in 0.001217 seconds
[2022.01.17-19.28.26:671][  0]LogFileCache: Scanning file cache for directory 'D:/GameJam/Repo/TGJProject/TGJProject/Saved/Collections/' took 0.00s
[2022.01.17-19.28.26:671][  0]LogFileCache: Scanning file cache for directory 'D:/GameJam/Repo/TGJProject/TGJProject/Content/Developers/CailleauxMaxime/Collections/' took 0.00s
[2022.01.17-19.28.26:671][  0]LogCollectionManager: Fixed up redirectors for 0 collections in 0.000001 seconds (updated 0 objects)
[2022.01.17-19.28.26:690][  0]LogFileCache: Scanning file cache for directory 'D:/GameJam/Repo/TGJProject/TGJProject/Content/Collections/' took 0.00s
[2022.01.17-19.28.26:690][  0]LogPython: Using Python 3.7.7
[2022.01.17-19.28.27:118][  0]LogTcpMessaging: Initializing TcpMessaging bridge
[2022.01.17-19.28.27:121][  0]LogUdpMessaging: Initializing bridge on interface 0.0.0.0:0 to multicast group 230.0.0.1:6666.
[2022.01.17-19.28.27:156][  0]SourceControl: Source control is disabled
[2022.01.17-19.28.27:156][  0]SourceControl: Source control is disabled
[2022.01.17-19.28.27:158][  0]SourceControl: Source control is disabled
[2022.01.17-19.28.27:177][  0]LogUProjectInfo: Found projects:
[2022.01.17-19.28.27:217][  0]LogOpenImageDenoise: OIDN starting up
[2022.01.17-19.28.27:241][  0]LogAndroidPermission: UAndroidPermissionCallbackProxy::GetInstance
[2022.01.17-19.28.27:254][  0]LogAudioCaptureCore: Display: No Audio Capture implementations found. Audio input will be silent.
[2022.01.17-19.28.27:254][  0]LogAudioCaptureCore: Display: No Audio Capture implementations found. Audio input will be silent.
[2022.01.17-19.28.27:302][  0]LogUObjectArray: 21417 objects as part of root set at end of initial load.
[2022.01.17-19.28.27:302][  0]LogUObjectAllocator: 5754288 out of 0 bytes used by permanent object pool.
[2022.01.17-19.28.27:302][  0]LogUObjectArray: CloseDisregardForGC: 0/0 objects in disregard for GC pool
[2022.01.17-19.28.27:338][  0]LogEngine: Initializing Engine...
[2022.01.17-19.28.27:339][  0]LogMagicLeap: Warning: VR disabled because ZI is not enabled.  To enable, in the editor, Edit -> Project Settings -> Plugins -> Magic Leap Plugin -> Enable Zero Iteration
[2022.01.17-19.28.27:340][  0]LogStats: UGameplayTagsManager::InitializeManager -  0.000 s
[2022.01.17-19.28.27:405][  0]LogInit: Initializing FReadOnlyCVARCache
[2022.01.17-19.28.27:405][  0]LogAudio: Display: Initializing Audio Device Manager...
[2022.01.17-19.28.27:407][  0]LogAudio: Display: Loading Default Audio Settings Objects...
[2022.01.17-19.28.27:408][  0]LogAudio: Display: No default SoundConcurrencyObject specified (or failed to load).
[2022.01.17-19.28.27:408][  0]LogAudio: Display: Audio Device Manager Initialized
[2022.01.17-19.28.27:408][  0]LogAudio: Display: Creating Audio Device:                 Id: 1, Scope: Shared, Realtime: True
[2022.01.17-19.28.27:408][  0]LogAudioMixer: Display: Audio Mixer Platform Settings:
[2022.01.17-19.28.27:408][  0]LogAudioMixer: Display: 	Sample Rate:						  48000
[2022.01.17-19.28.27:408][  0]LogAudioMixer: Display: 	Callback Buffer Frame Size Requested: 1024
[2022.01.17-19.28.27:408][  0]LogAudioMixer: Display: 	Callback Buffer Frame Size To Use:	  1024
[2022.01.17-19.28.27:408][  0]LogAudioMixer: Display: 	Number of buffers to queue:			  2
[2022.01.17-19.28.27:408][  0]LogAudioMixer: Display: 	Max Channels (voices):				  32
[2022.01.17-19.28.27:408][  0]LogAudioMixer: Display: 	Number of Async Source Workers:		  0
[2022.01.17-19.28.27:408][  0]LogAudio: Display: AudioDevice MaxSources: 32
[2022.01.17-19.28.27:409][  0]LogAudio: Display: Audio Spatialization Plugin: None (built-in).
[2022.01.17-19.28.27:409][  0]LogAudio: Display: Audio Reverb Plugin: None (built-in).
[2022.01.17-19.28.27:409][  0]LogAudio: Display: Audio Occlusion Plugin: None (built-in).
[2022.01.17-19.28.27:409][  0]LogAudioMixer: Display: Initializing audio mixer.
[2022.01.17-19.28.27:421][  0]LogAudioMixer: Display: 0: FrontLeft
[2022.01.17-19.28.27:421][  0]LogAudioMixer: Display: 1: FrontRight
[2022.01.17-19.28.27:496][  0]LogAudioMixer: Display: Using Audio Device Haut-parleurs (Realtek(R) Audio)
[2022.01.17-19.28.27:498][  0]LogAudioMixer: Display: Initializing Sound Submixes...
[2022.01.17-19.28.27:500][  0]LogAudioMixer: Display: Creating Master Submix 'MasterSubmixDefault'
[2022.01.17-19.28.27:500][  0]LogAudioMixer: Display: Creating Master Submix 'MasterReverbSubmixDefault'
[2022.01.17-19.28.27:500][  0]LogAudioMixer: Display: Creating Master Submix 'MasterEQSubmixDefault'
[2022.01.17-19.28.27:500][  0]LogAudioMixer: FMixerPlatformXAudio2::StartAudioStream() called
[2022.01.17-19.28.27:500][  0]LogAudioMixer: Display: Output buffers initialized: Frames=1024, Channels=2, Samples=2048
[2022.01.17-19.28.27:501][  0]LogAudioMixer: Display: Starting AudioMixerPlatformInterface::RunInternal()
[2022.01.17-19.28.27:501][  0]LogAudioMixer: Display: FMixerPlatformXAudio2::SubmitBuffer() called for the first time
[2022.01.17-19.28.27:501][  0]LogInit: FAudioDevice initialized.
[2022.01.17-19.28.27:502][  0]LogNetVersion: Set ProjectVersion to 1.0.0.0. Version Checksum will be recalculated on next use.
[2022.01.17-19.28.27:504][  0]LogInit: Texture streaming: Enabled
[2022.01.17-19.28.27:551][  0]LogAudio: Display: Audio Device (ID: 1) registered with world 'Untitled'.
[2022.01.17-19.28.27:552][  0]LogSlate: Updating window title bar state: overlay mode, drag disabled, window buttons hidden, title bar hidden
[2022.01.17-19.28.27:552][  0]LogInit: Display: Game Engine Initialized.
[2022.01.17-19.28.27:552][  0]LogNiagaraEditor: GEditor isn't valid! Particle reset commands will not work for Niagara components!
[2022.01.17-19.28.27:571][  0]LogInit: Display: Starting Game.
[2022.01.17-19.28.27:571][  0]LogNet: Browse: /Game/Draft/Maps/Testing?Name=Player
[2022.01.17-19.28.27:571][  0]LogLoad: LoadMap: /Game/Draft/Maps/Testing?Name=Player
[2022.01.17-19.28.27:571][  0]LogWorld: BeginTearingDown for /Temp/Untitled_0
[2022.01.17-19.28.27:572][  0]LogWorld: UWorld::CleanupWorld for Untitled, bSessionEnded=true, bCleanupResources=true
[2022.01.17-19.28.27:572][  0]LogSlate: InvalidateAllWidgets triggered.  All widgets were invalidated
[2022.01.17-19.28.27:576][  0]LogAudio: Display: Audio Device unregistered from world 'None'.
[2022.01.17-19.28.27:579][  0]LogUObjectHash: Compacting FUObjectHashTables data took   1.14ms
[2022.01.17-19.28.27:652][  0]LogAudio: Display: Audio Device (ID: 1) registered with world 'Testing'.
[2022.01.17-19.28.27:657][  0]LogAIModule: Creating AISystem for world Testing
[2022.01.17-19.28.27:657][  0]LogLoad: Game class is 'GM_BoatFishing_C'
[2022.01.17-19.28.27:660][  0]LogWorld: Bringing World /Game/Draft/Maps/Testing.Testing up for play (max tick rate 0) at 2022.01.17-20.28.27
[2022.01.17-19.28.27:661][  0]LogWorld: Bringing up level for play took: 0.003057
[2022.01.17-19.28.27:667][  0]LogPawn: Error: EnableInput can only be specified on a Pawn for its Controller
[2022.01.17-19.28.27:667][  0]LogViewport: Display: Player bShowMouseCursor Changed, False -> True
[2022.01.17-19.28.27:667][  0]LogLoad: Took 0.095401 seconds to LoadMap(/Game/Draft/Maps/Testing)
[2022.01.17-19.28.27:697][  0]LogSlate: Took 0.000103 seconds to synchronously load lazily loaded font '../../../Engine/Content/Slate/Fonts/Roboto-Regular.ttf' (155K)
[2022.01.17-19.28.27:715][  0]LogRenderer: Reallocating scene render targets to support 1300x800 Format 10 NumSamples 1 (Frame:1).
[2022.01.17-19.28.27:715][  0]LogInit: Display: Engine is initialized. Leaving FEngineLoop::Init()
[2022.01.17-19.28.27:715][  0]LogLoad: (Engine Initialization) Total time: 3.76 seconds
[2022.01.17-19.28.27:715][  0]LogLoad: (Engine Initialization) Total Blueprint compile time: 0.00 seconds
[2022.01.17-19.28.27:728][  0]LogContentStreaming: Texture pool size now 1000 MB
[2022.01.17-19.28.27:730][  0]LogSlate: InvalidateAllWidgets triggered.  All widgets were invalidated
[2022.01.17-19.28.27:737][  1]LogSlate: Took 0.000098 seconds to synchronously load lazily loaded font '../../../Engine/Content/Slate/Fonts/Roboto-Regular.ttf' (155K)
[2022.01.17-19.28.38:803][915]LogSlate: Window 'TGJProject (64-bit Development PCD3D_ES31) ' being destroyed
[2022.01.17-19.28.38:803][915]LogWindowsTextInputMethodSystem: Display: IME system deactivated.
[2022.01.17-19.28.38:805][915]LogSlate: Updating window title bar state: overlay mode, drag disabled, window buttons hidden, title bar hidden
[2022.01.17-19.28.38:805][915]LogEngine: All Windows Closed
[2022.01.17-19.28.38:805][915]LogWindows: FPlatformMisc::RequestExit(0)
[2022.01.17-19.28.38:805][915]LogWindows: FPlatformMisc::RequestExitWithStatus(0, 0)
[2022.01.17-19.28.38:805][915]LogCore: Engine exit requested (reason: Win RequestExit)
[2022.01.17-19.28.38:805][916]LogCore: Engine exit requested (reason: EngineExit() was called; note: exit was already requested)
[2022.01.17-19.28.38:805][916]LogInit: Display: PreExit Game.
[2022.01.17-19.28.38:806][916]LogWorld: BeginTearingDown for /Game/Draft/Maps/Testing
[2022.01.17-19.28.38:806][916]LogWorld: UWorld::CleanupWorld for Testing, bSessionEnded=true, bCleanupResources=true
[2022.01.17-19.28.38:806][916]LogSlate: InvalidateAllWidgets triggered.  All widgets were invalidated
[2022.01.17-19.28.39:347][916]LogAudio: Display: Beginning Audio Device Manager Shutdown (Module: AudioMixerXAudio2)...
[2022.01.17-19.28.39:347][916]LogAudio: Display: Destroying 1 Remaining Audio Device(s)...
[2022.01.17-19.28.39:347][916]LogAudio: Display: Audio Device unregistered from world 'Testing'.
[2022.01.17-19.28.39:390][916]LogAudioMixer: FMixerPlatformXAudio2::StopAudioStream() called
[2022.01.17-19.28.39:391][916]LogAudioMixer: FMixerPlatformXAudio2::StopAudioStream() called
[2022.01.17-19.28.39:395][916]LogAudio: Display: Audio Device Manager Shutdown
[2022.01.17-19.28.39:397][916]LogExit: Preparing to exit.
[2022.01.17-19.28.40:134][916]LogSlate: Updating window title bar state: overlay mode, drag disabled, window buttons hidden, title bar hidden
[2022.01.17-19.28.40:136][916]LogUObjectHash: Compacting FUObjectHashTables data took   0.64ms
[2022.01.17-19.28.40:162][916]LogMoviePlayer: Shutting down movie player
[2022.01.17-19.28.40:294][916]LogDemo: Cleaned up 0 splitscreen connections with owner deletion
[2022.01.17-19.28.40:297][916]LogExit: Game engine shut down
[2022.01.17-19.28.40:327][916]LogExit: Object subsystem successfully closed.
[2022.01.17-19.28.40:336][916]LogShaderCompilers: Display: === FShaderJobCache stats ===
[2022.01.17-19.28.40:336][916]LogShaderCompilers: Display: Total job queries 0, among them cache hits 0 (0.00%)
[2022.01.17-19.28.40:336][916]LogShaderCompilers: Display: Tracking 0 distinct input hashes that result in 0 distinct outputs (0.00%)
[2022.01.17-19.28.40:336][916]LogShaderCompilers: Display: RAM used: 0.00 MB (0.00 GB) of 1638.40 MB (1.60 GB) budget. Usage: 0.00%
[2022.01.17-19.28.40:336][916]LogShaderCompilers: Display: ================================================
[2022.01.17-19.28.40:349][916]LogShaderCompilers: Display: Shaders left to compile 0
[2022.01.17-19.28.40:362][916]LogModuleManager: Shutting down and abandoning module SequenceRecorderSections (512)
[2022.01.17-19.28.40:362][916]LogModuleManager: Shutting down and abandoning module SequenceRecorder (510)
[2022.01.17-19.28.40:362][916]LogModuleManager: Shutting down and abandoning module AutomationController (508)
[2022.01.17-19.28.40:362][916]LogModuleManager: Shutting down and abandoning module AutomationWorker (506)
[2022.01.17-19.28.40:362][916]LogModuleManager: Shutting down and abandoning module Voice (504)
[2022.01.17-19.28.40:363][916]LogModuleManager: Shutting down and abandoning module AIModule (502)
[2022.01.17-19.28.40:363][916]LogModuleManager: Shutting down and abandoning module GameplayDebugger (501)
[2022.01.17-19.28.40:363][916]LogModuleManager: Shutting down and abandoning module AITestSuite (499)
[2022.01.17-19.28.40:363][916]LogModuleManager: Shutting down and abandoning module NavigationSystem (497)
[2022.01.17-19.28.40:363][916]LogModuleManager: Shutting down and abandoning module WmfMediaFactory (494)
[2022.01.17-19.28.40:363][916]LogModuleManager: Shutting down and abandoning module WebMMediaFactory (492)
[2022.01.17-19.28.40:363][916]LogModuleManager: Shutting down and abandoning module WebMMedia (490)
[2022.01.17-19.28.40:363][916]LogModuleManager: Shutting down and abandoning module OpenExrWrapper (488)
[2022.01.17-19.28.40:363][916]LogModuleManager: Shutting down and abandoning module ImgMediaFactory (486)
[2022.01.17-19.28.40:363][916]LogModuleManager: Shutting down and abandoning module MagicLeapMediaCodecFactory (484)
[2022.01.17-19.28.40:363][916]LogModuleManager: Shutting down and abandoning module MagicLeapMediaFactory (482)
[2022.01.17-19.28.40:363][916]LogModuleManager: Shutting down and abandoning module AvfMediaFactory (480)
[2022.01.17-19.28.40:363][916]LogModuleManager: Shutting down and abandoning module PlanarCut (478)
[2022.01.17-19.28.40:363][916]LogModuleManager: Shutting down and abandoning module CharacterAI (476)
[2022.01.17-19.28.40:363][916]LogModuleManager: Shutting down and abandoning module SessionServices (474)
[2022.01.17-19.28.40:363][916]LogModuleManager: Shutting down and abandoning module MovieSceneCapture (472)
[2022.01.17-19.28.40:363][916]LogModuleManager: Shutting down and abandoning module LiveCoding (470)
[2022.01.17-19.28.40:363][916]LogModuleManager: Shutting down and abandoning module LevelSequence (468)
[2022.01.17-19.28.40:363][916]LogModuleManager: Shutting down and abandoning module MovieSceneTracks (466)
[2022.01.17-19.28.40:363][916]LogModuleManager: Shutting down and abandoning module MovieScene (464)
[2022.01.17-19.28.40:363][916]LogModuleManager: Shutting down and abandoning module StreamingPauseRendering (462)
[2022.01.17-19.28.40:363][916]LogModuleManager: Shutting down and abandoning module PortalServices (460)
[2022.01.17-19.28.40:363][916]LogModuleManager: Shutting down and abandoning module PortalRpc (458)
[2022.01.17-19.28.40:363][916]LogModuleManager: Shutting down and abandoning module MessagingRpc (456)
[2022.01.17-19.28.40:363][916]LogModuleManager: Shutting down and abandoning module AudioMixerXAudio2 (454)
[2022.01.17-19.28.40:363][916]LogModuleManager: Shutting down and abandoning module AudioMixerCore (453)
[2022.01.17-19.28.40:363][916]LogModuleManager: Shutting down and abandoning module ImageWriteQueue (450)
[2022.01.17-19.28.40:365][916]LogModuleManager: Shutting down and abandoning module ProfilerService (448)
[2022.01.17-19.28.40:581][916]LogModuleManager: Shutting down and abandoning module TaskGraph (446)
[2022.01.17-19.28.40:581][916]LogModuleManager: Shutting down and abandoning module Synthesis (444)
[2022.01.17-19.28.40:581][916]LogModuleManager: Shutting down and abandoning module ProceduralMeshComponent (442)
[2022.01.17-19.28.40:581][916]LogModuleManager: Shutting down and abandoning module MobilePatchingUtils (440)
[2022.01.17-19.28.40:581][916]LogModuleManager: Shutting down and abandoning module GooglePAD (438)
[2022.01.17-19.28.40:581][916]LogModuleManager: Shutting down and abandoning module EditableMesh (436)
[2022.01.17-19.28.40:581][916]LogModuleManager: Shutting down and abandoning module CustomMeshComponent (434)
[2022.01.17-19.28.40:581][916]LogModuleManager: Shutting down and abandoning module CableComponent (432)
[2022.01.17-19.28.40:581][916]LogModuleManager: Shutting down and abandoning module AudioCapture (430)
[2022.01.17-19.28.40:581][916]LogModuleManager: Shutting down and abandoning module AudioCaptureRtAudio (429)
[2022.01.17-19.28.40:581][916]LogModuleManager: Shutting down and abandoning module ArchVisCharacter (426)
[2022.01.17-19.28.40:581][916]LogModuleManager: Shutting down and abandoning module AssetTags (424)
[2022.01.17-19.28.40:581][916]LogModuleManager: Shutting down and abandoning module AppleImageUtilsBlueprintSupport (422)
[2022.01.17-19.28.40:581][916]LogModuleManager: Shutting down and abandoning module AppleImageUtils (420)
[2022.01.17-19.28.40:581][916]LogModuleManager: Shutting down and abandoning module AndroidPermission (418)
[2022.01.17-19.28.40:581][916]LogModuleManager: Shutting down and abandoning module ActorLayerUtilities (416)
[2022.01.17-19.28.40:581][916]LogModuleManager: Shutting down and abandoning module TemplateSequence (414)
[2022.01.17-19.28.40:581][916]LogModuleManager: Shutting down and abandoning module MediaCompositing (412)
[2022.01.17-19.28.40:581][916]LogModuleManager: Shutting down and abandoning module MagicLeapSharedWorld (410)
[2022.01.17-19.28.40:581][916]LogModuleManager: Shutting down and abandoning module ImgMedia (408)
[2022.01.17-19.28.40:581][916]LogModuleManager: Shutting down and abandoning module MagicLeapLightEstimation (406)
[2022.01.17-19.28.40:581][916]LogModuleManager: Shutting down and abandoning module MagicLeapHelperVulkan (404)
[2022.01.17-19.28.40:581][916]LogModuleManager: Shutting down and abandoning module MagicLeapHelperOpenGL (402)
[2022.01.17-19.28.40:581][916]LogModuleManager: Shutting down and abandoning module MagicLeapAudio (400)
[2022.01.17-19.28.40:581][916]LogModuleManager: Shutting down and abandoning module OpenImageDenoise (398)
[2022.01.17-19.28.40:581][916]LogOpenImageDenoise: OIDN shutting down
[2022.01.17-19.28.40:581][916]LogModuleManager: Shutting down and abandoning module MotoSynth (396)
[2022.01.17-19.28.40:581][916]LogModuleManager: Shutting down and abandoning module MeshConversion (394)
[2022.01.17-19.28.40:581][916]LogModuleManager: Shutting down and abandoning module DynamicMesh (392)
[2022.01.17-19.28.40:581][916]LogModuleManager: Shutting down and abandoning module GeometryAlgorithms (390)
[2022.01.17-19.28.40:581][916]LogModuleManager: Shutting down and abandoning module GeometricObjects (388)
[2022.01.17-19.28.40:581][916]LogModuleManager: Shutting down and abandoning module GeometryCollectionTracks (386)
[2022.01.17-19.28.40:581][916]LogModuleManager: Shutting down and abandoning module GeometryCollectionSequencer (385)
[2022.01.17-19.28.40:581][916]LogModuleManager: Shutting down and abandoning module GeometryCacheTracks (382)
[2022.01.17-19.28.40:581][916]LogModuleManager: Shutting down and abandoning module GeometryCacheSequencer (381)
[2022.01.17-19.28.40:581][916]LogModuleManager: Shutting down and abandoning module GeometryCache (378)
[2022.01.17-19.28.40:581][916]LogModuleManager: Shutting down and abandoning module GeometryCacheEd (377)
[2022.01.17-19.28.40:581][916]LogModuleManager: Shutting down and abandoning module VisualStudioSourceCodeAccess (374)
[2022.01.17-19.28.40:581][916]LogModuleManager: Shutting down and abandoning module HotReload (373)
[2022.01.17-19.28.40:581][916]LogModuleManager: Shutting down and abandoning module VisualStudioCodeSourceCodeAccess (370)
[2022.01.17-19.28.40:581][916]LogModuleManager: Shutting down and abandoning module ChaosNiagara (368)
[2022.01.17-19.28.40:581][916]LogModuleManager: Shutting down and abandoning module FieldSystemEngine (367)
[2022.01.17-19.28.40:581][916]LogModuleManager: Shutting down and abandoning module BackChannel (364)
[2022.01.17-19.28.40:581][916]LogModuleManager: Shutting down and abandoning module AutomationUtils (362)
[2022.01.17-19.28.40:581][916]LogModuleManager: Shutting down and abandoning module UObjectPlugin (360)
[2022.01.17-19.28.40:581][916]LogModuleManager: Shutting down and abandoning module SubversionSourceControl (358)
[2022.01.17-19.28.40:581][916]LogModuleManager: Shutting down and abandoning module PerforceSourceControl (356)
[2022.01.17-19.28.40:581][916]LogModuleManager: Shutting down and abandoning module SourceControl (355)
[2022.01.17-19.28.40:581][916]LogModuleManager: Shutting down and abandoning module CLionSourceCodeAccess (352)
[2022.01.17-19.28.40:581][916]LogModuleManager: Shutting down and abandoning module OodleNetworkHandlerComponent (350)
[2022.01.17-19.28.40:581][916]LogModuleManager: Shutting down and abandoning module RuntimePhysXCooking (348)
[2022.01.17-19.28.40:581][916]LogModuleManager: Shutting down and abandoning module SoundFields (346)
[2022.01.17-19.28.40:581][916]LogModuleManager: Shutting down and abandoning module SignificanceManager (344)
[2022.01.17-19.28.40:582][916]LogModuleManager: Shutting down and abandoning module PropertyAccessEditor (342)
[2022.01.17-19.28.40:582][916]LogModuleManager: Shutting down and abandoning module PhysXVehiclesEditor (340)
[2022.01.17-19.28.40:582][916]LogModuleManager: Shutting down and abandoning module LocationServicesBPLibrary (336)
[2022.01.17-19.28.40:582][916]LogModuleManager: Shutting down and abandoning module AudioSynesthesia (334)
[2022.01.17-19.28.40:582][916]LogModuleManager: Shutting down and abandoning module AudioSynesthesiaCore (332)
[2022.01.17-19.28.40:582][916]LogModuleManager: Shutting down and abandoning module ActorSequence (330)
[2022.01.17-19.28.40:582][916]LogModuleManager: Shutting down and abandoning module UdpMessaging (328)
[2022.01.17-19.28.40:682][916]LogModuleManager: Shutting down and abandoning module TcpMessaging (326)
[2022.01.17-19.28.41:127][916]LogModuleManager: Shutting down and abandoning module MagicLeapARPin (324)
[2022.01.17-19.28.41:127][916]LogModuleManager: Shutting down and abandoning module ImgMediaEngine (322)
[2022.01.17-19.28.41:127][916]LogModuleManager: Shutting down and abandoning module MagicLeapHandMeshing (320)
[2022.01.17-19.28.41:127][916]LogModuleManager: Shutting down and abandoning module MagicLeapSecureStorage (318)
[2022.01.17-19.28.41:127][916]LogModuleManager: Shutting down and abandoning module MagicLeapPrivileges (316)
[2022.01.17-19.28.41:127][916]LogModuleManager: Shutting down and abandoning module MagicLeapPlanes (314)
[2022.01.17-19.28.41:127][916]LogMagicLeapPlanes: Planes tracker already destroyed.
[2022.01.17-19.28.41:127][916]LogModuleManager: Shutting down and abandoning module MagicLeapImageTracker (312)
[2022.01.17-19.28.41:127][916]LogModuleManager: Shutting down and abandoning module MagicLeapIdentity (310)
[2022.01.17-19.28.41:127][916]LogModuleManager: Shutting down and abandoning module MagicLeapHandTracking (308)
[2022.01.17-19.28.41:127][916]LogModuleManager: Shutting down and abandoning module MagicLeapEyeTracker (306)
[2022.01.17-19.28.41:127][916]LogModuleManager: Shutting down and abandoning module MagicLeapController (304)
[2022.01.17-19.28.41:127][916]LogSlate: Slate User Destroyed.  User Index 0, Is Virtual User: 0
[2022.01.17-19.28.41:127][916]LogModuleManager: Shutting down and abandoning module MagicLeapARPinImpl (302)
[2022.01.17-19.28.41:127][916]LogModuleManager: Shutting down and abandoning module MagicLeapAR (300)
[2022.01.17-19.28.41:127][916]LogModuleManager: Shutting down and abandoning module AugmentedReality (299)
[2022.01.17-19.28.41:127][916]LogModuleManager: Shutting down and abandoning module PythonScriptPlugin (296)
[2022.01.17-19.28.41:127][916]LogModuleManager: Shutting down and abandoning module PropertyAccessNode (294)
[2022.01.17-19.28.41:127][916]LogModuleManager: Shutting down and abandoning module AnimationSharing (292)
[2022.01.17-19.28.41:128][916]LogModuleManager: Shutting down and abandoning module NiagaraAnimNotifies (290)
[2022.01.17-19.28.41:128][916]LogModuleManager: Shutting down and abandoning module Niagara (288)
[2022.01.17-19.28.41:128][916]LogModuleManager: Shutting down and abandoning module SignalProcessing (287)
[2022.01.17-19.28.41:128][916]LogModuleManager: Shutting down and abandoning module NiagaraEditor (285)
[2022.01.17-19.28.41:128][916]LogModuleManager: Shutting down and abandoning module ContentBrowser (284)
[2022.01.17-19.28.41:128][916]LogModuleManager: Shutting down and abandoning module CollectionManager (283)
[2022.01.17-19.28.41:128][916]LogModuleManager: Shutting down and abandoning module DirectoryWatcher (282)
[2022.01.17-19.28.41:128][916]LogModuleManager: Shutting down and abandoning module ContentBrowserData (279)
[2022.01.17-19.28.41:128][916]LogModuleManager: Shutting down and abandoning module NiagaraCore (274)
[2022.01.17-19.28.41:128][916]LogModuleManager: Shutting down and abandoning module FacialAnimation (272)
[2022.01.17-19.28.41:128][916]LogModuleManager: Shutting down and abandoning module GameplayTagsEditor (270)
[2022.01.17-19.28.41:128][916]LogModuleManager: Shutting down and abandoning module AssetManagerEditor (268)
[2022.01.17-19.28.41:128][916]LogModuleManager: Shutting down and abandoning module TreeMap (267)
[2022.01.17-19.28.41:128][916]LogModuleManager: Shutting down and abandoning module GameplayCameras (264)
[2022.01.17-19.28.41:128][916]LogModuleManager: Shutting down and abandoning module LightPropagationVolumeRuntime (262)
[2022.01.17-19.28.41:128][916]LogModuleManager: Shutting down and abandoning module EnvironmentQueryEditor (260)
[2022.01.17-19.28.41:128][916]LogModuleManager: Shutting down and abandoning module Paper2D (258)
[2022.01.17-19.28.41:128][916]LogModuleManager: Shutting down and abandoning module WindowsMoviePlayer (256)
[2022.01.17-19.28.41:128][916]LogModuleManager: Shutting down and abandoning module WebMMoviePlayer (254)
[2022.01.17-19.28.41:128][916]LogModuleManager: Shutting down and abandoning module NetworkReplayStreaming (252)
[2022.01.17-19.28.41:128][916]LogModuleManager: Shutting down and abandoning module PacketHandler (250)
[2022.01.17-19.28.41:128][916]LogModuleManager: Shutting down and abandoning module ClothingSystemEditor (248)
[2022.01.17-19.28.41:128][916]LogModuleManager: Shutting down and abandoning module ClothingSystemRuntimeNv (246)
[2022.01.17-19.28.41:129][916]LogModuleManager: Shutting down and abandoning module MediaAssets (244)
[2022.01.17-19.28.41:129][916]LogModuleManager: Shutting down and abandoning module Overlay (242)
[2022.01.17-19.28.41:129][916]LogModuleManager: Shutting down and abandoning module OverlayEditor (241)
[2022.01.17-19.28.41:129][916]LogModuleManager: Shutting down and abandoning module VREditor (238)
[2022.01.17-19.28.41:129][916]LogModuleManager: Shutting down and abandoning module StringTableEditor (236)
[2022.01.17-19.28.41:129][916]LogModuleManager: Shutting down and abandoning module GameplayTasksEditor (234)
[2022.01.17-19.28.41:129][916]LogModuleManager: Shutting down and abandoning module BehaviorTreeEditor (232)
[2022.01.17-19.28.41:129][916]LogModuleManager: Shutting down and abandoning module FunctionalTesting (230)
[2022.01.17-19.28.41:129][916]LogModuleManager: Shutting down and abandoning module CollisionAnalyzer (228)
[2022.01.17-19.28.41:129][916]LogModuleManager: Shutting down and abandoning module WorkspaceMenuStructure (227)
[2022.01.17-19.28.41:129][916]LogModuleManager: Shutting down and abandoning module UMG (224)
[2022.01.17-19.28.41:129][916]LogModuleManager: Shutting down and abandoning module UMGEditor (223)
[2022.01.17-19.28.41:129][916]LogModuleManager: Shutting down and abandoning module Sequencer (222)
[2022.01.17-19.28.41:129][916]LogModuleManager: Shutting down and abandoning module MessageLog (219)
[2022.01.17-19.28.41:129][916]LogModuleManager: Shutting down and abandoning module SlateReflector (214)
[2022.01.17-19.28.41:129][916]LogModuleManager: Shutting down and abandoning module Slate (212)
[2022.01.17-19.28.41:129][916]LogModuleManager: Shutting down and abandoning module SlateCore (210)
[2022.01.17-19.28.41:130][916]LogModuleManager: Shutting down and abandoning module LandscapeEditorUtilities (208)
[2022.01.17-19.28.41:130][916]LogModuleManager: Shutting down and abandoning module UnrealEd (206)
[2022.01.17-19.28.41:130][916]LogModuleManager: Shutting down and abandoning module MRMesh (204)
[2022.01.17-19.28.41:130][916]LogModuleManager: Shutting down and abandoning module Messaging (202)
[2022.01.17-19.28.41:130][916]LogModuleManager: Shutting down and abandoning module SourceCodeAccess (200)
[2022.01.17-19.28.41:130][916]LogModuleManager: Shutting down and abandoning module HeadMountedDisplay (198)
[2022.01.17-19.28.41:130][916]LogModuleManager: Shutting down and abandoning module XAudio2 (196)
[2022.01.17-19.28.41:130][916]LogModuleManager: Shutting down and abandoning module Networking (194)
[2022.01.17-19.28.41:130][916]LogModuleManager: Shutting down and abandoning module Core (192)
[2022.01.17-19.28.41:130][916]LogModuleManager: Shutting down and abandoning module MaterialEditor (190)
[2022.01.17-19.28.41:130][916]LogModuleManager: Shutting down and abandoning module MovieSceneTools (188)
[2022.01.17-19.28.41:130][916]LogModuleManager: Shutting down and abandoning module EditorStyle (187)
[2022.01.17-19.28.41:130][916]LogModuleManager: Shutting down and abandoning module KismetCompiler (184)
[2022.01.17-19.28.41:130][916]LogModuleManager: Shutting down and abandoning module MeshBuilder (182)
[2022.01.17-19.28.41:130][916]LogModuleManager: Shutting down and abandoning module MeshUtilities (180)
[2022.01.17-19.28.41:130][916]LogModuleManager: Shutting down and abandoning module MeshMergeUtilities (179)
[2022.01.17-19.28.41:130][916]LogModuleManager: Shutting down and abandoning module MeshReductionInterface (178)
[2022.01.17-19.28.41:130][916]LogModuleManager: Shutting down and abandoning module MeshBoneReduction (177)
[2022.01.17-19.28.41:130][916]LogModuleManager: Shutting down and abandoning module SkeletalMeshReduction (175)
[2022.01.17-19.28.41:130][916]LogModuleManager: Shutting down and abandoning module ProxyLODMeshReduction (173)
[2022.01.17-19.28.41:130][916]LogModuleManager: Shutting down and abandoning module QuadricMeshReduction (171)
[2022.01.17-19.28.41:130][916]LogModuleManager: Shutting down and abandoning module MaterialBaking (167)
[2022.01.17-19.28.41:130][916]LogModuleManager: Shutting down and abandoning module NullInstallBundleManager (162)
[2022.01.17-19.28.41:130][916]LogModuleManager: Shutting down and abandoning module PIEPreviewDeviceProfileSelector (160)
[2022.01.17-19.28.41:130][916]LogModuleManager: Shutting down and abandoning module DerivedDataCache (158)
[2022.01.17-19.28.41:131][916]LogModuleManager: Shutting down and abandoning module TargetPlatform (156)
[2022.01.17-19.28.41:131][916]LogModuleManager: Shutting down and abandoning module VulkanShaderFormat (155)
[2022.01.17-19.28.41:131][916]LogModuleManager: Shutting down and abandoning module ShaderFormatVectorVM (153)
[2022.01.17-19.28.41:131][916]LogModuleManager: Shutting down and abandoning module ShaderFormatOpenGL (151)
[2022.01.17-19.28.41:131][916]LogModuleManager: Shutting down and abandoning module ShaderFormatD3D (149)
[2022.01.17-19.28.41:131][916]LogModuleManager: Shutting down and abandoning module MetalShaderFormat (147)
[2022.01.17-19.28.41:131][916]LogModuleManager: Shutting down and abandoning module TextureFormatOodle (145)
[2022.01.17-19.28.41:131][916]LogModuleManager: Shutting down and abandoning module TextureFormatUncompressed (143)
[2022.01.17-19.28.41:131][916]LogModuleManager: Shutting down and abandoning module TextureFormatPVR (141)
[2022.01.17-19.28.41:131][916]LogModuleManager: Shutting down and abandoning module TextureFormatETC2 (139)
[2022.01.17-19.28.41:131][916]LogModuleManager: Shutting down and abandoning module TextureFormatDXT (137)
[2022.01.17-19.28.41:131][916]LogModuleManager: Shutting down and abandoning module TextureFormatIntelISPCTexComp (135)
[2022.01.17-19.28.41:131][916]LogModuleManager: Shutting down and abandoning module TextureFormatASTC (133)
[2022.01.17-19.28.41:131][916]LogModuleManager: Shutting down and abandoning module ImageWrapper (132)
[2022.01.17-19.28.41:131][916]LogModuleManager: Shutting down and abandoning module AudioFormatOpus (129)
[2022.01.17-19.28.41:131][916]LogModuleManager: Shutting down and abandoning module AudioFormatOgg (127)
[2022.01.17-19.28.41:131][916]LogModuleManager: Shutting down and abandoning module AudioFormatADPCM (125)
[2022.01.17-19.28.41:131][916]LogModuleManager: Shutting down and abandoning module WindowsServerTargetPlatform (123)
[2022.01.17-19.28.41:131][916]LogModuleManager: Shutting down and abandoning module WindowsClientTargetPlatform (121)
[2022.01.17-19.28.41:131][916]LogModuleManager: Shutting down and abandoning module WindowsTargetPlatform (119)
[2022.01.17-19.28.41:131][916]LogModuleManager: Shutting down and abandoning module WindowsNoEditorTargetPlatform (117)
[2022.01.17-19.28.41:131][916]LogModuleManager: Shutting down and abandoning module D3D11RHI (114)
[2022.01.17-19.28.41:131][916]LogModuleManager: Shutting down and abandoning module InputCore (112)
[2022.01.17-19.28.41:131][916]LogModuleManager: Shutting down and abandoning module Settings (110)
[2022.01.17-19.28.41:131][916]LogModuleManager: Shutting down and abandoning module PhysXCooking (108)
[2022.01.17-19.28.41:131][916]LogModuleManager: Shutting down and abandoning module Chaos (106)
[2022.01.17-19.28.41:131][916]LogModuleManager: Shutting down and abandoning module WindowsPlatformFeatures (104)
[2022.01.17-19.28.41:131][916]LogModuleManager: Shutting down and abandoning module GameplayMediaEncoder (103)
[2022.01.17-19.28.41:131][916]LogModuleManager: Shutting down and abandoning module AVEncoder (102)
[2022.01.17-19.28.41:131][916]LogModuleManager: Shutting down and abandoning module VariantManagerContent (98)
[2022.01.17-19.28.41:131][916]LogModuleManager: Shutting down and abandoning module DatasmithContent (96)
[2022.01.17-19.28.41:131][916]LogModuleManager: Shutting down and abandoning module ExampleDeviceProfileSelector (94)
[2022.01.17-19.28.41:131][916]LogModuleManager: Shutting down and abandoning module ChunkDownloader (92)
[2022.01.17-19.28.41:131][916]LogModuleManager: Shutting down and abandoning module LauncherChunkInstaller (90)
[2022.01.17-19.28.41:131][916]LogModuleManager: Shutting down and abandoning module OnlineBlueprintSupport (88)
[2022.01.17-19.28.41:131][916]LogModuleManager: Shutting down and abandoning module OnlineSubsystem (84)
[2022.01.17-19.28.41:132][916]LogModuleManager: Shutting down and abandoning module XMPP (79)
[2022.01.17-19.28.41:132][916]LogModuleManager: Shutting down and abandoning module WebSockets (78)
[2022.01.17-19.28.41:142][916]LogModuleManager: Shutting down and abandoning module HTTP (75)
[2022.01.17-19.28.41:142][916]LogHttp: Display: cleaning up 0 outstanding Http requests.
[2022.01.17-19.28.41:174][916]LogModuleManager: Shutting down and abandoning module SSL (74)
[2022.01.17-19.28.41:175][916]LogModuleManager: Shutting down and abandoning module WmfMedia (70)
[2022.01.17-19.28.41:176][916]LogModuleManager: Shutting down and abandoning module Media (69)
[2022.01.17-19.28.41:176][916]LogModuleManager: Shutting down and abandoning module MediaInfo (68)
[2022.01.17-19.28.41:176][916]LogModuleManager: Shutting down and abandoning module MLSDK (64)
[2022.01.17-19.28.41:176][916]LogModuleManager: Shutting down and abandoning module ExrReaderGpu (62)
[2022.01.17-19.28.41:176][916]LogModuleManager: Shutting down and abandoning module MagicLeap (60)
[2022.01.17-19.28.41:176][916]LogModuleManager: Shutting down and abandoning module ChaosCloth (58)
[2022.01.17-19.28.41:176][916]LogModuleManager: Shutting down and abandoning module PixWinPlugin (56)
[2022.01.17-19.28.41:176][916]LogModuleManager: Shutting down and abandoning module NiagaraVertexFactories (54)
[2022.01.17-19.28.41:176][916]LogModuleManager: Shutting down and abandoning module NiagaraShader (52)
[2022.01.17-19.28.41:176][916]LogModuleManager: Shutting down and abandoning module AISupportModule (50)
[2022.01.17-19.28.41:176][916]LogModuleManager: Shutting down and abandoning module DesktopPlatform (48)
[2022.01.17-19.28.41:176][916]LogModuleManager: Shutting down and abandoning module PythonScriptPluginPreload (46)
[2022.01.17-19.28.41:176][916]LogModuleManager: Shutting down and abandoning module PlatformCryptoOpenSSL (44)
[2022.01.17-19.28.41:176][916]LogModuleManager: Shutting down and abandoning module PlatformCryptoTypes (42)
[2022.01.17-19.28.41:176][916]LogModuleManager: Shutting down and abandoning module PlatformCrypto (40)
[2022.01.17-19.28.41:176][916]LogModuleManager: Shutting down and abandoning module OodleDataCompressionFormat (38)
[2022.01.17-19.28.41:176][916]LogModuleManager: Shutting down and abandoning module XGEController (36)
[2022.01.17-19.28.41:176][916]LogModuleManager: Shutting down and abandoning module AnimationModifiers (34)
[2022.01.17-19.28.41:176][916]LogModuleManager: Shutting down and abandoning module AudioEditor (32)
[2022.01.17-19.28.41:176][916]LogModuleManager: Shutting down and abandoning module PropertyEditor (31)
[2022.01.17-19.28.41:176][916]LogModuleManager: Shutting down and abandoning module TextureCompressor (28)
[2022.01.17-19.28.41:176][916]LogModuleManager: Shutting down and abandoning module RenderCore (26)
[2022.01.17-19.28.41:176][916]LogModuleManager: Shutting down and abandoning module Landscape (24)
[2022.01.17-19.28.41:177][916]LogModuleManager: Shutting down and abandoning module SlateRHIRenderer (22)
[2022.01.17-19.28.41:177][916]LogModuleManager: Shutting down and abandoning module AnimGraphRuntime (20)
[2022.01.17-19.28.41:177][916]LogModuleManager: Shutting down and abandoning module Renderer (18)
[2022.01.17-19.28.41:177][916]LogModuleManager: Shutting down and abandoning module Engine (16)
[2022.01.17-19.28.41:177][916]LogModuleManager: Shutting down and abandoning module CoreUObject (14)
[2022.01.17-19.28.41:177][916]LogModuleManager: Shutting down and abandoning module NetworkFile (12)
[2022.01.17-19.28.41:177][916]LogModuleManager: Shutting down and abandoning module CookedIterativeFile (10)
[2022.01.17-19.28.41:177][916]LogModuleManager: Shutting down and abandoning module StreamingFile (8)
[2022.01.17-19.28.41:177][916]LogModuleManager: Shutting down and abandoning module SandboxFile (6)
[2022.01.17-19.28.41:177][916]LogModuleManager: Shutting down and abandoning module PakFile (4)
[2022.01.17-19.28.41:177][916]LogModuleManager: Shutting down and abandoning module RSA (3)
[2022.01.17-19.28.41:227][916]LogContentStreaming: Display: There are 1 unreleased StreamingManagers
[2022.01.17-19.28.41:234][916]LogD3D11RHI: Shutdown
[2022.01.17-19.28.41:234][916]LogD3D11RHI: CleanupD3DDevice
[2022.01.17-19.28.41:235][916]LogExit: Exiting.
[2022.01.17-19.28.41:243][916]Log file closed, 01/17/22 20:28:41
